{"meta": {"format": 3, "version": "7.13.1", "timestamp": "2026-01-07T18:12:11.152200", "branch_coverage": true, "show_contexts": false}, "files": {"src/api/auth_routes.py": {"executed_lines": [20, 21, 22, 23, 24, 25, 26, 28, 29, 30, 31, 32, 34, 35, 36, 37, 38, 41, 42, 45, 52, 54, 55, 56, 57, 60, 62, 63, 64, 65, 66, 69, 71, 72, 73, 74, 75, 76, 77, 84, 86, 87, 88, 91, 93, 94, 95, 96, 97, 98, 100, 101, 102, 104, 106, 108, 110, 112, 115, 117, 118, 119, 122, 124, 125, 126, 127, 130, 132, 133, 134, 135, 136, 137, 138, 139, 140, 141, 142, 145, 147, 150, 152, 153, 155, 156, 157, 159, 161, 163, 165, 167, 174, 176, 177, 178, 182, 185, 187, 188, 189, 193, 196, 198, 199, 202, 207, 214, 257, 259, 261, 262, 268, 271, 272, 273, 276, 285, 292, 295, 296, 303, 304, 312, 313, 320, 321, 324, 326, 327, 328, 329, 330, 335, 337, 338, 344, 345, 367, 381, 383, 394, 397, 399, 410, 417, 427, 429, 430, 431, 434, 438, 441, 442, 443, 446, 449, 450, 453, 458, 464, 467, 468, 469, 472, 482, 487, 489, 491, 497, 499, 500, 501, 502, 504, 505, 506, 507, 508, 514, 517, 518, 529, 535, 536, 537, 538, 541, 542, 549, 550, 564, 565, 566, 569, 570, 577, 578, 581, 583, 584, 585, 596, 598, 599, 607, 608, 609, 610, 614, 615, 623, 624, 625, 626, 629, 632, 633, 646, 649, 661, 663, 682, 683, 765, 766, 784, 785, 811, 812, 855, 856, 900, 901, 908, 910, 918, 920, 921, 923, 932, 935, 936, 945, 947, 948, 953, 956, 963, 964, 972, 979, 980, 1016, 1017, 1057, 1058, 1096, 1097, 1121, 1122], "summary": {"covered_lines": 261, "num_statements": 418, "percent_covered": 57.52895752895753, "percent_covered_display": "58", "missing_lines": 157, "excluded_lines": 0, "percent_statements_covered": 62.44019138755981, "percent_statements_covered_display": "62", "num_branches": 100, "num_partial_branches": 21, "covered_branches": 37, "missing_branches": 63, "percent_branches_covered": 37.0, "percent_branches_covered_display": "37"}, "missing_lines": [105, 107, 109, 111, 160, 162, 164, 166, 201, 203, 232, 234, 235, 237, 238, 239, 241, 249, 252, 254, 267, 269, 270, 286, 297, 305, 314, 351, 372, 373, 375, 376, 377, 378, 387, 388, 389, 393, 403, 404, 405, 409, 509, 511, 512, 531, 533, 571, 589, 590, 591, 594, 687, 688, 689, 692, 694, 695, 701, 702, 708, 710, 712, 713, 715, 721, 722, 728, 729, 732, 733, 736, 737, 744, 746, 774, 775, 777, 779, 781, 792, 793, 794, 796, 820, 821, 823, 825, 826, 828, 829, 834, 835, 837, 838, 840, 864, 865, 868, 873, 874, 880, 881, 887, 890, 893, 895, 897, 989, 990, 992, 994, 995, 996, 998, 1026, 1027, 1029, 1030, 1033, 1034, 1035, 1038, 1039, 1045, 1046, 1049, 1050, 1052, 1054, 1067, 1069, 1070, 1073, 1074, 1075, 1078, 1079, 1080, 1085, 1087, 1089, 1104, 1106, 1107, 1108, 1110, 1131, 1132, 1134, 1137, 1138, 1139, 1145, 1146, 1154, 1156], "excluded_lines": [], "executed_branches": [[104, 106], [106, 108], [108, 110], [110, 112], [159, 161], [161, 163], [163, 165], [165, 167], [177, 178], [177, 182], [188, 189], [188, 193], [199, 202], [202, 207], [285, 292], [296, 303], [304, 312], [313, 320], [337, 338], [337, 344], [344, 345], [441, 442], [441, 449], [489, 491], [500, 501], [505, 506], [514, 517], [570, 577], [581, 583], [581, 596], [584, 585], [596, 598], [596, 614], [920, 921], [920, 923], [947, 948], [947, 953]], "missing_branches": [[104, 105], [106, 107], [108, 109], [110, 111], [159, 160], [161, 162], [163, 164], [165, 166], [199, 201], [202, 203], [234, 235], [234, 237], [285, 286], [296, 297], [304, 305], [313, 314], [344, 351], [372, 373], [372, 375], [388, 389], [388, 393], [404, 405], [404, 409], [489, 533], [500, 514], [505, 500], [514, 531], [570, 571], [584, 589], [694, 695], [694, 701], [701, 702], [701, 708], [708, 710], [708, 721], [712, 713], [712, 715], [721, 722], [721, 728], [825, 826], [825, 828], [828, 829], [828, 837], [834, 835], [834, 837], [873, 874], [873, 880], [880, 881], [880, 887], [1034, 1035], [1034, 1038], [1038, 1039], [1038, 1045], [1049, 1050], [1049, 1052], [1074, 1075], [1074, 1078], [1079, 1080], [1079, 1085], [1107, 1108], [1107, 1110], [1138, 1139], [1138, 1145]], "functions": {"RegisterRequest.validate_password": {"executed_lines": [104, 106, 108, 110, 112], "summary": {"covered_lines": 5, "num_statements": 9, "percent_covered": 52.94117647058823, "percent_covered_display": "53", "missing_lines": 4, "excluded_lines": 0, "percent_statements_covered": 55.55555555555556, "percent_statements_covered_display": "56", "num_branches": 8, "num_partial_branches": 4, "covered_branches": 4, "missing_branches": 4, "percent_branches_covered": 50.0, "percent_branches_covered_display": "50"}, "missing_lines": [105, 107, 109, 111], "excluded_lines": [], "start_line": 102, "executed_branches": [[104, 106], [106, 108], [108, 110], [110, 112]], "missing_branches": [[104, 105], [106, 107], [108, 109], [110, 111]]}, "PasswordChangeRequest.validate_password": {"executed_lines": [159, 161, 163, 165, 167], "summary": {"covered_lines": 5, "num_statements": 9, "percent_covered": 52.94117647058823, "percent_covered_display": "53", "missing_lines": 4, "excluded_lines": 0, "percent_statements_covered": 55.55555555555556, "percent_statements_covered_display": "56", "num_branches": 8, "num_partial_branches": 4, "covered_branches": 4, "missing_branches": 4, "percent_branches_covered": 50.0, "percent_branches_covered_display": "50"}, "missing_lines": [160, 162, 164, 166], "excluded_lines": [], "start_line": 157, "executed_branches": [[159, 161], [161, 163], [163, 165], [165, 167]], "missing_branches": [[159, 160], [161, 162], [163, 164], [165, 166]]}, "get_user_repo": {"executed_lines": [176, 177, 178, 182], "summary": {"covered_lines": 4, "num_statements": 4, "percent_covered": 100.0, "percent_covered_display": "100", "missing_lines": 0, "excluded_lines": 0, "percent_statements_covered": 100.0, "percent_statements_covered_display": "100", "num_branches": 2, "num_partial_branches": 0, "covered_branches": 2, "missing_branches": 0, "percent_branches_covered": 100.0, "percent_branches_covered_display": "100"}, "missing_lines": [], "excluded_lines": [], "start_line": 174, "executed_branches": [[177, 178], [177, 182]], "missing_branches": []}, "get_org_repo": {"executed_lines": [187, 188, 189, 193], "summary": {"covered_lines": 4, "num_statements": 4, "percent_covered": 100.0, "percent_covered_display": "100", "missing_lines": 0, "excluded_lines": 0, "percent_statements_covered": 100.0, "percent_statements_covered_display": "100", "num_branches": 2, "num_partial_branches": 0, "covered_branches": 2, "missing_branches": 0, "percent_branches_covered": 100.0, "percent_branches_covered_display": "100"}, "missing_lines": [], "excluded_lines": [], "start_line": 185, "executed_branches": [[188, 189], [188, 193]], "missing_branches": []}, "get_token_store_from_request": {"executed_lines": [198, 199, 202, 207], "summary": {"covered_lines": 4, "num_statements": 6, "percent_covered": 60.0, "percent_covered_display": "60", "missing_lines": 2, "excluded_lines": 0, "percent_statements_covered": 66.66666666666667, "percent_statements_covered_display": "67", "num_branches": 4, "num_partial_branches": 2, "covered_branches": 2, "missing_branches": 2, "percent_branches_covered": 50.0, "percent_branches_covered_display": "50"}, "missing_lines": [201, 203], "excluded_lines": [], "start_line": 196, "executed_branches": [[199, 202], [202, 207]], "missing_branches": [[199, 201], [202, 203]]}, "create_access_token": {"executed_lines": [], "summary": {"covered_lines": 0, "num_statements": 10, "percent_covered": 0.0, "percent_covered_display": "0", "missing_lines": 10, "excluded_lines": 0, "percent_statements_covered": 0.0, "percent_statements_covered_display": "0", "num_branches": 2, "num_partial_branches": 0, "covered_branches": 0, "missing_branches": 2, "percent_branches_covered": 0.0, "percent_branches_covered_display": "0"}, "missing_lines": [232, 234, 235, 237, 238, 239, 241, 249, 252, 254], "excluded_lines": [], "start_line": 214, "executed_branches": [], "missing_branches": [[234, 235], [234, 237]]}, "decode_token": {"executed_lines": [259, 261, 262, 268, 271, 272, 273], "summary": {"covered_lines": 7, "num_statements": 10, "percent_covered": 70.0, "percent_covered_display": "70", "missing_lines": 3, "excluded_lines": 0, "percent_statements_covered": 70.0, "percent_statements_covered_display": "70", "num_branches": 0, "num_partial_branches": 0, "covered_branches": 0, "missing_branches": 0, "percent_branches_covered": 100.0, "percent_branches_covered_display": "100"}, "missing_lines": [267, 269, 270], "excluded_lines": [], "start_line": 257, "executed_branches": [], "missing_branches": []}, "get_current_user": {"executed_lines": [285, 292, 295, 296, 303, 304, 312, 313, 320, 321, 324, 326, 327, 328, 329, 330, 335, 337, 338, 344, 345], "summary": {"covered_lines": 21, "num_statements": 26, "percent_covered": 73.6842105263158, "percent_covered_display": "74", "missing_lines": 5, "excluded_lines": 0, "percent_statements_covered": 80.76923076923077, "percent_statements_covered_display": "81", "num_branches": 12, "num_partial_branches": 5, "covered_branches": 7, "missing_branches": 5, "percent_branches_covered": 58.333333333333336, "percent_branches_covered_display": "58"}, "missing_lines": [286, 297, 305, 314, 351], "excluded_lines": [], "start_line": 276, "executed_branches": [[285, 292], [296, 303], [304, 312], [313, 320], [337, 338], [337, 344], [344, 345]], "missing_branches": [[285, 286], [296, 297], [304, 305], [313, 314], [344, 351]]}, "get_optional_user": {"executed_lines": [], "summary": {"covered_lines": 0, "num_statements": 6, "percent_covered": 0.0, "percent_covered_display": "0", "missing_lines": 6, "excluded_lines": 0, "percent_statements_covered": 0.0, "percent_statements_covered_display": "0", "num_branches": 2, "num_partial_branches": 0, "covered_branches": 0, "missing_branches": 2, "percent_branches_covered": 0.0, "percent_branches_covered_display": "0"}, "missing_lines": [372, 373, 375, 376, 377, 378], "excluded_lines": [], "start_line": 367, "executed_branches": [], "missing_branches": [[372, 373], [372, 375]]}, "require_role": {"executed_lines": [383, 394], "summary": {"covered_lines": 2, "num_statements": 2, "percent_covered": 100.0, "percent_covered_display": "100", "missing_lines": 0, "excluded_lines": 0, "percent_statements_covered": 100.0, "percent_statements_covered_display": "100", "num_branches": 0, "num_partial_branches": 0, "covered_branches": 0, "missing_branches": 0, "percent_branches_covered": 100.0, "percent_branches_covered_display": "100"}, "missing_lines": [], "excluded_lines": [], "start_line": 381, "executed_branches": [], "missing_branches": []}, "require_role.role_checker": {"executed_lines": [], "summary": {"covered_lines": 0, "num_statements": 4, "percent_covered": 0.0, "percent_covered_display": "0", "missing_lines": 4, "excluded_lines": 0, "percent_statements_covered": 0.0, "percent_statements_covered_display": "0", "num_branches": 2, "num_partial_branches": 0, "covered_branches": 0, "missing_branches": 2, "percent_branches_covered": 0.0, "percent_branches_covered_display": "0"}, "missing_lines": [387, 388, 389, 393], "excluded_lines": [], "start_line": 383, "executed_branches": [], "missing_branches": [[388, 389], [388, 393]]}, "require_org_owner": {"executed_lines": [399, 410], "summary": {"covered_lines": 2, "num_statements": 2, "percent_covered": 100.0, "percent_covered_display": "100", "missing_lines": 0, "excluded_lines": 0, "percent_statements_covered": 100.0, "percent_statements_covered_display": "100", "num_branches": 0, "num_partial_branches": 0, "covered_branches": 0, "missing_branches": 0, "percent_branches_covered": 100.0, "percent_branches_covered_display": "100"}, "missing_lines": [], "excluded_lines": [], "start_line": 397, "executed_branches": [], "missing_branches": []}, "require_org_owner.owner_checker": {"executed_lines": [], "summary": {"covered_lines": 0, "num_statements": 4, "percent_covered": 0.0, "percent_covered_display": "0", "missing_lines": 4, "excluded_lines": 0, "percent_statements_covered": 0.0, "percent_statements_covered_display": "0", "num_branches": 2, "num_partial_branches": 0, "covered_branches": 0, "missing_branches": 2, "percent_branches_covered": 0.0, "percent_branches_covered_display": "0"}, "missing_lines": [403, 404, 405, 409], "excluded_lines": [], "start_line": 399, "executed_branches": [], "missing_branches": [[404, 405], [404, 409]]}, "provision_user_vm": {"executed_lines": [427, 429, 430, 431, 434, 438, 441, 442, 443, 446, 449, 450, 453, 458, 464, 467, 468, 469, 472, 482, 487, 489, 491, 497, 499, 500, 501, 502, 504, 505, 506, 507, 508, 514, 517, 518, 529, 535, 536, 537, 538, 541, 542], "summary": {"covered_lines": 43, "num_statements": 48, "percent_covered": 84.48275862068965, "percent_covered_display": "84", "missing_lines": 5, "excluded_lines": 0, "percent_statements_covered": 89.58333333333333, "percent_statements_covered_display": "90", "num_branches": 10, "num_partial_branches": 4, "covered_branches": 6, "missing_branches": 4, "percent_branches_covered": 60.0, "percent_branches_covered_display": "60"}, "missing_lines": [509, 511, 512, 531, 533], "excluded_lines": [], "start_line": 417, "executed_branches": [[441, 442], [441, 449], [489, 491], [500, 501], [505, 506], [514, 517]], "missing_branches": [[489, 533], [500, 514], [505, 500], [514, 531]]}, "register": {"executed_lines": [564, 565, 566, 569, 570, 577, 578, 581, 583, 584, 585, 596, 598, 599, 607, 608, 609, 610, 614, 615, 623, 624, 625, 626, 629, 632, 633, 646, 649, 661, 663], "summary": {"covered_lines": 31, "num_statements": 36, "percent_covered": 84.0909090909091, "percent_covered_display": "84", "missing_lines": 5, "excluded_lines": 0, "percent_statements_covered": 86.11111111111111, "percent_statements_covered_display": "86", "num_branches": 8, "num_partial_branches": 2, "covered_branches": 6, "missing_branches": 2, "percent_branches_covered": 75.0, "percent_branches_covered_display": "75"}, "missing_lines": [571, 589, 590, 591, 594], "excluded_lines": [], "start_line": 550, "executed_branches": [[570, 577], [581, 583], [581, 596], [584, 585], [596, 598], [596, 614]], "missing_branches": [[570, 571], [584, 589]]}, "login": {"executed_lines": [], "summary": {"covered_lines": 0, "num_statements": 23, "percent_covered": 0.0, "percent_covered_display": "0", "missing_lines": 23, "excluded_lines": 0, "percent_statements_covered": 0.0, "percent_statements_covered_display": "0", "num_branches": 10, "num_partial_branches": 0, "covered_branches": 0, "missing_branches": 10, "percent_branches_covered": 0.0, "percent_branches_covered_display": "0"}, "missing_lines": [687, 688, 689, 692, 694, 695, 701, 702, 708, 710, 712, 713, 715, 721, 722, 728, 729, 732, 733, 736, 737, 744, 746], "excluded_lines": [], "start_line": 683, "executed_branches": [], "missing_branches": [[694, 695], [694, 701], [701, 702], [701, 708], [708, 710], [708, 721], [712, 713], [712, 715], [721, 722], [721, 728]]}, "logout": {"executed_lines": [], "summary": {"covered_lines": 0, "num_statements": 5, "percent_covered": 0.0, "percent_covered_display": "0", "missing_lines": 5, "excluded_lines": 0, "percent_statements_covered": 0.0, "percent_statements_covered_display": "0", "num_branches": 0, "num_partial_branches": 0, "covered_branches": 0, "missing_branches": 0, "percent_branches_covered": 100.0, "percent_branches_covered_display": "100"}, "missing_lines": [774, 775, 777, 779, 781], "excluded_lines": [], "start_line": 766, "executed_branches": [], "missing_branches": []}, "get_current_user_info": {"executed_lines": [], "summary": {"covered_lines": 0, "num_statements": 4, "percent_covered": 0.0, "percent_covered_display": "0", "missing_lines": 4, "excluded_lines": 0, "percent_statements_covered": 0.0, "percent_statements_covered_display": "0", "num_branches": 0, "num_partial_branches": 0, "covered_branches": 0, "missing_branches": 0, "percent_branches_covered": 100.0, "percent_branches_covered_display": "100"}, "missing_lines": [792, 793, 794, 796], "excluded_lines": [], "start_line": 785, "executed_branches": [], "missing_branches": []}, "update_profile": {"executed_lines": [], "summary": {"covered_lines": 0, "num_statements": 12, "percent_covered": 0.0, "percent_covered_display": "0", "missing_lines": 12, "excluded_lines": 0, "percent_statements_covered": 0.0, "percent_statements_covered_display": "0", "num_branches": 6, "num_partial_branches": 0, "covered_branches": 0, "missing_branches": 6, "percent_branches_covered": 0.0, "percent_branches_covered_display": "0"}, "missing_lines": [820, 821, 823, 825, 826, 828, 829, 834, 835, 837, 838, 840], "excluded_lines": [], "start_line": 812, "executed_branches": [], "missing_branches": [[825, 826], [825, 828], [828, 829], [828, 837], [834, 835], [834, 837]]}, "change_password": {"executed_lines": [], "summary": {"covered_lines": 0, "num_statements": 12, "percent_covered": 0.0, "percent_covered_display": "0", "missing_lines": 12, "excluded_lines": 0, "percent_statements_covered": 0.0, "percent_statements_covered_display": "0", "num_branches": 4, "num_partial_branches": 0, "covered_branches": 0, "missing_branches": 4, "percent_branches_covered": 0.0, "percent_branches_covered_display": "0"}, "missing_lines": [864, 865, 868, 873, 874, 880, 881, 887, 890, 893, 895, 897], "excluded_lines": [], "start_line": 856, "executed_branches": [], "missing_branches": [[873, 874], [873, 880], [880, 881], [880, 887]]}, "get_vm_status": {"executed_lines": [908, 910], "summary": {"covered_lines": 2, "num_statements": 2, "percent_covered": 100.0, "percent_covered_display": "100", "missing_lines": 0, "excluded_lines": 0, "percent_statements_covered": 100.0, "percent_statements_covered_display": "100", "num_branches": 0, "num_partial_branches": 0, "covered_branches": 0, "missing_branches": 0, "percent_branches_covered": 100.0, "percent_branches_covered_display": "100"}, "missing_lines": [], "excluded_lines": [], "start_line": 901, "executed_branches": [], "missing_branches": []}, "_get_vm_status_message": {"executed_lines": [920, 921, 923, 932], "summary": {"covered_lines": 4, "num_statements": 4, "percent_covered": 100.0, "percent_covered_display": "100", "missing_lines": 0, "excluded_lines": 0, "percent_statements_covered": 100.0, "percent_statements_covered_display": "100", "num_branches": 2, "num_partial_branches": 0, "covered_branches": 2, "missing_branches": 0, "percent_branches_covered": 100.0, "percent_branches_covered_display": "100"}, "missing_lines": [], "excluded_lines": [], "start_line": 918, "executed_branches": [[920, 921], [920, 923]], "missing_branches": []}, "reprovision_vm": {"executed_lines": [945, 947, 948, 953, 956, 963, 964, 972], "summary": {"covered_lines": 8, "num_statements": 8, "percent_covered": 100.0, "percent_covered_display": "100", "missing_lines": 0, "excluded_lines": 0, "percent_statements_covered": 100.0, "percent_statements_covered_display": "100", "num_branches": 2, "num_partial_branches": 0, "covered_branches": 2, "missing_branches": 0, "percent_branches_covered": 100.0, "percent_branches_covered_display": "100"}, "missing_lines": [], "excluded_lines": [], "start_line": 936, "executed_branches": [[947, 948], [947, 953]], "missing_branches": []}, "list_organization_users": {"executed_lines": [], "summary": {"covered_lines": 0, "num_statements": 7, "percent_covered": 0.0, "percent_covered_display": "0", "missing_lines": 7, "excluded_lines": 0, "percent_statements_covered": 0.0, "percent_statements_covered_display": "0", "num_branches": 0, "num_partial_branches": 0, "covered_branches": 0, "missing_branches": 0, "percent_branches_covered": 100.0, "percent_branches_covered_display": "100"}, "missing_lines": [989, 990, 992, 994, 995, 996, 998], "excluded_lines": [], "start_line": 980, "executed_branches": [], "missing_branches": []}, "update_user_status": {"executed_lines": [], "summary": {"covered_lines": 0, "num_statements": 15, "percent_covered": 0.0, "percent_covered_display": "0", "missing_lines": 15, "excluded_lines": 0, "percent_statements_covered": 0.0, "percent_statements_covered_display": "0", "num_branches": 6, "num_partial_branches": 0, "covered_branches": 0, "missing_branches": 6, "percent_branches_covered": 0.0, "percent_branches_covered_display": "0"}, "missing_lines": [1026, 1027, 1029, 1030, 1033, 1034, 1035, 1038, 1039, 1045, 1046, 1049, 1050, 1052, 1054], "excluded_lines": [], "start_line": 1017, "executed_branches": [], "missing_branches": [[1034, 1035], [1034, 1038], [1038, 1039], [1038, 1045], [1049, 1050], [1049, 1052]]}, "update_user_role": {"executed_lines": [], "summary": {"covered_lines": 0, "num_statements": 12, "percent_covered": 0.0, "percent_covered_display": "0", "missing_lines": 12, "excluded_lines": 0, "percent_statements_covered": 0.0, "percent_statements_covered_display": "0", "num_branches": 4, "num_partial_branches": 0, "covered_branches": 0, "missing_branches": 4, "percent_branches_covered": 0.0, "percent_branches_covered_display": "0"}, "missing_lines": [1067, 1069, 1070, 1073, 1074, 1075, 1078, 1079, 1080, 1085, 1087, 1089], "excluded_lines": [], "start_line": 1058, "executed_branches": [], "missing_branches": [[1074, 1075], [1074, 1078], [1079, 1080], [1079, 1085]]}, "get_organization_info": {"executed_lines": [], "summary": {"covered_lines": 0, "num_statements": 5, "percent_covered": 0.0, "percent_covered_display": "0", "missing_lines": 5, "excluded_lines": 0, "percent_statements_covered": 0.0, "percent_statements_covered_display": "0", "num_branches": 2, "num_partial_branches": 0, "covered_branches": 0, "missing_branches": 2, "percent_branches_covered": 0.0, "percent_branches_covered_display": "0"}, "missing_lines": [1104, 1106, 1107, 1108, 1110], "excluded_lines": [], "start_line": 1097, "executed_branches": [], "missing_branches": [[1107, 1108], [1107, 1110]]}, "invite_user_to_organization": {"executed_lines": [], "summary": {"covered_lines": 0, "num_statements": 10, "percent_covered": 0.0, "percent_covered_display": "0", "missing_lines": 10, "excluded_lines": 0, "percent_statements_covered": 0.0, "percent_statements_covered_display": "0", "num_branches": 2, "num_partial_branches": 0, "covered_branches": 0, "missing_branches": 2, "percent_branches_covered": 0.0, "percent_branches_covered_display": "0"}, "missing_lines": [1131, 1132, 1134, 1137, 1138, 1139, 1145, 1146, 1154, 1156], "excluded_lines": [], "start_line": 1122, "executed_branches": [], "missing_branches": [[1138, 1139], [1138, 1145]]}, "": {"executed_lines": [20, 21, 22, 23, 24, 25, 26, 28, 29, 30, 31, 32, 34, 35, 36, 37, 38, 41, 42, 45, 52, 54, 55, 56, 57, 60, 62, 63, 64, 65, 66, 69, 71, 72, 73, 74, 75, 76, 77, 84, 86, 87, 88, 91, 93, 94, 95, 96, 97, 98, 100, 101, 102, 115, 117, 118, 119, 122, 124, 125, 126, 127, 130, 132, 133, 134, 135, 136, 137, 138, 139, 140, 141, 142, 145, 147, 150, 152, 153, 155, 156, 157, 174, 185, 196, 214, 257, 276, 367, 381, 397, 417, 549, 550, 682, 683, 765, 766, 784, 785, 811, 812, 855, 856, 900, 901, 918, 935, 936, 979, 980, 1016, 1017, 1057, 1058, 1096, 1097, 1121, 1122], "summary": {"covered_lines": 119, "num_statements": 119, "percent_covered": 100.0, "percent_covered_display": "100", "missing_lines": 0, "excluded_lines": 0, "percent_statements_covered": 100.0, "percent_statements_covered_display": "100", "num_branches": 0, "num_partial_branches": 0, "covered_branches": 0, "missing_branches": 0, "percent_branches_covered": 100.0, "percent_branches_covered_display": "100"}, "missing_lines": [], "excluded_lines": [], "start_line": 1, "executed_branches": [], "missing_branches": []}}, "classes": {"UserRole": {"executed_lines": [], "summary": {"covered_lines": 0, "num_statements": 0, "percent_covered": 100.0, "percent_covered_display": "100", "missing_lines": 0, "excluded_lines": 0, "percent_statements_covered": 100.0, "percent_statements_covered_display": "100", "num_branches": 0, "num_partial_branches": 0, "covered_branches": 0, "missing_branches": 0, "percent_branches_covered": 100.0, "percent_branches_covered_display": "100"}, "missing_lines": [], "excluded_lines": [], "start_line": 52, "executed_branches": [], "missing_branches": []}, "UserStatus": {"executed_lines": [], "summary": {"covered_lines": 0, "num_statements": 0, "percent_covered": 100.0, "percent_covered_display": "100", "missing_lines": 0, "excluded_lines": 0, "percent_statements_covered": 100.0, "percent_statements_covered_display": "100", "num_branches": 0, "num_partial_branches": 0, "covered_branches": 0, "missing_branches": 0, "percent_branches_covered": 100.0, "percent_branches_covered_display": "100"}, "missing_lines": [], "excluded_lines": [], "start_line": 60, "executed_branches": [], "missing_branches": []}, "VMProvisionStatus": {"executed_lines": [], "summary": {"covered_lines": 0, "num_statements": 0, "percent_covered": 100.0, "percent_covered_display": "100", "missing_lines": 0, "excluded_lines": 0, "percent_statements_covered": 100.0, "percent_statements_covered_display": "100", "num_branches": 0, "num_partial_branches": 0, "covered_branches": 0, "missing_branches": 0, "percent_branches_covered": 100.0, "percent_branches_covered_display": "100"}, "missing_lines": [], "excluded_lines": [], "start_line": 69, "executed_branches": [], "missing_branches": []}, "VMConfiguration": {"executed_lines": [], "summary": {"covered_lines": 0, "num_statements": 0, "percent_covered": 100.0, "percent_covered_display": "100", "missing_lines": 0, "excluded_lines": 0, "percent_statements_covered": 100.0, "percent_statements_covered_display": "100", "num_branches": 0, "num_partial_branches": 0, "covered_branches": 0, "missing_branches": 0, "percent_branches_covered": 100.0, "percent_branches_covered_display": "100"}, "missing_lines": [], "excluded_lines": [], "start_line": 84, "executed_branches": [], "missing_branches": []}, "RegisterRequest": {"executed_lines": [104, 106, 108, 110, 112], "summary": {"covered_lines": 5, "num_statements": 9, "percent_covered": 52.94117647058823, "percent_covered_display": "53", "missing_lines": 4, "excluded_lines": 0, "percent_statements_covered": 55.55555555555556, "percent_statements_covered_display": "56", "num_branches": 8, "num_partial_branches": 4, "covered_branches": 4, "missing_branches": 4, "percent_branches_covered": 50.0, "percent_branches_covered_display": "50"}, "missing_lines": [105, 107, 109, 111], "excluded_lines": [], "start_line": 91, "executed_branches": [[104, 106], [106, 108], [108, 110], [110, 112]], "missing_branches": [[104, 105], [106, 107], [108, 109], [110, 111]]}, "LoginRequest": {"executed_lines": [], "summary": {"covered_lines": 0, "num_statements": 0, "percent_covered": 100.0, "percent_covered_display": "100", "missing_lines": 0, "excluded_lines": 0, "percent_statements_covered": 100.0, "percent_statements_covered_display": "100", "num_branches": 0, "num_partial_branches": 0, "covered_branches": 0, "missing_branches": 0, "percent_branches_covered": 100.0, "percent_branches_covered_display": "100"}, "missing_lines": [], "excluded_lines": [], "start_line": 115, "executed_branches": [], "missing_branches": []}, "TokenResponse": {"executed_lines": [], "summary": {"covered_lines": 0, "num_statements": 0, "percent_covered": 100.0, "percent_covered_display": "100", "missing_lines": 0, "excluded_lines": 0, "percent_statements_covered": 100.0, "percent_statements_covered_display": "100", "num_branches": 0, "num_partial_branches": 0, "covered_branches": 0, "missing_branches": 0, "percent_branches_covered": 100.0, "percent_branches_covered_display": "100"}, "missing_lines": [], "excluded_lines": [], "start_line": 122, "executed_branches": [], "missing_branches": []}, "UserResponse": {"executed_lines": [], "summary": {"covered_lines": 0, "num_statements": 0, "percent_covered": 100.0, "percent_covered_display": "100", "missing_lines": 0, "excluded_lines": 0, "percent_statements_covered": 100.0, "percent_statements_covered_display": "100", "num_branches": 0, "num_partial_branches": 0, "covered_branches": 0, "missing_branches": 0, "percent_branches_covered": 100.0, "percent_branches_covered_display": "100"}, "missing_lines": [], "excluded_lines": [], "start_line": 130, "executed_branches": [], "missing_branches": []}, "UserProfileUpdate": {"executed_lines": [], "summary": {"covered_lines": 0, "num_statements": 0, "percent_covered": 100.0, "percent_covered_display": "100", "missing_lines": 0, "excluded_lines": 0, "percent_statements_covered": 100.0, "percent_statements_covered_display": "100", "num_branches": 0, "num_partial_branches": 0, "covered_branches": 0, "missing_branches": 0, "percent_branches_covered": 100.0, "percent_branches_covered_display": "100"}, "missing_lines": [], "excluded_lines": [], "start_line": 145, "executed_branches": [], "missing_branches": []}, "PasswordChangeRequest": {"executed_lines": [159, 161, 163, 165, 167], "summary": {"covered_lines": 5, "num_statements": 9, "percent_covered": 52.94117647058823, "percent_covered_display": "53", "missing_lines": 4, "excluded_lines": 0, "percent_statements_covered": 55.55555555555556, "percent_statements_covered_display": "56", "num_branches": 8, "num_partial_branches": 4, "covered_branches": 4, "missing_branches": 4, "percent_branches_covered": 50.0, "percent_branches_covered_display": "50"}, "missing_lines": [160, 162, 164, 166], "excluded_lines": [], "start_line": 150, "executed_branches": [[159, 161], [161, 163], [163, 165], [165, 167]], "missing_branches": [[159, 160], [161, 162], [163, 164], [165, 166]]}, "": {"executed_lines": [20, 21, 22, 23, 24, 25, 26, 28, 29, 30, 31, 32, 34, 35, 36, 37, 38, 41, 42, 45, 52, 54, 55, 56, 57, 60, 62, 63, 64, 65, 66, 69, 71, 72, 73, 74, 75, 76, 77, 84, 86, 87, 88, 91, 93, 94, 95, 96, 97, 98, 100, 101, 102, 115, 117, 118, 119, 122, 124, 125, 126, 127, 130, 132, 133, 134, 135, 136, 137, 138, 139, 140, 141, 142, 145, 147, 150, 152, 153, 155, 156, 157, 174, 176, 177, 178, 182, 185, 187, 188, 189, 193, 196, 198, 199, 202, 207, 214, 257, 259, 261, 262, 268, 271, 272, 273, 276, 285, 292, 295, 296, 303, 304, 312, 313, 320, 321, 324, 326, 327, 328, 329, 330, 335, 337, 338, 344, 345, 367, 381, 383, 394, 397, 399, 410, 417, 427, 429, 430, 431, 434, 438, 441, 442, 443, 446, 449, 450, 453, 458, 464, 467, 468, 469, 472, 482, 487, 489, 491, 497, 499, 500, 501, 502, 504, 505, 506, 507, 508, 514, 517, 518, 529, 535, 536, 537, 538, 541, 542, 549, 550, 564, 565, 566, 569, 570, 577, 578, 581, 583, 584, 585, 596, 598, 599, 607, 608, 609, 610, 614, 615, 623, 624, 625, 626, 629, 632, 633, 646, 649, 661, 663, 682, 683, 765, 766, 784, 785, 811, 812, 855, 856, 900, 901, 908, 910, 918, 920, 921, 923, 932, 935, 936, 945, 947, 948, 953, 956, 963, 964, 972, 979, 980, 1016, 1017, 1057, 1058, 1096, 1097, 1121, 1122], "summary": {"covered_lines": 251, "num_statements": 400, "percent_covered": 57.85123966942149, "percent_covered_display": "58", "missing_lines": 149, "excluded_lines": 0, "percent_statements_covered": 62.75, "percent_statements_covered_display": "63", "num_branches": 84, "num_partial_branches": 13, "covered_branches": 29, "missing_branches": 55, "percent_branches_covered": 34.523809523809526, "percent_branches_covered_display": "35"}, "missing_lines": [201, 203, 232, 234, 235, 237, 238, 239, 241, 249, 252, 254, 267, 269, 270, 286, 297, 305, 314, 351, 372, 373, 375, 376, 377, 378, 387, 388, 389, 393, 403, 404, 405, 409, 509, 511, 512, 531, 533, 571, 589, 590, 591, 594, 687, 688, 689, 692, 694, 695, 701, 702, 708, 710, 712, 713, 715, 721, 722, 728, 729, 732, 733, 736, 737, 744, 746, 774, 775, 777, 779, 781, 792, 793, 794, 796, 820, 821, 823, 825, 826, 828, 829, 834, 835, 837, 838, 840, 864, 865, 868, 873, 874, 880, 881, 887, 890, 893, 895, 897, 989, 990, 992, 994, 995, 996, 998, 1026, 1027, 1029, 1030, 1033, 1034, 1035, 1038, 1039, 1045, 1046, 1049, 1050, 1052, 1054, 1067, 1069, 1070, 1073, 1074, 1075, 1078, 1079, 1080, 1085, 1087, 1089, 1104, 1106, 1107, 1108, 1110, 1131, 1132, 1134, 1137, 1138, 1139, 1145, 1146, 1154, 1156], "excluded_lines": [], "start_line": 1, "executed_branches": [[177, 178], [177, 182], [188, 189], [188, 193], [199, 202], [202, 207], [285, 292], [296, 303], [304, 312], [313, 320], [337, 338], [337, 344], [344, 345], [441, 442], [441, 449], [489, 491], [500, 501], [505, 506], [514, 517], [570, 577], [581, 583], [581, 596], [584, 585], [596, 598], [596, 614], [920, 921], [920, 923], [947, 948], [947, 953]], "missing_branches": [[199, 201], [202, 203], [234, 235], [234, 237], [285, 286], [296, 297], [304, 305], [313, 314], [344, 351], [372, 373], [372, 375], [388, 389], [388, 393], [404, 405], [404, 409], [489, 533], [500, 514], [505, 500], [514, 531], [570, 571], [584, 589], [694, 695], [694, 701], [701, 702], [701, 708], [708, 710], [708, 721], [712, 713], [712, 715], [721, 722], [721, 728], [825, 826], [825, 828], [828, 829], [828, 837], [834, 835], [834, 837], [873, 874], [873, 880], [880, 881], [880, 887], [1034, 1035], [1034, 1038], [1038, 1039], [1038, 1045], [1049, 1050], [1049, 1052], [1074, 1075], [1074, 1078], [1079, 1080], [1079, 1085], [1107, 1108], [1107, 1110], [1138, 1139], [1138, 1145]]}}}, "src/controller/mission.py": {"executed_lines": [6, 7, 8, 9, 12, 14, 15, 25, 26, 27, 32, 33, 34, 35, 36, 41, 44, 62, 76, 77, 80, 83, 86, 87, 90, 96, 97, 100, 103, 104, 105, 108, 111, 118, 124, 127, 130, 135, 140, 141, 144, 152, 161, 178, 181, 182, 185, 190, 191, 192, 195, 207, 210, 219, 220, 222, 232, 235, 236, 237, 238, 241, 242, 243, 244, 247, 250, 251, 252, 253, 255, 256, 259, 266, 267, 270, 271, 274, 280, 283, 284, 287, 288, 289, 290, 292, 293, 295, 305, 307, 308, 311, 312, 313, 316, 319, 321, 322, 324, 325, 327, 337, 339, 340, 343, 344, 345, 348, 351, 353, 354, 356, 357, 359, 369, 371, 372, 373, 374, 377, 380, 386, 389, 390, 393, 400, 401, 404, 405, 407, 408, 414, 426, 429, 430, 431, 432, 433, 435, 436, 437, 442, 464, 467, 470, 473, 476, 478, 505, 515, 518, 521, 526, 527, 531, 532, 533, 535, 562, 581, 612, 614, 621, 622, 623, 625, 631, 632, 634, 635, 636, 638, 639, 661, 667, 669, 671, 678, 679, 685, 687, 688, 689, 690, 692, 694, 695, 696, 698, 700, 701, 702, 704, 706, 707, 710, 711, 713, 714, 715, 716, 719, 722, 723, 724, 730, 742, 744, 745, 746, 747, 749, 751, 752, 753, 755, 757, 768, 770, 772, 773, 775, 776, 778, 779, 827, 828, 834, 845, 849, 850, 851, 852, 853, 855, 861, 875, 895, 896, 898, 901, 904, 905, 906, 908, 909, 912, 914, 915, 918, 933, 934, 936, 938, 940, 961, 964, 965, 966, 969, 970, 971, 972, 973, 975, 976, 977, 980, 985, 986, 987, 990, 991, 994, 995, 1002, 1003, 1006, 1008, 1009, 1012, 1019, 1020, 1023, 1026, 1027, 1029, 1031, 1033, 1056, 1059, 1060, 1061, 1064, 1065, 1066, 1067, 1068, 1070, 1071, 1072, 1075, 1080, 1081, 1082, 1083, 1086, 1087, 1090, 1091, 1099, 1100, 1103, 1111, 1112, 1115, 1116, 1119, 1121, 1122, 1124, 1126, 1128, 1130, 1142, 1143, 1146, 1147, 1148, 1149, 1152, 1153, 1154, 1155, 1156, 1157, 1159, 1160, 1164, 1166, 1168, 1169, 1171, 1184, 1194, 1195, 1196, 1206, 1229, 1266, 1290, 1293, 1294, 1298, 1307, 1308, 1309, 1312, 1313, 1314, 1319, 1328, 1330, 1331, 1336, 1338, 1339, 1342, 1343, 1348, 1356, 1357, 1364, 1365, 1366, 1374, 1380, 1382, 1430, 1440, 1441, 1442, 1449, 1450, 1452, 1453, 1456, 1457, 1471, 1511, 1567, 1578, 1582, 1586, 1595, 1615, 1617, 1618, 1628, 1642, 1643, 1646, 1653, 1654, 1655, 1661, 1662, 1664, 1666, 1667, 1669, 1671, 1673, 1675, 1680, 1681, 1684, 1685, 1686, 1688, 1689, 1690, 1691, 1692, 1693, 1694, 1699, 1700, 1703, 1704, 1706, 1713, 1721, 1722, 1723, 1724, 1725, 1726, 1731, 1732, 1735, 1736, 1739, 1740, 1741, 1746, 1751, 1752, 1758, 1762, 1767, 1768, 1769, 1770, 1773, 1774, 1775, 1777, 1778, 1783, 1784, 1787, 1788, 1789, 1796, 1799, 1800, 1801, 1803, 1810, 1817, 1818, 1819, 1821, 1822, 1824, 1826, 1827, 1828, 1829, 1830, 1832, 1833, 1836, 1838, 1839, 1842, 1850, 1851, 1852, 1853, 1854, 1857, 1858, 1859, 1860, 1861, 1863, 1865, 1869, 1871, 1872, 1879, 1881, 1882, 1883, 1884, 1885, 1886, 1887, 1888, 1889, 1890, 1891, 1892, 1893, 1894, 1895, 1896, 1897, 1898, 1899, 1901, 1904, 1906, 1907, 1918, 1919, 1920, 1921, 1922, 1924, 1925, 1926, 1933, 1934, 1946, 1947, 1954, 1955, 1964, 1970, 1973, 1981, 1987, 1998, 1999, 2000, 2002, 2004, 2005, 2006, 2009, 2010, 2011, 2012, 2022, 2037, 2043, 2045, 2046, 2050, 2051, 2052, 2054, 2081], "summary": {"covered_lines": 566, "num_statements": 756, "percent_covered": 72.48995983935743, "percent_covered_display": "72", "missing_lines": 190, "excluded_lines": 0, "percent_statements_covered": 74.86772486772487, "percent_statements_covered_display": "75", "num_branches": 240, "num_partial_branches": 44, "covered_branches": 156, "missing_branches": 84, "percent_branches_covered": 65.0, "percent_branches_covered_display": "65"}, "missing_lines": [309, 341, 409, 410, 412, 536, 537, 538, 541, 544, 549, 550, 551, 552, 553, 554, 555, 556, 557, 558, 559, 560, 569, 570, 573, 574, 575, 576, 577, 579, 583, 586, 587, 588, 589, 592, 593, 594, 595, 596, 597, 598, 599, 600, 601, 602, 603, 604, 606, 642, 643, 644, 646, 648, 657, 658, 659, 780, 782, 783, 786, 787, 788, 790, 791, 792, 793, 794, 797, 798, 799, 801, 803, 807, 814, 818, 824, 825, 846, 867, 868, 869, 870, 871, 872, 873, 907, 981, 982, 1076, 1077, 1161, 1162, 1197, 1198, 1200, 1204, 1210, 1213, 1222, 1223, 1224, 1226, 1227, 1239, 1241, 1257, 1258, 1260, 1295, 1296, 1315, 1316, 1333, 1344, 1345, 1359, 1375, 1376, 1396, 1397, 1398, 1399, 1401, 1402, 1413, 1414, 1417, 1418, 1458, 1460, 1464, 1465, 1466, 1467, 1468, 1472, 1488, 1489, 1490, 1501, 1507, 1508, 1513, 1514, 1515, 1518, 1530, 1531, 1533, 1540, 1552, 1562, 1563, 1564, 1568, 1569, 1570, 1579, 1580, 1583, 1584, 1587, 1588, 1589, 1590, 1591, 1593, 1596, 1626, 1747, 1748, 1759, 1760, 1867, 1923, 1927, 1983, 1984, 1985, 2048, 2062, 2064, 2067, 2068, 2071, 2074, 2077, 2079, 2083], "excluded_lines": [], "executed_branches": [[181, 182], [181, 185], [236, 237], [236, 241], [242, 243], [242, 247], [251, 252], [251, 255], [255, 256], [255, 259], [283, 284], [283, 287], [287, 288], [308, 311], [311, 312], [311, 316], [321, 322], [321, 324], [340, 343], [343, 344], [343, 348], [353, 354], [353, 356], [373, 374], [373, 377], [389, 390], [429, 430], [429, 467], [430, 431], [430, 464], [433, 435], [436, 437], [535, 562], [634, 635], [634, 661], [638, 639], [687, -685], [687, 688], [689, 690], [689, 692], [701, 702], [701, 704], [706, 707], [706, 710], [713, 714], [713, 719], [723, 724], [744, 745], [744, 755], [746, 747], [746, 749], [772, 773], [772, 775], [778, 779], [845, 849], [850, 851], [850, 855], [852, 850], [852, 853], [914, 915], [965, 966], [965, 969], [975, 976], [975, 980], [980, 985], [990, 991], [1008, 1009], [1026, 1027], [1060, 1061], [1060, 1064], [1070, 1071], [1070, 1075], [1075, 1080], [1086, 1087], [1115, 1116], [1121, 1122], [1146, 1147], [1146, 1152], [1147, 1148], [1155, 1156], [1155, 1164], [1157, 1159], [1307, 1308], [1330, 1331], [1338, 1339], [1356, 1357], [1457, 1471], [1471, 1511], [1511, 1567], [1567, 1578], [1578, 1582], [1582, 1586], [1586, 1595], [1595, 1615], [1617, 1618], [1661, 1662], [1666, 1667], [1666, 1869], [1669, 1671], [1673, 1675], [1680, 1681], [1680, 1824], [1688, 1689], [1688, 1824], [1699, 1700], [1699, 1731], [1731, 1732], [1731, 1767], [1767, 1768], [1767, 1824], [1769, 1770], [1769, 1824], [1799, 1800], [1824, 1826], [1824, 1865], [1827, 1828], [1827, 1832], [1828, 1827], [1828, 1829], [1832, 1833], [1832, 1863], [1850, 1851], [1850, 1857], [1879, 1881], [1879, 1970], [1886, 1887], [1886, 1901], [1888, 1889], [1890, 1891], [1890, 1901], [1892, 1893], [1892, 1894], [1894, 1895], [1894, 1896], [1896, 1897], [1896, 1901], [1906, 1907], [1906, 1918], [1918, 1919], [1918, 1920], [1920, 1921], [1920, 1922], [1922, 1924], [1924, 1925], [1924, 1926], [1926, 1933], [1933, 1934], [1933, 1946], [1946, 1947], [1946, 1954], [1954, 1955], [1954, 1964], [2004, 2005], [2004, 2009], [2011, 2012], [2045, 2046]], "missing_branches": [[287, 292], [308, 309], [340, 341], [389, 393], [433, 464], [436, 442], [535, 536], [573, 574], [573, 579], [575, 576], [575, 577], [586, 587], [586, 592], [587, 586], [587, 588], [588, 587], [588, 589], [593, 594], [593, 606], [638, 642], [646, 634], [646, 648], [723, -698], [778, 824], [782, 783], [782, 786], [787, 788], [787, 790], [797, 778], [797, 798], [801, 803], [801, 814], [824, -757], [824, 825], [845, 846], [867, -861], [867, 868], [914, 918], [980, 981], [990, 994], [1008, 1012], [1026, 1029], [1075, 1076], [1086, 1090], [1115, 1119], [1121, 1124], [1147, 1146], [1157, 1155], [1307, 1309], [1330, 1333], [1338, 1380], [1356, 1359], [1399, 1401], [1399, 1417], [1457, 1458], [1464, 1465], [1464, 1471], [1466, 1464], [1466, 1467], [1471, 1472], [1511, 1513], [1567, 1568], [1569, 1570], [1569, 1617], [1578, 1579], [1582, 1583], [1586, 1587], [1588, 1589], [1588, 1593], [1590, 1591], [1590, 1617], [1595, 1596], [1617, 1626], [1661, 1879], [1669, 1867], [1673, 1879], [1799, 1824], [1888, 1901], [1922, 1923], [1926, 1927], [2011, 2022], [2045, 2048], [2067, 2068], [2067, 2071]], "functions": {"MissionController.__init__": {"executed_lines": [76, 77, 80, 83, 86, 87, 90, 96, 97, 100, 103, 104, 105, 108, 111, 118, 124, 127, 130, 135, 140, 141, 144, 152], "summary": {"covered_lines": 24, "num_statements": 24, "percent_covered": 100.0, "percent_covered_display": "100", "missing_lines": 0, "excluded_lines": 0, "percent_statements_covered": 100.0, "percent_statements_covered_display": "100", "num_branches": 0, "num_partial_branches": 0, "covered_branches": 0, "missing_branches": 0, "percent_branches_covered": 100.0, "percent_branches_covered_display": "100"}, "missing_lines": [], "excluded_lines": [], "start_line": 62, "executed_branches": [], "missing_branches": []}, "MissionController.create_mission": {"executed_lines": [178, 181, 182, 185, 190, 191, 192, 195, 207, 210, 219, 220], "summary": {"covered_lines": 12, "num_statements": 12, "percent_covered": 100.0, "percent_covered_display": "100", "missing_lines": 0, "excluded_lines": 0, "percent_statements_covered": 100.0, "percent_statements_covered_display": "100", "num_branches": 2, "num_partial_branches": 0, "covered_branches": 2, "missing_branches": 0, "percent_branches_covered": 100.0, "percent_branches_covered_display": "100"}, "missing_lines": [], "excluded_lines": [], "start_line": 161, "executed_branches": [[181, 182], [181, 185]], "missing_branches": []}, "MissionController.start_mission": {"executed_lines": [232, 235, 236, 237, 238, 241, 242, 243, 244, 247, 250, 251, 252, 253, 255, 256, 259, 266, 267, 270, 271, 274, 280, 283, 284, 287, 288, 289, 290, 292, 293], "summary": {"covered_lines": 31, "num_statements": 31, "percent_covered": 97.67441860465117, "percent_covered_display": "98", "missing_lines": 0, "excluded_lines": 0, "percent_statements_covered": 100.0, "percent_statements_covered_display": "100", "num_branches": 12, "num_partial_branches": 1, "covered_branches": 11, "missing_branches": 1, "percent_branches_covered": 91.66666666666667, "percent_branches_covered_display": "92"}, "missing_lines": [], "excluded_lines": [], "start_line": 222, "executed_branches": [[236, 237], [236, 241], [242, 243], [242, 247], [251, 252], [251, 255], [255, 256], [255, 259], [283, 284], [283, 287], [287, 288]], "missing_branches": [[287, 292]]}, "MissionController.pause_mission": {"executed_lines": [305, 307, 308, 311, 312, 313, 316, 319, 321, 322, 324, 325], "summary": {"covered_lines": 12, "num_statements": 13, "percent_covered": 89.47368421052632, "percent_covered_display": "89", "missing_lines": 1, "excluded_lines": 0, "percent_statements_covered": 92.3076923076923, "percent_statements_covered_display": "92", "num_branches": 6, "num_partial_branches": 1, "covered_branches": 5, "missing_branches": 1, "percent_branches_covered": 83.33333333333333, "percent_branches_covered_display": "83"}, "missing_lines": [309], "excluded_lines": [], "start_line": 295, "executed_branches": [[308, 311], [311, 312], [311, 316], [321, 322], [321, 324]], "missing_branches": [[308, 309]]}, "MissionController.resume_mission": {"executed_lines": [337, 339, 340, 343, 344, 345, 348, 351, 353, 354, 356, 357], "summary": {"covered_lines": 12, "num_statements": 13, "percent_covered": 89.47368421052632, "percent_covered_display": "89", "missing_lines": 1, "excluded_lines": 0, "percent_statements_covered": 92.3076923076923, "percent_statements_covered_display": "92", "num_branches": 6, "num_partial_branches": 1, "covered_branches": 5, "missing_branches": 1, "percent_branches_covered": 83.33333333333333, "percent_branches_covered_display": "83"}, "missing_lines": [341], "excluded_lines": [], "start_line": 327, "executed_branches": [[340, 343], [343, 344], [343, 348], [353, 354], [353, 356]], "missing_branches": [[340, 341]]}, "MissionController.stop_mission": {"executed_lines": [369, 371, 372, 373, 374, 377, 380, 386, 389, 390, 393, 400, 401, 404, 405, 407, 408], "summary": {"covered_lines": 17, "num_statements": 20, "percent_covered": 83.33333333333333, "percent_covered_display": "83", "missing_lines": 3, "excluded_lines": 0, "percent_statements_covered": 85.0, "percent_statements_covered_display": "85", "num_branches": 4, "num_partial_branches": 1, "covered_branches": 3, "missing_branches": 1, "percent_branches_covered": 75.0, "percent_branches_covered_display": "75"}, "missing_lines": [409, 410, 412], "excluded_lines": [], "start_line": 359, "executed_branches": [[373, 374], [373, 377], [389, 390]], "missing_branches": [[389, 393]]}, "MissionController.get_mission_status": {"executed_lines": [426, 429, 430, 431, 432, 433, 435, 436, 437, 442, 464, 467, 470, 473, 476, 478], "summary": {"covered_lines": 16, "num_statements": 16, "percent_covered": 91.66666666666667, "percent_covered_display": "92", "missing_lines": 0, "excluded_lines": 0, "percent_statements_covered": 100.0, "percent_statements_covered_display": "100", "num_branches": 8, "num_partial_branches": 2, "covered_branches": 6, "missing_branches": 2, "percent_branches_covered": 75.0, "percent_branches_covered_display": "75"}, "missing_lines": [], "excluded_lines": [], "start_line": 414, "executed_branches": [[429, 430], [429, 467], [430, 431], [430, 464], [433, 435], [436, 437]], "missing_branches": [[433, 464], [436, 442]]}, "MissionController._start_specialists": {"executed_lines": [515, 518, 521, 526, 527, 531, 532, 533, 535, 562], "summary": {"covered_lines": 10, "num_statements": 35, "percent_covered": 26.829268292682926, "percent_covered_display": "27", "missing_lines": 25, "excluded_lines": 0, "percent_statements_covered": 28.571428571428573, "percent_statements_covered_display": "29", "num_branches": 6, "num_partial_branches": 1, "covered_branches": 1, "missing_branches": 5, "percent_branches_covered": 16.666666666666668, "percent_branches_covered_display": "17"}, "missing_lines": [536, 537, 538, 541, 544, 549, 550, 551, 552, 553, 554, 555, 556, 557, 558, 559, 560, 569, 570, 573, 574, 575, 576, 577, 579], "excluded_lines": [], "start_line": 505, "executed_branches": [[535, 562]], "missing_branches": [[535, 536], [573, 574], [573, 579], [575, 576], [575, 577]]}, "MissionController._stop_specialists": {"executed_lines": [], "summary": {"covered_lines": 0, "num_statements": 19, "percent_covered": 0.0, "percent_covered_display": "0", "missing_lines": 19, "excluded_lines": 0, "percent_statements_covered": 0.0, "percent_statements_covered_display": "0", "num_branches": 8, "num_partial_branches": 0, "covered_branches": 0, "missing_branches": 8, "percent_branches_covered": 0.0, "percent_branches_covered_display": "0"}, "missing_lines": [583, 586, 587, 588, 589, 592, 593, 594, 595, 596, 597, 598, 599, 600, 601, 602, 603, 604, 606], "excluded_lines": [], "start_line": 581, "executed_branches": [], "missing_branches": [[586, 587], [586, 592], [587, 586], [587, 588], [588, 587], [588, 589], [593, 594], [593, 606]]}, "MissionController._create_initial_scan_task": {"executed_lines": [614, 621, 622, 623], "summary": {"covered_lines": 4, "num_statements": 4, "percent_covered": 100.0, "percent_covered_display": "100", "missing_lines": 0, "excluded_lines": 0, "percent_statements_covered": 100.0, "percent_statements_covered_display": "100", "num_branches": 0, "num_partial_branches": 0, "covered_branches": 0, "missing_branches": 0, "percent_branches_covered": 100.0, "percent_branches_covered_display": "100"}, "missing_lines": [], "excluded_lines": [], "start_line": 612, "executed_branches": [], "missing_branches": []}, "MissionController.create_exploit_tasks_for_critical_vulns": {"executed_lines": [631, 632, 634, 635, 636, 638, 639, 661], "summary": {"covered_lines": 8, "num_statements": 16, "percent_covered": 50.0, "percent_covered_display": "50", "missing_lines": 8, "excluded_lines": 0, "percent_statements_covered": 50.0, "percent_statements_covered_display": "50", "num_branches": 6, "num_partial_branches": 1, "covered_branches": 3, "missing_branches": 3, "percent_branches_covered": 50.0, "percent_branches_covered_display": "50"}, "missing_lines": [642, 643, 644, 646, 648, 657, 658, 659], "excluded_lines": [], "start_line": 625, "executed_branches": [[634, 635], [634, 661], [638, 639]], "missing_branches": [[638, 642], [646, 634], [646, 648]]}, "MissionController._send_control_command": {"executed_lines": [669, 671, 678, 679], "summary": {"covered_lines": 4, "num_statements": 4, "percent_covered": 100.0, "percent_covered_display": "100", "missing_lines": 0, "excluded_lines": 0, "percent_statements_covered": 100.0, "percent_statements_covered_display": "100", "num_branches": 0, "num_partial_branches": 0, "covered_branches": 0, "missing_branches": 0, "percent_branches_covered": 100.0, "percent_branches_covered_display": "100"}, "missing_lines": [], "excluded_lines": [], "start_line": 667, "executed_branches": [], "missing_branches": []}, "MissionController._monitor_loop": {"executed_lines": [687, 688, 689, 690, 692, 694, 695, 696], "summary": {"covered_lines": 8, "num_statements": 8, "percent_covered": 100.0, "percent_covered_display": "100", "missing_lines": 0, "excluded_lines": 0, "percent_statements_covered": 100.0, "percent_statements_covered_display": "100", "num_branches": 4, "num_partial_branches": 0, "covered_branches": 4, "missing_branches": 0, "percent_branches_covered": 100.0, "percent_branches_covered_display": "100"}, "missing_lines": [], "excluded_lines": [], "start_line": 685, "executed_branches": [[687, -685], [687, 688], [689, 690], [689, 692]], "missing_branches": []}, "MissionController._monitor_mission": {"executed_lines": [700, 701, 702, 704, 706, 707, 710, 711, 713, 714, 715, 716, 719, 722, 723, 724], "summary": {"covered_lines": 16, "num_statements": 16, "percent_covered": 95.83333333333333, "percent_covered_display": "96", "missing_lines": 0, "excluded_lines": 0, "percent_statements_covered": 100.0, "percent_statements_covered_display": "100", "num_branches": 8, "num_partial_branches": 1, "covered_branches": 7, "missing_branches": 1, "percent_branches_covered": 87.5, "percent_branches_covered_display": "88"}, "missing_lines": [], "excluded_lines": [], "start_line": 698, "executed_branches": [[701, 702], [701, 704], [706, 707], [706, 710], [713, 714], [713, 719], [723, 724]], "missing_branches": [[723, -698]]}, "MissionController._watchdog_loop": {"executed_lines": [742, 744, 745, 746, 747, 749, 751, 752, 753, 755], "summary": {"covered_lines": 10, "num_statements": 10, "percent_covered": 100.0, "percent_covered_display": "100", "missing_lines": 0, "excluded_lines": 0, "percent_statements_covered": 100.0, "percent_statements_covered_display": "100", "num_branches": 4, "num_partial_branches": 0, "covered_branches": 4, "missing_branches": 0, "percent_branches_covered": 100.0, "percent_branches_covered_display": "100"}, "missing_lines": [], "excluded_lines": [], "start_line": 730, "executed_branches": [[744, 745], [744, 755], [746, 747], [746, 749]], "missing_branches": []}, "MissionController._check_zombie_tasks": {"executed_lines": [768, 770, 772, 773, 775, 776, 778, 779, 827, 828], "summary": {"covered_lines": 10, "num_statements": 31, "percent_covered": 28.88888888888889, "percent_covered_display": "29", "missing_lines": 21, "excluded_lines": 0, "percent_statements_covered": 32.25806451612903, "percent_statements_covered_display": "32", "num_branches": 14, "num_partial_branches": 1, "covered_branches": 3, "missing_branches": 11, "percent_branches_covered": 21.428571428571427, "percent_branches_covered_display": "21"}, "missing_lines": [780, 782, 783, 786, 787, 788, 790, 791, 792, 793, 794, 797, 798, 799, 801, 803, 807, 814, 818, 824, 825], "excluded_lines": [], "start_line": 757, "executed_branches": [[772, 773], [772, 775], [778, 779]], "missing_branches": [[778, 824], [782, 783], [782, 786], [787, 788], [787, 790], [797, 778], [797, 798], [801, 803], [801, 814], [824, -757], [824, 825]]}, "MissionController.get_active_missions": {"executed_lines": [845, 849, 850, 851, 852, 853, 855], "summary": {"covered_lines": 7, "num_statements": 8, "percent_covered": 85.71428571428571, "percent_covered_display": "86", "missing_lines": 1, "excluded_lines": 0, "percent_statements_covered": 87.5, "percent_statements_covered_display": "88", "num_branches": 6, "num_partial_branches": 1, "covered_branches": 5, "missing_branches": 1, "percent_branches_covered": 83.33333333333333, "percent_branches_covered_display": "83"}, "missing_lines": [846], "excluded_lines": [], "start_line": 834, "executed_branches": [[845, 849], [850, 851], [850, 855], [852, 850], [852, 853]], "missing_branches": [[845, 846]]}, "MissionController._ensure_approval_store_connected": {"executed_lines": [], "summary": {"covered_lines": 0, "num_statements": 7, "percent_covered": 0.0, "percent_covered_display": "0", "missing_lines": 7, "excluded_lines": 0, "percent_statements_covered": 0.0, "percent_statements_covered_display": "0", "num_branches": 2, "num_partial_branches": 0, "covered_branches": 0, "missing_branches": 2, "percent_branches_covered": 0.0, "percent_branches_covered_display": "0"}, "missing_lines": [867, 868, 869, 870, 871, 872, 873], "excluded_lines": [], "start_line": 861, "executed_branches": [], "missing_branches": [[867, -861], [867, 868]]}, "MissionController.request_approval": {"executed_lines": [895, 896, 898, 901, 904, 905, 906, 908, 909, 912, 914, 915, 918, 933, 934, 936, 938], "summary": {"covered_lines": 17, "num_statements": 18, "percent_covered": 90.0, "percent_covered_display": "90", "missing_lines": 1, "excluded_lines": 0, "percent_statements_covered": 94.44444444444444, "percent_statements_covered_display": "94", "num_branches": 2, "num_partial_branches": 1, "covered_branches": 1, "missing_branches": 1, "percent_branches_covered": 50.0, "percent_branches_covered_display": "50"}, "missing_lines": [907], "excluded_lines": [], "start_line": 875, "executed_branches": [[914, 915]], "missing_branches": [[914, 918]]}, "MissionController.approve_action": {"executed_lines": [961, 964, 965, 966, 969, 970, 971, 972, 973, 975, 976, 977, 980, 985, 986, 987, 990, 991, 994, 995, 1002, 1003, 1006, 1008, 1009, 1012, 1019, 1020, 1023, 1026, 1027, 1029, 1031], "summary": {"covered_lines": 33, "num_statements": 35, "percent_covered": 87.23404255319149, "percent_covered_display": "87", "missing_lines": 2, "excluded_lines": 0, "percent_statements_covered": 94.28571428571429, "percent_statements_covered_display": "94", "num_branches": 12, "num_partial_branches": 4, "covered_branches": 8, "missing_branches": 4, "percent_branches_covered": 66.66666666666667, "percent_branches_covered_display": "67"}, "missing_lines": [981, 982], "excluded_lines": [], "start_line": 940, "executed_branches": [[965, 966], [965, 969], [975, 976], [975, 980], [980, 985], [990, 991], [1008, 1009], [1026, 1027]], "missing_branches": [[980, 981], [990, 994], [1008, 1012], [1026, 1029]]}, "MissionController.reject_action": {"executed_lines": [1056, 1059, 1060, 1061, 1064, 1065, 1066, 1067, 1068, 1070, 1071, 1072, 1075, 1080, 1081, 1082, 1083, 1086, 1087, 1090, 1091, 1099, 1100, 1103, 1111, 1112, 1115, 1116, 1119, 1121, 1122, 1124, 1126, 1128], "summary": {"covered_lines": 34, "num_statements": 36, "percent_covered": 87.5, "percent_covered_display": "88", "missing_lines": 2, "excluded_lines": 0, "percent_statements_covered": 94.44444444444444, "percent_statements_covered_display": "94", "num_branches": 12, "num_partial_branches": 4, "covered_branches": 8, "missing_branches": 4, "percent_branches_covered": 66.66666666666667, "percent_branches_covered_display": "67"}, "missing_lines": [1076, 1077], "excluded_lines": [], "start_line": 1033, "executed_branches": [[1060, 1061], [1060, 1064], [1070, 1071], [1070, 1075], [1075, 1080], [1086, 1087], [1115, 1116], [1121, 1122]], "missing_branches": [[1075, 1076], [1086, 1090], [1115, 1119], [1121, 1124]]}, "MissionController.get_pending_approvals": {"executed_lines": [1142, 1143, 1146, 1147, 1148, 1149, 1152, 1153, 1154, 1155, 1156, 1157, 1159, 1160, 1164], "summary": {"covered_lines": 15, "num_statements": 17, "percent_covered": 84.0, "percent_covered_display": "84", "missing_lines": 2, "excluded_lines": 0, "percent_statements_covered": 88.23529411764706, "percent_statements_covered_display": "88", "num_branches": 8, "num_partial_branches": 2, "covered_branches": 6, "missing_branches": 2, "percent_branches_covered": 75.0, "percent_branches_covered_display": "75"}, "missing_lines": [1161, 1162], "excluded_lines": [], "start_line": 1130, "executed_branches": [[1146, 1147], [1146, 1152], [1147, 1148], [1155, 1156], [1155, 1164], [1157, 1159]], "missing_branches": [[1147, 1146], [1157, 1155]]}, "MissionController._approval_to_dict": {"executed_lines": [1168, 1169, 1171], "summary": {"covered_lines": 3, "num_statements": 3, "percent_covered": 100.0, "percent_covered_display": "100", "missing_lines": 0, "excluded_lines": 0, "percent_statements_covered": 100.0, "percent_statements_covered_display": "100", "num_branches": 0, "num_partial_branches": 0, "covered_branches": 0, "missing_branches": 0, "percent_branches_covered": 100.0, "percent_branches_covered_display": "100"}, "missing_lines": [], "excluded_lines": [], "start_line": 1166, "executed_branches": [], "missing_branches": []}, "MissionController.get_approval_stats": {"executed_lines": [1194, 1195, 1196], "summary": {"covered_lines": 3, "num_statements": 7, "percent_covered": 42.857142857142854, "percent_covered_display": "43", "missing_lines": 4, "excluded_lines": 0, "percent_statements_covered": 42.857142857142854, "percent_statements_covered_display": "43", "num_branches": 0, "num_partial_branches": 0, "covered_branches": 0, "missing_branches": 0, "percent_branches_covered": 100.0, "percent_branches_covered_display": "100"}, "missing_lines": [1197, 1198, 1200, 1204], "excluded_lines": [], "start_line": 1184, "executed_branches": [], "missing_branches": []}, "MissionController._resume_approved_task": {"executed_lines": [], "summary": {"covered_lines": 0, "num_statements": 7, "percent_covered": 0.0, "percent_covered_display": "0", "missing_lines": 7, "excluded_lines": 0, "percent_statements_covered": 0.0, "percent_statements_covered_display": "0", "num_branches": 0, "num_partial_branches": 0, "covered_branches": 0, "missing_branches": 0, "percent_branches_covered": 100.0, "percent_branches_covered_display": "100"}, "missing_lines": [1210, 1213, 1222, 1223, 1224, 1226, 1227], "excluded_lines": [], "start_line": 1206, "executed_branches": [], "missing_branches": []}, "MissionController._request_alternative_analysis": {"executed_lines": [], "summary": {"covered_lines": 0, "num_statements": 5, "percent_covered": 0.0, "percent_covered_display": "0", "missing_lines": 5, "excluded_lines": 0, "percent_statements_covered": 0.0, "percent_statements_covered_display": "0", "num_branches": 0, "num_partial_branches": 0, "covered_branches": 0, "missing_branches": 0, "percent_branches_covered": 100.0, "percent_branches_covered_display": "100"}, "missing_lines": [1239, 1241, 1257, 1258, 1260], "excluded_lines": [], "start_line": 1229, "executed_branches": [], "missing_branches": []}, "MissionController.send_chat_message": {"executed_lines": [1290, 1293, 1294, 1298, 1307, 1308, 1309, 1312, 1313, 1314, 1319, 1328, 1330, 1331, 1336, 1338, 1339, 1342, 1343, 1348, 1356, 1357, 1364, 1365, 1366, 1374, 1380], "summary": {"covered_lines": 27, "num_statements": 37, "percent_covered": 68.88888888888889, "percent_covered_display": "69", "missing_lines": 10, "excluded_lines": 0, "percent_statements_covered": 72.97297297297297, "percent_statements_covered_display": "73", "num_branches": 8, "num_partial_branches": 4, "covered_branches": 4, "missing_branches": 4, "percent_branches_covered": 50.0, "percent_branches_covered_display": "50"}, "missing_lines": [1295, 1296, 1315, 1316, 1333, 1344, 1345, 1359, 1375, 1376], "excluded_lines": [], "start_line": 1266, "executed_branches": [[1307, 1308], [1330, 1331], [1338, 1339], [1356, 1357]], "missing_branches": [[1307, 1309], [1330, 1333], [1338, 1380], [1356, 1359]]}, "MissionController.get_chat_history": {"executed_lines": [], "summary": {"covered_lines": 0, "num_statements": 10, "percent_covered": 0.0, "percent_covered_display": "0", "missing_lines": 10, "excluded_lines": 0, "percent_statements_covered": 0.0, "percent_statements_covered_display": "0", "num_branches": 2, "num_partial_branches": 0, "covered_branches": 0, "missing_branches": 2, "percent_branches_covered": 0.0, "percent_branches_covered_display": "0"}, "missing_lines": [1396, 1397, 1398, 1399, 1401, 1402, 1413, 1414, 1417, 1418], "excluded_lines": [], "start_line": 1382, "executed_branches": [], "missing_branches": [[1399, 1401], [1399, 1417]]}, "MissionController._process_chat_message": {"executed_lines": [1440, 1441, 1442, 1449, 1450, 1452, 1453, 1456, 1457, 1471, 1511, 1567, 1578, 1582, 1586, 1595, 1615, 1617, 1618], "summary": {"covered_lines": 19, "num_statements": 60, "percent_covered": 31.818181818181817, "percent_covered_display": "32", "missing_lines": 41, "excluded_lines": 0, "percent_statements_covered": 31.666666666666668, "percent_statements_covered_display": "32", "num_branches": 28, "num_partial_branches": 9, "covered_branches": 9, "missing_branches": 19, "percent_branches_covered": 32.142857142857146, "percent_branches_covered_display": "32"}, "missing_lines": [1458, 1460, 1464, 1465, 1466, 1467, 1468, 1472, 1488, 1489, 1490, 1501, 1507, 1508, 1513, 1514, 1515, 1518, 1530, 1531, 1533, 1540, 1552, 1562, 1563, 1564, 1568, 1569, 1570, 1579, 1580, 1583, 1584, 1587, 1588, 1589, 1590, 1591, 1593, 1596, 1626], "excluded_lines": [], "start_line": 1430, "executed_branches": [[1457, 1471], [1471, 1511], [1511, 1567], [1567, 1578], [1578, 1582], [1582, 1586], [1586, 1595], [1595, 1615], [1617, 1618]], "missing_branches": [[1457, 1458], [1464, 1465], [1464, 1471], [1466, 1464], [1466, 1467], [1471, 1472], [1511, 1513], [1567, 1568], [1569, 1570], [1569, 1617], [1578, 1579], [1582, 1583], [1586, 1587], [1588, 1589], [1588, 1593], [1590, 1591], [1590, 1617], [1595, 1596], [1617, 1626]]}, "MissionController._execute_shell_command": {"executed_lines": [1642, 1643, 1646, 1653, 1654, 1655, 1661, 1662, 1664, 1666, 1667, 1669, 1671, 1673, 1675, 1680, 1681, 1684, 1685, 1686, 1688, 1689, 1690, 1691, 1692, 1693, 1694, 1699, 1700, 1703, 1704, 1706, 1713, 1721, 1722, 1723, 1724, 1725, 1726, 1731, 1732, 1735, 1736, 1739, 1740, 1741, 1746, 1751, 1752, 1758, 1762, 1767, 1768, 1769, 1770, 1773, 1774, 1775, 1777, 1778, 1783, 1784, 1787, 1788, 1789, 1796, 1799, 1800, 1801, 1803, 1810, 1817, 1818, 1819, 1821, 1822, 1824, 1826, 1827, 1828, 1829, 1830, 1832, 1833, 1836, 1838, 1839, 1842, 1850, 1851, 1852, 1853, 1854, 1857, 1858, 1859, 1860, 1861, 1863, 1865, 1869, 1871, 1872, 1879, 1881, 1882, 1883, 1884, 1885, 1886, 1887, 1888, 1889, 1890, 1891, 1892, 1893, 1894, 1895, 1896, 1897, 1898, 1899, 1901, 1904, 1906, 1907, 1918, 1919, 1920, 1921, 1922, 1924, 1925, 1926, 1933, 1934, 1946, 1947, 1954, 1955, 1964, 1970, 1973, 1981], "summary": {"covered_lines": 145, "num_statements": 155, "percent_covered": 92.23744292237443, "percent_covered_display": "92", "missing_lines": 10, "excluded_lines": 0, "percent_statements_covered": 93.54838709677419, "percent_statements_covered_display": "94", "num_branches": 64, "num_partial_branches": 7, "covered_branches": 57, "missing_branches": 7, "percent_branches_covered": 89.0625, "percent_branches_covered_display": "89"}, "missing_lines": [1747, 1748, 1759, 1760, 1867, 1923, 1927, 1983, 1984, 1985], "excluded_lines": [], "start_line": 1628, "executed_branches": [[1661, 1662], [1666, 1667], [1666, 1869], [1669, 1671], [1673, 1675], [1680, 1681], [1680, 1824], [1688, 1689], [1688, 1824], [1699, 1700], [1699, 1731], [1731, 1732], [1731, 1767], [1767, 1768], [1767, 1824], [1769, 1770], [1769, 1824], [1799, 1800], [1824, 1826], [1824, 1865], [1827, 1828], [1827, 1832], [1828, 1827], [1828, 1829], [1832, 1833], [1832, 1863], [1850, 1851], [1850, 1857], [1879, 1881], [1879, 1970], [1886, 1887], [1886, 1901], [1888, 1889], [1890, 1891], [1890, 1901], [1892, 1893], [1892, 1894], [1894, 1895], [1894, 1896], [1896, 1897], [1896, 1901], [1906, 1907], [1906, 1918], [1918, 1919], [1918, 1920], [1920, 1921], [1920, 1922], [1922, 1924], [1924, 1925], [1924, 1926], [1926, 1933], [1933, 1934], [1933, 1946], [1946, 1947], [1946, 1954], [1954, 1955], [1954, 1964]], "missing_branches": [[1661, 1879], [1669, 1867], [1673, 1879], [1799, 1824], [1888, 1901], [1922, 1923], [1926, 1927]]}, "MissionController._get_llm_response": {"executed_lines": [1998, 1999, 2000, 2002, 2004, 2005, 2006, 2009, 2010, 2011, 2012, 2022, 2037, 2043, 2045, 2046, 2050, 2051, 2052], "summary": {"covered_lines": 19, "num_statements": 20, "percent_covered": 88.46153846153847, "percent_covered_display": "88", "missing_lines": 1, "excluded_lines": 0, "percent_statements_covered": 95.0, "percent_statements_covered_display": "95", "num_branches": 6, "num_partial_branches": 2, "covered_branches": 4, "missing_branches": 2, "percent_branches_covered": 66.66666666666667, "percent_branches_covered_display": "67"}, "missing_lines": [2048], "excluded_lines": [], "start_line": 1987, "executed_branches": [[2004, 2005], [2004, 2009], [2011, 2012], [2045, 2046]], "missing_branches": [[2011, 2022], [2045, 2048]]}, "MissionController.shutdown": {"executed_lines": [], "summary": {"covered_lines": 0, "num_statements": 8, "percent_covered": 0.0, "percent_covered_display": "0", "missing_lines": 8, "excluded_lines": 0, "percent_statements_covered": 0.0, "percent_statements_covered_display": "0", "num_branches": 2, "num_partial_branches": 0, "covered_branches": 0, "missing_branches": 2, "percent_branches_covered": 0.0, "percent_branches_covered_display": "0"}, "missing_lines": [2062, 2064, 2067, 2068, 2071, 2074, 2077, 2079], "excluded_lines": [], "start_line": 2054, "executed_branches": [], "missing_branches": [[2067, 2068], [2067, 2071]]}, "MissionController.stop": {"executed_lines": [], "summary": {"covered_lines": 0, "num_statements": 1, "percent_covered": 0.0, "percent_covered_display": "0", "missing_lines": 1, "excluded_lines": 0, "percent_statements_covered": 0.0, "percent_statements_covered_display": "0", "num_branches": 0, "num_partial_branches": 0, "covered_branches": 0, "missing_branches": 0, "percent_branches_covered": 100.0, "percent_branches_covered_display": "100"}, "missing_lines": [2083], "excluded_lines": [], "start_line": 2081, "executed_branches": [], "missing_branches": []}, "": {"executed_lines": [6, 7, 8, 9, 12, 14, 15, 25, 26, 27, 32, 33, 34, 35, 36, 41, 44, 62, 161, 222, 295, 327, 359, 414, 505, 581, 612, 625, 667, 685, 698, 730, 757, 834, 861, 875, 940, 1033, 1130, 1166, 1184, 1206, 1229, 1266, 1382, 1430, 1628, 1987, 2054, 2081], "summary": {"covered_lines": 50, "num_statements": 50, "percent_covered": 100.0, "percent_covered_display": "100", "missing_lines": 0, "excluded_lines": 0, "percent_statements_covered": 100.0, "percent_statements_covered_display": "100", "num_branches": 0, "num_partial_branches": 0, "covered_branches": 0, "missing_branches": 0, "percent_branches_covered": 100.0, "percent_branches_covered_display": "100"}, "missing_lines": [], "excluded_lines": [], "start_line": 1, "executed_branches": [], "missing_branches": []}}, "classes": {"MissionController": {"executed_lines": [76, 77, 80, 83, 86, 87, 90, 96, 97, 100, 103, 104, 105, 108, 111, 118, 124, 127, 130, 135, 140, 141, 144, 152, 178, 181, 182, 185, 190, 191, 192, 195, 207, 210, 219, 220, 232, 235, 236, 237, 238, 241, 242, 243, 244, 247, 250, 251, 252, 253, 255, 256, 259, 266, 267, 270, 271, 274, 280, 283, 284, 287, 288, 289, 290, 292, 293, 305, 307, 308, 311, 312, 313, 316, 319, 321, 322, 324, 325, 337, 339, 340, 343, 344, 345, 348, 351, 353, 354, 356, 357, 369, 371, 372, 373, 374, 377, 380, 386, 389, 390, 393, 400, 401, 404, 405, 407, 408, 426, 429, 430, 431, 432, 433, 435, 436, 437, 442, 464, 467, 470, 473, 476, 478, 515, 518, 521, 526, 527, 531, 532, 533, 535, 562, 614, 621, 622, 623, 631, 632, 634, 635, 636, 638, 639, 661, 669, 671, 678, 679, 687, 688, 689, 690, 692, 694, 695, 696, 700, 701, 702, 704, 706, 707, 710, 711, 713, 714, 715, 716, 719, 722, 723, 724, 742, 744, 745, 746, 747, 749, 751, 752, 753, 755, 768, 770, 772, 773, 775, 776, 778, 779, 827, 828, 845, 849, 850, 851, 852, 853, 855, 895, 896, 898, 901, 904, 905, 906, 908, 909, 912, 914, 915, 918, 933, 934, 936, 938, 961, 964, 965, 966, 969, 970, 971, 972, 973, 975, 976, 977, 980, 985, 986, 987, 990, 991, 994, 995, 1002, 1003, 1006, 1008, 1009, 1012, 1019, 1020, 1023, 1026, 1027, 1029, 1031, 1056, 1059, 1060, 1061, 1064, 1065, 1066, 1067, 1068, 1070, 1071, 1072, 1075, 1080, 1081, 1082, 1083, 1086, 1087, 1090, 1091, 1099, 1100, 1103, 1111, 1112, 1115, 1116, 1119, 1121, 1122, 1124, 1126, 1128, 1142, 1143, 1146, 1147, 1148, 1149, 1152, 1153, 1154, 1155, 1156, 1157, 1159, 1160, 1164, 1168, 1169, 1171, 1194, 1195, 1196, 1290, 1293, 1294, 1298, 1307, 1308, 1309, 1312, 1313, 1314, 1319, 1328, 1330, 1331, 1336, 1338, 1339, 1342, 1343, 1348, 1356, 1357, 1364, 1365, 1366, 1374, 1380, 1440, 1441, 1442, 1449, 1450, 1452, 1453, 1456, 1457, 1471, 1511, 1567, 1578, 1582, 1586, 1595, 1615, 1617, 1618, 1642, 1643, 1646, 1653, 1654, 1655, 1661, 1662, 1664, 1666, 1667, 1669, 1671, 1673, 1675, 1680, 1681, 1684, 1685, 1686, 1688, 1689, 1690, 1691, 1692, 1693, 1694, 1699, 1700, 1703, 1704, 1706, 1713, 1721, 1722, 1723, 1724, 1725, 1726, 1731, 1732, 1735, 1736, 1739, 1740, 1741, 1746, 1751, 1752, 1758, 1762, 1767, 1768, 1769, 1770, 1773, 1774, 1775, 1777, 1778, 1783, 1784, 1787, 1788, 1789, 1796, 1799, 1800, 1801, 1803, 1810, 1817, 1818, 1819, 1821, 1822, 1824, 1826, 1827, 1828, 1829, 1830, 1832, 1833, 1836, 1838, 1839, 1842, 1850, 1851, 1852, 1853, 1854, 1857, 1858, 1859, 1860, 1861, 1863, 1865, 1869, 1871, 1872, 1879, 1881, 1882, 1883, 1884, 1885, 1886, 1887, 1888, 1889, 1890, 1891, 1892, 1893, 1894, 1895, 1896, 1897, 1898, 1899, 1901, 1904, 1906, 1907, 1918, 1919, 1920, 1921, 1922, 1924, 1925, 1926, 1933, 1934, 1946, 1947, 1954, 1955, 1964, 1970, 1973, 1981, 1998, 1999, 2000, 2002, 2004, 2005, 2006, 2009, 2010, 2011, 2012, 2022, 2037, 2043, 2045, 2046, 2050, 2051, 2052], "summary": {"covered_lines": 516, "num_statements": 706, "percent_covered": 71.03594080338266, "percent_covered_display": "71", "missing_lines": 190, "excluded_lines": 0, "percent_statements_covered": 73.08781869688386, "percent_statements_covered_display": "73", "num_branches": 240, "num_partial_branches": 44, "covered_branches": 156, "missing_branches": 84, "percent_branches_covered": 65.0, "percent_branches_covered_display": "65"}, "missing_lines": [309, 341, 409, 410, 412, 536, 537, 538, 541, 544, 549, 550, 551, 552, 553, 554, 555, 556, 557, 558, 559, 560, 569, 570, 573, 574, 575, 576, 577, 579, 583, 586, 587, 588, 589, 592, 593, 594, 595, 596, 597, 598, 599, 600, 601, 602, 603, 604, 606, 642, 643, 644, 646, 648, 657, 658, 659, 780, 782, 783, 786, 787, 788, 790, 791, 792, 793, 794, 797, 798, 799, 801, 803, 807, 814, 818, 824, 825, 846, 867, 868, 869, 870, 871, 872, 873, 907, 981, 982, 1076, 1077, 1161, 1162, 1197, 1198, 1200, 1204, 1210, 1213, 1222, 1223, 1224, 1226, 1227, 1239, 1241, 1257, 1258, 1260, 1295, 1296, 1315, 1316, 1333, 1344, 1345, 1359, 1375, 1376, 1396, 1397, 1398, 1399, 1401, 1402, 1413, 1414, 1417, 1418, 1458, 1460, 1464, 1465, 1466, 1467, 1468, 1472, 1488, 1489, 1490, 1501, 1507, 1508, 1513, 1514, 1515, 1518, 1530, 1531, 1533, 1540, 1552, 1562, 1563, 1564, 1568, 1569, 1570, 1579, 1580, 1583, 1584, 1587, 1588, 1589, 1590, 1591, 1593, 1596, 1626, 1747, 1748, 1759, 1760, 1867, 1923, 1927, 1983, 1984, 1985, 2048, 2062, 2064, 2067, 2068, 2071, 2074, 2077, 2079, 2083], "excluded_lines": [], "start_line": 44, "executed_branches": [[181, 182], [181, 185], [236, 237], [236, 241], [242, 243], [242, 247], [251, 252], [251, 255], [255, 256], [255, 259], [283, 284], [283, 287], [287, 288], [308, 311], [311, 312], [311, 316], [321, 322], [321, 324], [340, 343], [343, 344], [343, 348], [353, 354], [353, 356], [373, 374], [373, 377], [389, 390], [429, 430], [429, 467], [430, 431], [430, 464], [433, 435], [436, 437], [535, 562], [634, 635], [634, 661], [638, 639], [687, -685], [687, 688], [689, 690], [689, 692], [701, 702], [701, 704], [706, 707], [706, 710], [713, 714], [713, 719], [723, 724], [744, 745], [744, 755], [746, 747], [746, 749], [772, 773], [772, 775], [778, 779], [845, 849], [850, 851], [850, 855], [852, 850], [852, 853], [914, 915], [965, 966], [965, 969], [975, 976], [975, 980], [980, 985], [990, 991], [1008, 1009], [1026, 1027], [1060, 1061], [1060, 1064], [1070, 1071], [1070, 1075], [1075, 1080], [1086, 1087], [1115, 1116], [1121, 1122], [1146, 1147], [1146, 1152], [1147, 1148], [1155, 1156], [1155, 1164], [1157, 1159], [1307, 1308], [1330, 1331], [1338, 1339], [1356, 1357], [1457, 1471], [1471, 1511], [1511, 1567], [1567, 1578], [1578, 1582], [1582, 1586], [1586, 1595], [1595, 1615], [1617, 1618], [1661, 1662], [1666, 1667], [1666, 1869], [1669, 1671], [1673, 1675], [1680, 1681], [1680, 1824], [1688, 1689], [1688, 1824], [1699, 1700], [1699, 1731], [1731, 1732], [1731, 1767], [1767, 1768], [1767, 1824], [1769, 1770], [1769, 1824], [1799, 1800], [1824, 1826], [1824, 1865], [1827, 1828], [1827, 1832], [1828, 1827], [1828, 1829], [1832, 1833], [1832, 1863], [1850, 1851], [1850, 1857], [1879, 1881], [1879, 1970], [1886, 1887], [1886, 1901], [1888, 1889], [1890, 1891], [1890, 1901], [1892, 1893], [1892, 1894], [1894, 1895], [1894, 1896], [1896, 1897], [1896, 1901], [1906, 1907], [1906, 1918], [1918, 1919], [1918, 1920], [1920, 1921], [1920, 1922], [1922, 1924], [1924, 1925], [1924, 1926], [1926, 1933], [1933, 1934], [1933, 1946], [1946, 1947], [1946, 1954], [1954, 1955], [1954, 1964], [2004, 2005], [2004, 2009], [2011, 2012], [2045, 2046]], "missing_branches": [[287, 292], [308, 309], [340, 341], [389, 393], [433, 464], [436, 442], [535, 536], [573, 574], [573, 579], [575, 576], [575, 577], [586, 587], [586, 592], [587, 586], [587, 588], [588, 587], [588, 589], [593, 594], [593, 606], [638, 642], [646, 634], [646, 648], [723, -698], [778, 824], [782, 783], [782, 786], [787, 788], [787, 790], [797, 778], [797, 798], [801, 803], [801, 814], [824, -757], [824, 825], [845, 846], [867, -861], [867, 868], [914, 918], [980, 981], [990, 994], [1008, 1012], [1026, 1029], [1075, 1076], [1086, 1090], [1115, 1119], [1121, 1124], [1147, 1146], [1157, 1155], [1307, 1309], [1330, 1333], [1338, 1380], [1356, 1359], [1399, 1401], [1399, 1417], [1457, 1458], [1464, 1465], [1464, 1471], [1466, 1464], [1466, 1467], [1471, 1472], [1511, 1513], [1567, 1568], [1569, 1570], [1569, 1617], [1578, 1579], [1582, 1583], [1586, 1587], [1588, 1589], [1588, 1593], [1590, 1591], [1590, 1617], [1595, 1596], [1617, 1626], [1661, 1879], [1669, 1867], [1673, 1879], [1799, 1824], [1888, 1901], [1922, 1923], [1926, 1927], [2011, 2022], [2045, 2048], [2067, 2068], [2067, 2071]]}, "": {"executed_lines": [6, 7, 8, 9, 12, 14, 15, 25, 26, 27, 32, 33, 34, 35, 36, 41, 44, 62, 161, 222, 295, 327, 359, 414, 505, 581, 612, 625, 667, 685, 698, 730, 757, 834, 861, 875, 940, 1033, 1130, 1166, 1184, 1206, 1229, 1266, 1382, 1430, 1628, 1987, 2054, 2081], "summary": {"covered_lines": 50, "num_statements": 50, "percent_covered": 100.0, "percent_covered_display": "100", "missing_lines": 0, "excluded_lines": 0, "percent_statements_covered": 100.0, "percent_statements_covered_display": "100", "num_branches": 0, "num_partial_branches": 0, "covered_branches": 0, "missing_branches": 0, "percent_branches_covered": 100.0, "percent_branches_covered_display": "100"}, "missing_lines": [], "excluded_lines": [], "start_line": 1, "executed_branches": [], "missing_branches": []}}}, "src/core/database/user_repository.py": {"executed_lines": [18, 19, 20, 21, 22, 24, 25, 27, 34, 35, 41, 42, 45, 46, 47, 48, 49, 52, 53, 56, 57, 58, 61, 62, 65, 66, 69, 70, 73, 74, 75, 76, 79, 80, 83, 84, 86, 88, 89, 90, 92, 99, 117, 118, 120, 127, 151, 153, 155, 157, 158, 161, 162, 164, 169, 171, 200, 202, 233, 248, 252, 253, 255, 271, 286, 290, 291, 293, 308, 316, 321, 323, 325, 339, 357, 369, 377, 379, 397, 403, 406, 407, 408, 409, 411, 413, 428, 436, 437, 439, 456, 458, 464, 465, 467, 477, 482, 483, 489, 495, 497, 507, 514, 515, 521, 538, 539, 540, 542, 544, 549, 553, 554, 560, 566], "summary": {"covered_lines": 115, "num_statements": 135, "percent_covered": 84.76821192052981, "percent_covered_display": "85", "missing_lines": 20, "excluded_lines": 0, "percent_statements_covered": 85.18518518518519, "percent_statements_covered_display": "85", "num_branches": 16, "num_partial_branches": 3, "covered_branches": 13, "missing_branches": 3, "percent_branches_covered": 81.25, "percent_branches_covered_display": "81"}, "missing_lines": [163, 165, 166, 167, 168, 267, 268, 269, 309, 314, 331, 337, 345, 351, 562, 563, 564, 576, 581, 582], "excluded_lines": [], "executed_branches": [[88, 89], [88, 90], [117, 118], [117, 120], [157, 158], [157, 161], [162, 164], [164, 169], [308, 316], [406, 407], [406, 411], [539, 540], [539, 542]], "missing_branches": [[162, 163], [164, 165], [308, 309]], "functions": {"User.is_locked": {"executed_lines": [88, 89, 90], "summary": {"covered_lines": 3, "num_statements": 3, "percent_covered": 100.0, "percent_covered_display": "100", "missing_lines": 0, "excluded_lines": 0, "percent_statements_covered": 100.0, "percent_statements_covered_display": "100", "num_branches": 2, "num_partial_branches": 0, "covered_branches": 2, "missing_branches": 0, "percent_branches_covered": 100.0, "percent_branches_covered_display": "100"}, "missing_lines": [], "excluded_lines": [], "start_line": 86, "executed_branches": [[88, 89], [88, 90]], "missing_branches": []}, "User.to_dict": {"executed_lines": [99, 117, 118, 120], "summary": {"covered_lines": 4, "num_statements": 4, "percent_covered": 100.0, "percent_covered_display": "100", "missing_lines": 0, "excluded_lines": 0, "percent_statements_covered": 100.0, "percent_statements_covered_display": "100", "num_branches": 2, "num_partial_branches": 0, "covered_branches": 2, "missing_branches": 0, "percent_branches_covered": 100.0, "percent_branches_covered_display": "100"}, "missing_lines": [], "excluded_lines": [], "start_line": 92, "executed_branches": [[117, 118], [117, 120]], "missing_branches": []}, "UserRepository._record_to_entity": {"executed_lines": [155, 157, 158, 161, 171], "summary": {"covered_lines": 5, "num_statements": 5, "percent_covered": 100.0, "percent_covered_display": "100", "missing_lines": 0, "excluded_lines": 0, "percent_statements_covered": 100.0, "percent_statements_covered_display": "100", "num_branches": 2, "num_partial_branches": 0, "covered_branches": 2, "missing_branches": 0, "percent_branches_covered": 100.0, "percent_branches_covered_display": "100"}, "missing_lines": [], "excluded_lines": [], "start_line": 153, "executed_branches": [[157, 158], [157, 161]], "missing_branches": []}, "UserRepository._record_to_entity.parse_json_field": {"executed_lines": [162, 164, 169], "summary": {"covered_lines": 3, "num_statements": 8, "percent_covered": 41.666666666666664, "percent_covered_display": "42", "missing_lines": 5, "excluded_lines": 0, "percent_statements_covered": 37.5, "percent_statements_covered_display": "38", "num_branches": 4, "num_partial_branches": 2, "covered_branches": 2, "missing_branches": 2, "percent_branches_covered": 50.0, "percent_branches_covered_display": "50"}, "missing_lines": [163, 165, 166, 167, 168], "excluded_lines": [], "start_line": 161, "executed_branches": [[162, 164], [164, 169]], "missing_branches": [[162, 163], [164, 165]]}, "UserRepository._entity_to_dict": {"executed_lines": [202], "summary": {"covered_lines": 1, "num_statements": 1, "percent_covered": 100.0, "percent_covered_display": "100", "missing_lines": 0, "excluded_lines": 0, "percent_statements_covered": 100.0, "percent_statements_covered_display": "100", "num_branches": 0, "num_partial_branches": 0, "covered_branches": 0, "missing_branches": 0, "percent_branches_covered": 100.0, "percent_branches_covered_display": "100"}, "missing_lines": [], "excluded_lines": [], "start_line": 200, "executed_branches": [], "missing_branches": []}, "UserRepository.get_by_email": {"executed_lines": [248, 252, 253], "summary": {"covered_lines": 3, "num_statements": 3, "percent_covered": 100.0, "percent_covered_display": "100", "missing_lines": 0, "excluded_lines": 0, "percent_statements_covered": 100.0, "percent_statements_covered_display": "100", "num_branches": 0, "num_partial_branches": 0, "covered_branches": 0, "missing_branches": 0, "percent_branches_covered": 100.0, "percent_branches_covered_display": "100"}, "missing_lines": [], "excluded_lines": [], "start_line": 233, "executed_branches": [], "missing_branches": []}, "UserRepository.get_by_email_global": {"executed_lines": [], "summary": {"covered_lines": 0, "num_statements": 3, "percent_covered": 0.0, "percent_covered_display": "0", "missing_lines": 3, "excluded_lines": 0, "percent_statements_covered": 0.0, "percent_statements_covered_display": "0", "num_branches": 0, "num_partial_branches": 0, "covered_branches": 0, "missing_branches": 0, "percent_branches_covered": 100.0, "percent_branches_covered_display": "100"}, "missing_lines": [267, 268, 269], "excluded_lines": [], "start_line": 255, "executed_branches": [], "missing_branches": []}, "UserRepository.get_by_username": {"executed_lines": [286, 290, 291], "summary": {"covered_lines": 3, "num_statements": 3, "percent_covered": 100.0, "percent_covered_display": "100", "missing_lines": 0, "excluded_lines": 0, "percent_statements_covered": 100.0, "percent_statements_covered_display": "100", "num_branches": 0, "num_partial_branches": 0, "covered_branches": 0, "missing_branches": 0, "percent_branches_covered": 100.0, "percent_branches_covered_display": "100"}, "missing_lines": [], "excluded_lines": [], "start_line": 271, "executed_branches": [], "missing_branches": []}, "UserRepository.get_organization_users": {"executed_lines": [308, 316, 321, 323], "summary": {"covered_lines": 4, "num_statements": 6, "percent_covered": 62.5, "percent_covered_display": "62", "missing_lines": 2, "excluded_lines": 0, "percent_statements_covered": 66.66666666666667, "percent_statements_covered_display": "67", "num_branches": 2, "num_partial_branches": 1, "covered_branches": 1, "missing_branches": 1, "percent_branches_covered": 50.0, "percent_branches_covered_display": "50"}, "missing_lines": [309, 314], "excluded_lines": [], "start_line": 293, "executed_branches": [[308, 316]], "missing_branches": [[308, 309]]}, "UserRepository.email_exists": {"executed_lines": [], "summary": {"covered_lines": 0, "num_statements": 2, "percent_covered": 0.0, "percent_covered_display": "0", "missing_lines": 2, "excluded_lines": 0, "percent_statements_covered": 0.0, "percent_statements_covered_display": "0", "num_branches": 0, "num_partial_branches": 0, "covered_branches": 0, "missing_branches": 0, "percent_branches_covered": 100.0, "percent_branches_covered_display": "100"}, "missing_lines": [331, 337], "excluded_lines": [], "start_line": 325, "executed_branches": [], "missing_branches": []}, "UserRepository.username_exists": {"executed_lines": [], "summary": {"covered_lines": 0, "num_statements": 2, "percent_covered": 0.0, "percent_covered_display": "0", "missing_lines": 2, "excluded_lines": 0, "percent_statements_covered": 0.0, "percent_statements_covered_display": "0", "num_branches": 0, "num_partial_branches": 0, "covered_branches": 0, "missing_branches": 0, "percent_branches_covered": 100.0, "percent_branches_covered_display": "100"}, "missing_lines": [345, 351], "excluded_lines": [], "start_line": 339, "executed_branches": [], "missing_branches": []}, "UserRepository.record_login": {"executed_lines": [369, 377], "summary": {"covered_lines": 2, "num_statements": 2, "percent_covered": 100.0, "percent_covered_display": "100", "missing_lines": 0, "excluded_lines": 0, "percent_statements_covered": 100.0, "percent_statements_covered_display": "100", "num_branches": 0, "num_partial_branches": 0, "covered_branches": 0, "missing_branches": 0, "percent_branches_covered": 100.0, "percent_branches_covered_display": "100"}, "missing_lines": [], "excluded_lines": [], "start_line": 357, "executed_branches": [], "missing_branches": []}, "UserRepository.record_failed_login": {"executed_lines": [397, 403, 406, 407, 408, 409, 411], "summary": {"covered_lines": 7, "num_statements": 7, "percent_covered": 100.0, "percent_covered_display": "100", "missing_lines": 0, "excluded_lines": 0, "percent_statements_covered": 100.0, "percent_statements_covered_display": "100", "num_branches": 2, "num_partial_branches": 0, "covered_branches": 2, "missing_branches": 0, "percent_branches_covered": 100.0, "percent_branches_covered_display": "100"}, "missing_lines": [], "excluded_lines": [], "start_line": 379, "executed_branches": [[406, 407], [406, 411]], "missing_branches": []}, "UserRepository.update_password": {"executed_lines": [428, 436, 437], "summary": {"covered_lines": 3, "num_statements": 3, "percent_covered": 100.0, "percent_covered_display": "100", "missing_lines": 0, "excluded_lines": 0, "percent_statements_covered": 100.0, "percent_statements_covered_display": "100", "num_branches": 0, "num_partial_branches": 0, "covered_branches": 0, "missing_branches": 0, "percent_branches_covered": 100.0, "percent_branches_covered_display": "100"}, "missing_lines": [], "excluded_lines": [], "start_line": 413, "executed_branches": [], "missing_branches": []}, "UserRepository.set_password_reset_token": {"executed_lines": [456, 458, 464, 465], "summary": {"covered_lines": 4, "num_statements": 4, "percent_covered": 100.0, "percent_covered_display": "100", "missing_lines": 0, "excluded_lines": 0, "percent_statements_covered": 100.0, "percent_statements_covered_display": "100", "num_branches": 0, "num_partial_branches": 0, "covered_branches": 0, "missing_branches": 0, "percent_branches_covered": 100.0, "percent_branches_covered_display": "100"}, "missing_lines": [], "excluded_lines": [], "start_line": 439, "executed_branches": [], "missing_branches": []}, "UserRepository.verify_reset_token": {"executed_lines": [477, 482, 483], "summary": {"covered_lines": 3, "num_statements": 3, "percent_covered": 100.0, "percent_covered_display": "100", "missing_lines": 0, "excluded_lines": 0, "percent_statements_covered": 100.0, "percent_statements_covered_display": "100", "num_branches": 0, "num_partial_branches": 0, "covered_branches": 0, "missing_branches": 0, "percent_branches_covered": 100.0, "percent_branches_covered_display": "100"}, "missing_lines": [], "excluded_lines": [], "start_line": 467, "executed_branches": [], "missing_branches": []}, "UserRepository.set_verification_token": {"executed_lines": [495], "summary": {"covered_lines": 1, "num_statements": 1, "percent_covered": 100.0, "percent_covered_display": "100", "missing_lines": 0, "excluded_lines": 0, "percent_statements_covered": 100.0, "percent_statements_covered_display": "100", "num_branches": 0, "num_partial_branches": 0, "covered_branches": 0, "missing_branches": 0, "percent_branches_covered": 100.0, "percent_branches_covered_display": "100"}, "missing_lines": [], "excluded_lines": [], "start_line": 489, "executed_branches": [], "missing_branches": []}, "UserRepository.verify_email": {"executed_lines": [507, 514, 515], "summary": {"covered_lines": 3, "num_statements": 3, "percent_covered": 100.0, "percent_covered_display": "100", "missing_lines": 0, "excluded_lines": 0, "percent_statements_covered": 100.0, "percent_statements_covered_display": "100", "num_branches": 0, "num_partial_branches": 0, "covered_branches": 0, "missing_branches": 0, "percent_branches_covered": 100.0, "percent_branches_covered_display": "100"}, "missing_lines": [], "excluded_lines": [], "start_line": 497, "executed_branches": [], "missing_branches": []}, "UserRepository.update_role": {"executed_lines": [538, 539, 540, 542], "summary": {"covered_lines": 4, "num_statements": 4, "percent_covered": 100.0, "percent_covered_display": "100", "missing_lines": 0, "excluded_lines": 0, "percent_statements_covered": 100.0, "percent_statements_covered_display": "100", "num_branches": 2, "num_partial_branches": 0, "covered_branches": 2, "missing_branches": 0, "percent_branches_covered": 100.0, "percent_branches_covered_display": "100"}, "missing_lines": [], "excluded_lines": [], "start_line": 521, "executed_branches": [[539, 540], [539, 542]], "missing_branches": []}, "UserRepository.get_organization_admins": {"executed_lines": [549, 553, 554], "summary": {"covered_lines": 3, "num_statements": 3, "percent_covered": 100.0, "percent_covered_display": "100", "missing_lines": 0, "excluded_lines": 0, "percent_statements_covered": 100.0, "percent_statements_covered_display": "100", "num_branches": 0, "num_partial_branches": 0, "covered_branches": 0, "missing_branches": 0, "percent_branches_covered": 100.0, "percent_branches_covered_display": "100"}, "missing_lines": [], "excluded_lines": [], "start_line": 544, "executed_branches": [], "missing_branches": []}, "UserRepository.get_superusers": {"executed_lines": [], "summary": {"covered_lines": 0, "num_statements": 3, "percent_covered": 0.0, "percent_covered_display": "0", "missing_lines": 3, "excluded_lines": 0, "percent_statements_covered": 0.0, "percent_statements_covered_display": "0", "num_branches": 0, "num_partial_branches": 0, "covered_branches": 0, "missing_branches": 0, "percent_branches_covered": 100.0, "percent_branches_covered_display": "100"}, "missing_lines": [562, 563, 564], "excluded_lines": [], "start_line": 560, "executed_branches": [], "missing_branches": []}, "UserRepository.get_all_users_global": {"executed_lines": [], "summary": {"covered_lines": 0, "num_statements": 3, "percent_covered": 0.0, "percent_covered_display": "0", "missing_lines": 3, "excluded_lines": 0, "percent_statements_covered": 0.0, "percent_statements_covered_display": "0", "num_branches": 0, "num_partial_branches": 0, "covered_branches": 0, "missing_branches": 0, "percent_branches_covered": 100.0, "percent_branches_covered_display": "100"}, "missing_lines": [576, 581, 582], "excluded_lines": [], "start_line": 566, "executed_branches": [], "missing_branches": []}, "": {"executed_lines": [18, 19, 20, 21, 22, 24, 25, 27, 34, 35, 41, 42, 45, 46, 47, 48, 49, 52, 53, 56, 57, 58, 61, 62, 65, 66, 69, 70, 73, 74, 75, 76, 79, 80, 83, 84, 86, 92, 127, 151, 153, 200, 233, 255, 271, 293, 325, 339, 357, 379, 413, 439, 467, 489, 497, 521, 544, 560, 566], "summary": {"covered_lines": 59, "num_statements": 59, "percent_covered": 100.0, "percent_covered_display": "100", "missing_lines": 0, "excluded_lines": 0, "percent_statements_covered": 100.0, "percent_statements_covered_display": "100", "num_branches": 0, "num_partial_branches": 0, "covered_branches": 0, "missing_branches": 0, "percent_branches_covered": 100.0, "percent_branches_covered_display": "100"}, "missing_lines": [], "excluded_lines": [], "start_line": 1, "executed_branches": [], "missing_branches": []}}, "classes": {"User": {"executed_lines": [88, 89, 90, 99, 117, 118, 120], "summary": {"covered_lines": 7, "num_statements": 7, "percent_covered": 100.0, "percent_covered_display": "100", "missing_lines": 0, "excluded_lines": 0, "percent_statements_covered": 100.0, "percent_statements_covered_display": "100", "num_branches": 4, "num_partial_branches": 0, "covered_branches": 4, "missing_branches": 0, "percent_branches_covered": 100.0, "percent_branches_covered_display": "100"}, "missing_lines": [], "excluded_lines": [], "start_line": 35, "executed_branches": [[88, 89], [88, 90], [117, 118], [117, 120]], "missing_branches": []}, "UserRepository": {"executed_lines": [155, 157, 158, 161, 162, 164, 169, 171, 202, 248, 252, 253, 286, 290, 291, 308, 316, 321, 323, 369, 377, 397, 403, 406, 407, 408, 409, 411, 428, 436, 437, 456, 458, 464, 465, 477, 482, 483, 495, 507, 514, 515, 538, 539, 540, 542, 549, 553, 554], "summary": {"covered_lines": 49, "num_statements": 69, "percent_covered": 71.60493827160494, "percent_covered_display": "72", "missing_lines": 20, "excluded_lines": 0, "percent_statements_covered": 71.01449275362319, "percent_statements_covered_display": "71", "num_branches": 12, "num_partial_branches": 3, "covered_branches": 9, "missing_branches": 3, "percent_branches_covered": 75.0, "percent_branches_covered_display": "75"}, "missing_lines": [163, 165, 166, 167, 168, 267, 268, 269, 309, 314, 331, 337, 345, 351, 562, 563, 564, 576, 581, 582], "excluded_lines": [], "start_line": 127, "executed_branches": [[157, 158], [157, 161], [162, 164], [164, 169], [308, 316], [406, 407], [406, 411], [539, 540], [539, 542]], "missing_branches": [[162, 163], [164, 165], [308, 309]]}, "": {"executed_lines": [18, 19, 20, 21, 22, 24, 25, 27, 34, 35, 41, 42, 45, 46, 47, 48, 49, 52, 53, 56, 57, 58, 61, 62, 65, 66, 69, 70, 73, 74, 75, 76, 79, 80, 83, 84, 86, 92, 127, 151, 153, 200, 233, 255, 271, 293, 325, 339, 357, 379, 413, 439, 467, 489, 497, 521, 544, 560, 566], "summary": {"covered_lines": 59, "num_statements": 59, "percent_covered": 100.0, "percent_covered_display": "100", "missing_lines": 0, "excluded_lines": 0, "percent_statements_covered": 100.0, "percent_statements_covered_display": "100", "num_branches": 0, "num_partial_branches": 0, "covered_branches": 0, "missing_branches": 0, "percent_branches_covered": 100.0, "percent_branches_covered_display": "100"}, "missing_lines": [], "excluded_lines": [], "start_line": 1, "executed_branches": [], "missing_branches": []}}}}, "totals": {"covered_lines": 942, "num_statements": 1309, "percent_covered": 68.94894894894895, "percent_covered_display": "69", "missing_lines": 367, "excluded_lines": 0, "percent_statements_covered": 71.9633307868602, "percent_statements_covered_display": "72", "num_branches": 356, "num_partial_branches": 68, "covered_branches": 206, "missing_branches": 150, "percent_branches_covered": 57.86516853932584, "percent_branches_covered_display": "58"}}