{"meta": {"format": 3, "version": "7.13.1", "timestamp": "2026-01-09T20:18:38.694675", "branch_coverage": true, "show_contexts": false}, "files": {"src/api/auth_routes.py": {"executed_lines": [20, 21, 22, 23, 24, 25, 26, 28, 29, 30, 31, 32, 34, 35, 36, 37, 38, 41, 42, 45, 52, 54, 55, 56, 57, 60, 62, 63, 64, 65, 66, 69, 71, 72, 73, 74, 75, 76, 77, 84, 86, 87, 88, 91, 93, 94, 95, 96, 97, 100, 101, 102, 115, 117, 118, 119, 122, 124, 125, 126, 127, 130, 132, 133, 134, 135, 136, 137, 138, 139, 140, 141, 142, 145, 147, 150, 152, 153, 155, 156, 157, 174, 185, 196, 214, 257, 300, 385, 399, 401, 412, 415, 417, 428, 435, 567, 568, 700, 701, 783, 784, 802, 803, 829, 830, 873, 874, 918, 919, 936, 953, 954, 997, 998, 1034, 1035, 1075, 1076, 1114, 1115, 1139, 1140], "summary": {"covered_lines": 122, "num_statements": 419, "percent_covered": 23.41650671785029, "percent_covered_display": "23", "missing_lines": 297, "excluded_lines": 0, "percent_statements_covered": 29.116945107398568, "percent_statements_covered_display": "29", "num_branches": 102, "num_partial_branches": 0, "covered_branches": 0, "missing_branches": 102, "percent_branches_covered": 0.0, "percent_branches_covered_display": "0"}, "missing_lines": [104, 105, 106, 107, 108, 109, 110, 111, 112, 159, 160, 161, 162, 163, 164, 165, 166, 167, 176, 177, 178, 182, 187, 188, 189, 193, 198, 199, 201, 202, 203, 207, 232, 234, 235, 237, 238, 239, 241, 249, 252, 254, 271, 273, 274, 279, 280, 281, 282, 283, 288, 289, 290, 291, 292, 297, 309, 310, 316, 319, 320, 321, 327, 328, 329, 336, 338, 339, 342, 344, 345, 346, 347, 348, 353, 355, 356, 362, 363, 369, 390, 391, 393, 394, 395, 396, 405, 406, 407, 411, 421, 422, 423, 427, 445, 447, 448, 449, 452, 456, 459, 460, 461, 464, 467, 468, 471, 476, 482, 485, 486, 487, 490, 500, 505, 507, 509, 515, 517, 518, 519, 520, 522, 523, 524, 525, 526, 527, 529, 530, 532, 535, 536, 547, 549, 551, 553, 554, 555, 556, 559, 560, 582, 583, 584, 587, 588, 589, 595, 596, 599, 601, 602, 603, 607, 608, 609, 612, 614, 616, 617, 625, 626, 627, 628, 632, 633, 641, 642, 643, 644, 647, 650, 651, 664, 667, 679, 681, 705, 706, 707, 710, 712, 713, 719, 720, 726, 728, 730, 731, 733, 739, 740, 746, 747, 750, 751, 754, 755, 762, 764, 792, 793, 795, 797, 799, 810, 811, 812, 814, 838, 839, 841, 843, 844, 846, 847, 852, 853, 855, 856, 858, 882, 883, 886, 891, 892, 898, 899, 905, 908, 911, 913, 915, 926, 928, 938, 939, 941, 950, 963, 965, 966, 971, 974, 981, 982, 990, 1007, 1008, 1010, 1012, 1013, 1014, 1016, 1044, 1045, 1047, 1048, 1051, 1052, 1053, 1056, 1057, 1063, 1064, 1067, 1068, 1070, 1072, 1085, 1087, 1088, 1091, 1092, 1093, 1096, 1097, 1098, 1103, 1105, 1107, 1122, 1124, 1125, 1126, 1128, 1149, 1150, 1152, 1155, 1156, 1157, 1163, 1164, 1172, 1174], "excluded_lines": [], "executed_branches": [], "missing_branches": [[104, 105], [104, 106], [106, 107], [106, 108], [108, 109], [108, 110], [110, 111], [110, 112], [159, 160], [159, 161], [161, 162], [161, 163], [163, 164], [163, 165], [165, 166], [165, 167], [177, 178], [177, 182], [188, 189], [188, 193], [199, 201], [199, 202], [202, 203], [202, 207], [234, 235], [234, 237], [282, 283], [282, 288], [291, 292], [291, 297], [309, 310], [309, 316], [320, 321], [320, 327], [328, 329], [328, 336], [355, 356], [355, 362], [362, 363], [362, 369], [390, 391], [390, 393], [406, 407], [406, 411], [422, 423], [422, 427], [459, 460], [459, 467], [507, 509], [507, 551], [518, 519], [518, 532], [523, 518], [523, 524], [532, 535], [532, 549], [588, 589], [588, 595], [599, 601], [599, 614], [602, 603], [602, 607], [614, 616], [614, 632], [712, 713], [712, 719], [719, 720], [719, 726], [726, 728], [726, 739], [730, 731], [730, 733], [739, 740], [739, 746], [843, 844], [843, 846], [846, 847], [846, 855], [852, 853], [852, 855], [891, 892], [891, 898], [898, 899], [898, 905], [938, 939], [938, 941], [965, 966], [965, 971], [1052, 1053], [1052, 1056], [1056, 1057], [1056, 1063], [1067, 1068], [1067, 1070], [1092, 1093], [1092, 1096], [1097, 1098], [1097, 1103], [1125, 1126], [1125, 1128], [1156, 1157], [1156, 1163]], "functions": {"RegisterRequest.validate_password": {"executed_lines": [], "summary": {"covered_lines": 0, "num_statements": 9, "percent_covered": 0.0, "percent_covered_display": "0", "missing_lines": 9, "excluded_lines": 0, "percent_statements_covered": 0.0, "percent_statements_covered_display": "0", "num_branches": 8, "num_partial_branches": 0, "covered_branches": 0, "missing_branches": 8, "percent_branches_covered": 0.0, "percent_branches_covered_display": "0"}, "missing_lines": [104, 105, 106, 107, 108, 109, 110, 111, 112], "excluded_lines": [], "start_line": 102, "executed_branches": [], "missing_branches": [[104, 105], [104, 106], [106, 107], [106, 108], [108, 109], [108, 110], [110, 111], [110, 112]]}, "PasswordChangeRequest.validate_password": {"executed_lines": [], "summary": {"covered_lines": 0, "num_statements": 9, "percent_covered": 0.0, "percent_covered_display": "0", "missing_lines": 9, "excluded_lines": 0, "percent_statements_covered": 0.0, "percent_statements_covered_display": "0", "num_branches": 8, "num_partial_branches": 0, "covered_branches": 0, "missing_branches": 8, "percent_branches_covered": 0.0, "percent_branches_covered_display": "0"}, "missing_lines": [159, 160, 161, 162, 163, 164, 165, 166, 167], "excluded_lines": [], "start_line": 157, "executed_branches": [], "missing_branches": [[159, 160], [159, 161], [161, 162], [161, 163], [163, 164], [163, 165], [165, 166], [165, 167]]}, "get_user_repo": {"executed_lines": [], "summary": {"covered_lines": 0, "num_statements": 4, "percent_covered": 0.0, "percent_covered_display": "0", "missing_lines": 4, "excluded_lines": 0, "percent_statements_covered": 0.0, "percent_statements_covered_display": "0", "num_branches": 2, "num_partial_branches": 0, "covered_branches": 0, "missing_branches": 2, "percent_branches_covered": 0.0, "percent_branches_covered_display": "0"}, "missing_lines": [176, 177, 178, 182], "excluded_lines": [], "start_line": 174, "executed_branches": [], "missing_branches": [[177, 178], [177, 182]]}, "get_org_repo": {"executed_lines": [], "summary": {"covered_lines": 0, "num_statements": 4, "percent_covered": 0.0, "percent_covered_display": "0", "missing_lines": 4, "excluded_lines": 0, "percent_statements_covered": 0.0, "percent_statements_covered_display": "0", "num_branches": 2, "num_partial_branches": 0, "covered_branches": 0, "missing_branches": 2, "percent_branches_covered": 0.0, "percent_branches_covered_display": "0"}, "missing_lines": [187, 188, 189, 193], "excluded_lines": [], "start_line": 185, "executed_branches": [], "missing_branches": [[188, 189], [188, 193]]}, "get_token_store_from_request": {"executed_lines": [], "summary": {"covered_lines": 0, "num_statements": 6, "percent_covered": 0.0, "percent_covered_display": "0", "missing_lines": 6, "excluded_lines": 0, "percent_statements_covered": 0.0, "percent_statements_covered_display": "0", "num_branches": 4, "num_partial_branches": 0, "covered_branches": 0, "missing_branches": 4, "percent_branches_covered": 0.0, "percent_branches_covered_display": "0"}, "missing_lines": [198, 199, 201, 202, 203, 207], "excluded_lines": [], "start_line": 196, "executed_branches": [], "missing_branches": [[199, 201], [199, 202], [202, 203], [202, 207]]}, "create_access_token": {"executed_lines": [], "summary": {"covered_lines": 0, "num_statements": 10, "percent_covered": 0.0, "percent_covered_display": "0", "missing_lines": 10, "excluded_lines": 0, "percent_statements_covered": 0.0, "percent_statements_covered_display": "0", "num_branches": 2, "num_partial_branches": 0, "covered_branches": 0, "missing_branches": 2, "percent_branches_covered": 0.0, "percent_branches_covered_display": "0"}, "missing_lines": [232, 234, 235, 237, 238, 239, 241, 249, 252, 254], "excluded_lines": [], "start_line": 214, "executed_branches": [], "missing_branches": [[234, 235], [234, 237]]}, "decode_token": {"executed_lines": [], "summary": {"covered_lines": 0, "num_statements": 14, "percent_covered": 0.0, "percent_covered_display": "0", "missing_lines": 14, "excluded_lines": 0, "percent_statements_covered": 0.0, "percent_statements_covered_display": "0", "num_branches": 4, "num_partial_branches": 0, "covered_branches": 0, "missing_branches": 4, "percent_branches_covered": 0.0, "percent_branches_covered_display": "0"}, "missing_lines": [271, 273, 274, 279, 280, 281, 282, 283, 288, 289, 290, 291, 292, 297], "excluded_lines": [], "start_line": 257, "executed_branches": [], "missing_branches": [[282, 283], [282, 288], [291, 292], [291, 297]]}, "get_current_user": {"executed_lines": [], "summary": {"covered_lines": 0, "num_statements": 24, "percent_covered": 0.0, "percent_covered_display": "0", "missing_lines": 24, "excluded_lines": 0, "percent_statements_covered": 0.0, "percent_statements_covered_display": "0", "num_branches": 10, "num_partial_branches": 0, "covered_branches": 0, "missing_branches": 10, "percent_branches_covered": 0.0, "percent_branches_covered_display": "0"}, "missing_lines": [309, 310, 316, 319, 320, 321, 327, 328, 329, 336, 338, 339, 342, 344, 345, 346, 347, 348, 353, 355, 356, 362, 363, 369], "excluded_lines": [], "start_line": 300, "executed_branches": [], "missing_branches": [[309, 310], [309, 316], [320, 321], [320, 327], [328, 329], [328, 336], [355, 356], [355, 362], [362, 363], [362, 369]]}, "get_optional_user": {"executed_lines": [], "summary": {"covered_lines": 0, "num_statements": 6, "percent_covered": 0.0, "percent_covered_display": "0", "missing_lines": 6, "excluded_lines": 0, "percent_statements_covered": 0.0, "percent_statements_covered_display": "0", "num_branches": 2, "num_partial_branches": 0, "covered_branches": 0, "missing_branches": 2, "percent_branches_covered": 0.0, "percent_branches_covered_display": "0"}, "missing_lines": [390, 391, 393, 394, 395, 396], "excluded_lines": [], "start_line": 385, "executed_branches": [], "missing_branches": [[390, 391], [390, 393]]}, "require_role": {"executed_lines": [401, 412], "summary": {"covered_lines": 2, "num_statements": 2, "percent_covered": 100.0, "percent_covered_display": "100", "missing_lines": 0, "excluded_lines": 0, "percent_statements_covered": 100.0, "percent_statements_covered_display": "100", "num_branches": 0, "num_partial_branches": 0, "covered_branches": 0, "missing_branches": 0, "percent_branches_covered": 100.0, "percent_branches_covered_display": "100"}, "missing_lines": [], "excluded_lines": [], "start_line": 399, "executed_branches": [], "missing_branches": []}, "require_role.role_checker": {"executed_lines": [], "summary": {"covered_lines": 0, "num_statements": 4, "percent_covered": 0.0, "percent_covered_display": "0", "missing_lines": 4, "excluded_lines": 0, "percent_statements_covered": 0.0, "percent_statements_covered_display": "0", "num_branches": 2, "num_partial_branches": 0, "covered_branches": 0, "missing_branches": 2, "percent_branches_covered": 0.0, "percent_branches_covered_display": "0"}, "missing_lines": [405, 406, 407, 411], "excluded_lines": [], "start_line": 401, "executed_branches": [], "missing_branches": [[406, 407], [406, 411]]}, "require_org_owner": {"executed_lines": [417, 428], "summary": {"covered_lines": 2, "num_statements": 2, "percent_covered": 100.0, "percent_covered_display": "100", "missing_lines": 0, "excluded_lines": 0, "percent_statements_covered": 100.0, "percent_statements_covered_display": "100", "num_branches": 0, "num_partial_branches": 0, "covered_branches": 0, "missing_branches": 0, "percent_branches_covered": 100.0, "percent_branches_covered_display": "100"}, "missing_lines": [], "excluded_lines": [], "start_line": 415, "executed_branches": [], "missing_branches": []}, "require_org_owner.owner_checker": {"executed_lines": [], "summary": {"covered_lines": 0, "num_statements": 4, "percent_covered": 0.0, "percent_covered_display": "0", "missing_lines": 4, "excluded_lines": 0, "percent_statements_covered": 0.0, "percent_statements_covered_display": "0", "num_branches": 2, "num_partial_branches": 0, "covered_branches": 0, "missing_branches": 2, "percent_branches_covered": 0.0, "percent_branches_covered_display": "0"}, "missing_lines": [421, 422, 423, 427], "excluded_lines": [], "start_line": 417, "executed_branches": [], "missing_branches": [[422, 423], [422, 427]]}, "provision_user_vm": {"executed_lines": [], "summary": {"covered_lines": 0, "num_statements": 48, "percent_covered": 0.0, "percent_covered_display": "0", "missing_lines": 48, "excluded_lines": 0, "percent_statements_covered": 0.0, "percent_statements_covered_display": "0", "num_branches": 10, "num_partial_branches": 0, "covered_branches": 0, "missing_branches": 10, "percent_branches_covered": 0.0, "percent_branches_covered_display": "0"}, "missing_lines": [445, 447, 448, 449, 452, 456, 459, 460, 461, 464, 467, 468, 471, 476, 482, 485, 486, 487, 490, 500, 505, 507, 509, 515, 517, 518, 519, 520, 522, 523, 524, 525, 526, 527, 529, 530, 532, 535, 536, 547, 549, 551, 553, 554, 555, 556, 559, 560], "excluded_lines": [], "start_line": 435, "executed_branches": [], "missing_branches": [[459, 460], [459, 467], [507, 509], [507, 551], [518, 519], [518, 532], [523, 518], [523, 524], [532, 535], [532, 549]]}, "register": {"executed_lines": [], "summary": {"covered_lines": 0, "num_statements": 36, "percent_covered": 0.0, "percent_covered_display": "0", "missing_lines": 36, "excluded_lines": 0, "percent_statements_covered": 0.0, "percent_statements_covered_display": "0", "num_branches": 8, "num_partial_branches": 0, "covered_branches": 0, "missing_branches": 8, "percent_branches_covered": 0.0, "percent_branches_covered_display": "0"}, "missing_lines": [582, 583, 584, 587, 588, 589, 595, 596, 599, 601, 602, 603, 607, 608, 609, 612, 614, 616, 617, 625, 626, 627, 628, 632, 633, 641, 642, 643, 644, 647, 650, 651, 664, 667, 679, 681], "excluded_lines": [], "start_line": 568, "executed_branches": [], "missing_branches": [[588, 589], [588, 595], [599, 601], [599, 614], [602, 603], [602, 607], [614, 616], [614, 632]]}, "login": {"executed_lines": [], "summary": {"covered_lines": 0, "num_statements": 23, "percent_covered": 0.0, "percent_covered_display": "0", "missing_lines": 23, "excluded_lines": 0, "percent_statements_covered": 0.0, "percent_statements_covered_display": "0", "num_branches": 10, "num_partial_branches": 0, "covered_branches": 0, "missing_branches": 10, "percent_branches_covered": 0.0, "percent_branches_covered_display": "0"}, "missing_lines": [705, 706, 707, 710, 712, 713, 719, 720, 726, 728, 730, 731, 733, 739, 740, 746, 747, 750, 751, 754, 755, 762, 764], "excluded_lines": [], "start_line": 701, "executed_branches": [], "missing_branches": [[712, 713], [712, 719], [719, 720], [719, 726], [726, 728], [726, 739], [730, 731], [730, 733], [739, 740], [739, 746]]}, "logout": {"executed_lines": [], "summary": {"covered_lines": 0, "num_statements": 5, "percent_covered": 0.0, "percent_covered_display": "0", "missing_lines": 5, "excluded_lines": 0, "percent_statements_covered": 0.0, "percent_statements_covered_display": "0", "num_branches": 0, "num_partial_branches": 0, "covered_branches": 0, "missing_branches": 0, "percent_branches_covered": 100.0, "percent_branches_covered_display": "100"}, "missing_lines": [792, 793, 795, 797, 799], "excluded_lines": [], "start_line": 784, "executed_branches": [], "missing_branches": []}, "get_current_user_info": {"executed_lines": [], "summary": {"covered_lines": 0, "num_statements": 4, "percent_covered": 0.0, "percent_covered_display": "0", "missing_lines": 4, "excluded_lines": 0, "percent_statements_covered": 0.0, "percent_statements_covered_display": "0", "num_branches": 0, "num_partial_branches": 0, "covered_branches": 0, "missing_branches": 0, "percent_branches_covered": 100.0, "percent_branches_covered_display": "100"}, "missing_lines": [810, 811, 812, 814], "excluded_lines": [], "start_line": 803, "executed_branches": [], "missing_branches": []}, "update_profile": {"executed_lines": [], "summary": {"covered_lines": 0, "num_statements": 12, "percent_covered": 0.0, "percent_covered_display": "0", "missing_lines": 12, "excluded_lines": 0, "percent_statements_covered": 0.0, "percent_statements_covered_display": "0", "num_branches": 6, "num_partial_branches": 0, "covered_branches": 0, "missing_branches": 6, "percent_branches_covered": 0.0, "percent_branches_covered_display": "0"}, "missing_lines": [838, 839, 841, 843, 844, 846, 847, 852, 853, 855, 856, 858], "excluded_lines": [], "start_line": 830, "executed_branches": [], "missing_branches": [[843, 844], [843, 846], [846, 847], [846, 855], [852, 853], [852, 855]]}, "change_password": {"executed_lines": [], "summary": {"covered_lines": 0, "num_statements": 12, "percent_covered": 0.0, "percent_covered_display": "0", "missing_lines": 12, "excluded_lines": 0, "percent_statements_covered": 0.0, "percent_statements_covered_display": "0", "num_branches": 4, "num_partial_branches": 0, "covered_branches": 0, "missing_branches": 4, "percent_branches_covered": 0.0, "percent_branches_covered_display": "0"}, "missing_lines": [882, 883, 886, 891, 892, 898, 899, 905, 908, 911, 913, 915], "excluded_lines": [], "start_line": 874, "executed_branches": [], "missing_branches": [[891, 892], [891, 898], [898, 899], [898, 905]]}, "get_vm_status": {"executed_lines": [], "summary": {"covered_lines": 0, "num_statements": 2, "percent_covered": 0.0, "percent_covered_display": "0", "missing_lines": 2, "excluded_lines": 0, "percent_statements_covered": 0.0, "percent_statements_covered_display": "0", "num_branches": 0, "num_partial_branches": 0, "covered_branches": 0, "missing_branches": 0, "percent_branches_covered": 100.0, "percent_branches_covered_display": "100"}, "missing_lines": [926, 928], "excluded_lines": [], "start_line": 919, "executed_branches": [], "missing_branches": []}, "_get_vm_status_message": {"executed_lines": [], "summary": {"covered_lines": 0, "num_statements": 4, "percent_covered": 0.0, "percent_covered_display": "0", "missing_lines": 4, "excluded_lines": 0, "percent_statements_covered": 0.0, "percent_statements_covered_display": "0", "num_branches": 2, "num_partial_branches": 0, "covered_branches": 0, "missing_branches": 2, "percent_branches_covered": 0.0, "percent_branches_covered_display": "0"}, "missing_lines": [938, 939, 941, 950], "excluded_lines": [], "start_line": 936, "executed_branches": [], "missing_branches": [[938, 939], [938, 941]]}, "reprovision_vm": {"executed_lines": [], "summary": {"covered_lines": 0, "num_statements": 8, "percent_covered": 0.0, "percent_covered_display": "0", "missing_lines": 8, "excluded_lines": 0, "percent_statements_covered": 0.0, "percent_statements_covered_display": "0", "num_branches": 2, "num_partial_branches": 0, "covered_branches": 0, "missing_branches": 2, "percent_branches_covered": 0.0, "percent_branches_covered_display": "0"}, "missing_lines": [963, 965, 966, 971, 974, 981, 982, 990], "excluded_lines": [], "start_line": 954, "executed_branches": [], "missing_branches": [[965, 966], [965, 971]]}, "list_organization_users": {"executed_lines": [], "summary": {"covered_lines": 0, "num_statements": 7, "percent_covered": 0.0, "percent_covered_display": "0", "missing_lines": 7, "excluded_lines": 0, "percent_statements_covered": 0.0, "percent_statements_covered_display": "0", "num_branches": 0, "num_partial_branches": 0, "covered_branches": 0, "missing_branches": 0, "percent_branches_covered": 100.0, "percent_branches_covered_display": "100"}, "missing_lines": [1007, 1008, 1010, 1012, 1013, 1014, 1016], "excluded_lines": [], "start_line": 998, "executed_branches": [], "missing_branches": []}, "update_user_status": {"executed_lines": [], "summary": {"covered_lines": 0, "num_statements": 15, "percent_covered": 0.0, "percent_covered_display": "0", "missing_lines": 15, "excluded_lines": 0, "percent_statements_covered": 0.0, "percent_statements_covered_display": "0", "num_branches": 6, "num_partial_branches": 0, "covered_branches": 0, "missing_branches": 6, "percent_branches_covered": 0.0, "percent_branches_covered_display": "0"}, "missing_lines": [1044, 1045, 1047, 1048, 1051, 1052, 1053, 1056, 1057, 1063, 1064, 1067, 1068, 1070, 1072], "excluded_lines": [], "start_line": 1035, "executed_branches": [], "missing_branches": [[1052, 1053], [1052, 1056], [1056, 1057], [1056, 1063], [1067, 1068], [1067, 1070]]}, "update_user_role": {"executed_lines": [], "summary": {"covered_lines": 0, "num_statements": 12, "percent_covered": 0.0, "percent_covered_display": "0", "missing_lines": 12, "excluded_lines": 0, "percent_statements_covered": 0.0, "percent_statements_covered_display": "0", "num_branches": 4, "num_partial_branches": 0, "covered_branches": 0, "missing_branches": 4, "percent_branches_covered": 0.0, "percent_branches_covered_display": "0"}, "missing_lines": [1085, 1087, 1088, 1091, 1092, 1093, 1096, 1097, 1098, 1103, 1105, 1107], "excluded_lines": [], "start_line": 1076, "executed_branches": [], "missing_branches": [[1092, 1093], [1092, 1096], [1097, 1098], [1097, 1103]]}, "get_organization_info": {"executed_lines": [], "summary": {"covered_lines": 0, "num_statements": 5, "percent_covered": 0.0, "percent_covered_display": "0", "missing_lines": 5, "excluded_lines": 0, "percent_statements_covered": 0.0, "percent_statements_covered_display": "0", "num_branches": 2, "num_partial_branches": 0, "covered_branches": 0, "missing_branches": 2, "percent_branches_covered": 0.0, "percent_branches_covered_display": "0"}, "missing_lines": [1122, 1124, 1125, 1126, 1128], "excluded_lines": [], "start_line": 1115, "executed_branches": [], "missing_branches": [[1125, 1126], [1125, 1128]]}, "invite_user_to_organization": {"executed_lines": [], "summary": {"covered_lines": 0, "num_statements": 10, "percent_covered": 0.0, "percent_covered_display": "0", "missing_lines": 10, "excluded_lines": 0, "percent_statements_covered": 0.0, "percent_statements_covered_display": "0", "num_branches": 2, "num_partial_branches": 0, "covered_branches": 0, "missing_branches": 2, "percent_branches_covered": 0.0, "percent_branches_covered_display": "0"}, "missing_lines": [1149, 1150, 1152, 1155, 1156, 1157, 1163, 1164, 1172, 1174], "excluded_lines": [], "start_line": 1140, "executed_branches": [], "missing_branches": [[1156, 1157], [1156, 1163]]}, "": {"executed_lines": [20, 21, 22, 23, 24, 25, 26, 28, 29, 30, 31, 32, 34, 35, 36, 37, 38, 41, 42, 45, 52, 54, 55, 56, 57, 60, 62, 63, 64, 65, 66, 69, 71, 72, 73, 74, 75, 76, 77, 84, 86, 87, 88, 91, 93, 94, 95, 96, 97, 100, 101, 102, 115, 117, 118, 119, 122, 124, 125, 126, 127, 130, 132, 133, 134, 135, 136, 137, 138, 139, 140, 141, 142, 145, 147, 150, 152, 153, 155, 156, 157, 174, 185, 196, 214, 257, 300, 385, 399, 415, 435, 567, 568, 700, 701, 783, 784, 802, 803, 829, 830, 873, 874, 918, 919, 936, 953, 954, 997, 998, 1034, 1035, 1075, 1076, 1114, 1115, 1139, 1140], "summary": {"covered_lines": 118, "num_statements": 118, "percent_covered": 100.0, "percent_covered_display": "100", "missing_lines": 0, "excluded_lines": 0, "percent_statements_covered": 100.0, "percent_statements_covered_display": "100", "num_branches": 0, "num_partial_branches": 0, "covered_branches": 0, "missing_branches": 0, "percent_branches_covered": 100.0, "percent_branches_covered_display": "100"}, "missing_lines": [], "excluded_lines": [], "start_line": 1, "executed_branches": [], "missing_branches": []}}, "classes": {"UserRole": {"executed_lines": [], "summary": {"covered_lines": 0, "num_statements": 0, "percent_covered": 100.0, "percent_covered_display": "100", "missing_lines": 0, "excluded_lines": 0, "percent_statements_covered": 100.0, "percent_statements_covered_display": "100", "num_branches": 0, "num_partial_branches": 0, "covered_branches": 0, "missing_branches": 0, "percent_branches_covered": 100.0, "percent_branches_covered_display": "100"}, "missing_lines": [], "excluded_lines": [], "start_line": 52, "executed_branches": [], "missing_branches": []}, "UserStatus": {"executed_lines": [], "summary": {"covered_lines": 0, "num_statements": 0, "percent_covered": 100.0, "percent_covered_display": "100", "missing_lines": 0, "excluded_lines": 0, "percent_statements_covered": 100.0, "percent_statements_covered_display": "100", "num_branches": 0, "num_partial_branches": 0, "covered_branches": 0, "missing_branches": 0, "percent_branches_covered": 100.0, "percent_branches_covered_display": "100"}, "missing_lines": [], "excluded_lines": [], "start_line": 60, "executed_branches": [], "missing_branches": []}, "VMProvisionStatus": {"executed_lines": [], "summary": {"covered_lines": 0, "num_statements": 0, "percent_covered": 100.0, "percent_covered_display": "100", "missing_lines": 0, "excluded_lines": 0, "percent_statements_covered": 100.0, "percent_statements_covered_display": "100", "num_branches": 0, "num_partial_branches": 0, "covered_branches": 0, "missing_branches": 0, "percent_branches_covered": 100.0, "percent_branches_covered_display": "100"}, "missing_lines": [], "excluded_lines": [], "start_line": 69, "executed_branches": [], "missing_branches": []}, "VMConfiguration": {"executed_lines": [], "summary": {"covered_lines": 0, "num_statements": 0, "percent_covered": 100.0, "percent_covered_display": "100", "missing_lines": 0, "excluded_lines": 0, "percent_statements_covered": 100.0, "percent_statements_covered_display": "100", "num_branches": 0, "num_partial_branches": 0, "covered_branches": 0, "missing_branches": 0, "percent_branches_covered": 100.0, "percent_branches_covered_display": "100"}, "missing_lines": [], "excluded_lines": [], "start_line": 84, "executed_branches": [], "missing_branches": []}, "RegisterRequest": {"executed_lines": [], "summary": {"covered_lines": 0, "num_statements": 9, "percent_covered": 0.0, "percent_covered_display": "0", "missing_lines": 9, "excluded_lines": 0, "percent_statements_covered": 0.0, "percent_statements_covered_display": "0", "num_branches": 8, "num_partial_branches": 0, "covered_branches": 0, "missing_branches": 8, "percent_branches_covered": 0.0, "percent_branches_covered_display": "0"}, "missing_lines": [104, 105, 106, 107, 108, 109, 110, 111, 112], "excluded_lines": [], "start_line": 91, "executed_branches": [], "missing_branches": [[104, 105], [104, 106], [106, 107], [106, 108], [108, 109], [108, 110], [110, 111], [110, 112]]}, "LoginRequest": {"executed_lines": [], "summary": {"covered_lines": 0, "num_statements": 0, "percent_covered": 100.0, "percent_covered_display": "100", "missing_lines": 0, "excluded_lines": 0, "percent_statements_covered": 100.0, "percent_statements_covered_display": "100", "num_branches": 0, "num_partial_branches": 0, "covered_branches": 0, "missing_branches": 0, "percent_branches_covered": 100.0, "percent_branches_covered_display": "100"}, "missing_lines": [], "excluded_lines": [], "start_line": 115, "executed_branches": [], "missing_branches": []}, "TokenResponse": {"executed_lines": [], "summary": {"covered_lines": 0, "num_statements": 0, "percent_covered": 100.0, "percent_covered_display": "100", "missing_lines": 0, "excluded_lines": 0, "percent_statements_covered": 100.0, "percent_statements_covered_display": "100", "num_branches": 0, "num_partial_branches": 0, "covered_branches": 0, "missing_branches": 0, "percent_branches_covered": 100.0, "percent_branches_covered_display": "100"}, "missing_lines": [], "excluded_lines": [], "start_line": 122, "executed_branches": [], "missing_branches": []}, "UserResponse": {"executed_lines": [], "summary": {"covered_lines": 0, "num_statements": 0, "percent_covered": 100.0, "percent_covered_display": "100", "missing_lines": 0, "excluded_lines": 0, "percent_statements_covered": 100.0, "percent_statements_covered_display": "100", "num_branches": 0, "num_partial_branches": 0, "covered_branches": 0, "missing_branches": 0, "percent_branches_covered": 100.0, "percent_branches_covered_display": "100"}, "missing_lines": [], "excluded_lines": [], "start_line": 130, "executed_branches": [], "missing_branches": []}, "UserProfileUpdate": {"executed_lines": [], "summary": {"covered_lines": 0, "num_statements": 0, "percent_covered": 100.0, "percent_covered_display": "100", "missing_lines": 0, "excluded_lines": 0, "percent_statements_covered": 100.0, "percent_statements_covered_display": "100", "num_branches": 0, "num_partial_branches": 0, "covered_branches": 0, "missing_branches": 0, "percent_branches_covered": 100.0, "percent_branches_covered_display": "100"}, "missing_lines": [], "excluded_lines": [], "start_line": 145, "executed_branches": [], "missing_branches": []}, "PasswordChangeRequest": {"executed_lines": [], "summary": {"covered_lines": 0, "num_statements": 9, "percent_covered": 0.0, "percent_covered_display": "0", "missing_lines": 9, "excluded_lines": 0, "percent_statements_covered": 0.0, "percent_statements_covered_display": "0", "num_branches": 8, "num_partial_branches": 0, "covered_branches": 0, "missing_branches": 8, "percent_branches_covered": 0.0, "percent_branches_covered_display": "0"}, "missing_lines": [159, 160, 161, 162, 163, 164, 165, 166, 167], "excluded_lines": [], "start_line": 150, "executed_branches": [], "missing_branches": [[159, 160], [159, 161], [161, 162], [161, 163], [163, 164], [163, 165], [165, 166], [165, 167]]}, "": {"executed_lines": [20, 21, 22, 23, 24, 25, 26, 28, 29, 30, 31, 32, 34, 35, 36, 37, 38, 41, 42, 45, 52, 54, 55, 56, 57, 60, 62, 63, 64, 65, 66, 69, 71, 72, 73, 74, 75, 76, 77, 84, 86, 87, 88, 91, 93, 94, 95, 96, 97, 100, 101, 102, 115, 117, 118, 119, 122, 124, 125, 126, 127, 130, 132, 133, 134, 135, 136, 137, 138, 139, 140, 141, 142, 145, 147, 150, 152, 153, 155, 156, 157, 174, 185, 196, 214, 257, 300, 385, 399, 401, 412, 415, 417, 428, 435, 567, 568, 700, 701, 783, 784, 802, 803, 829, 830, 873, 874, 918, 919, 936, 953, 954, 997, 998, 1034, 1035, 1075, 1076, 1114, 1115, 1139, 1140], "summary": {"covered_lines": 122, "num_statements": 401, "percent_covered": 25.05133470225873, "percent_covered_display": "25", "missing_lines": 279, "excluded_lines": 0, "percent_statements_covered": 30.423940149625935, "percent_statements_covered_display": "30", "num_branches": 86, "num_partial_branches": 0, "covered_branches": 0, "missing_branches": 86, "percent_branches_covered": 0.0, "percent_branches_covered_display": "0"}, "missing_lines": [176, 177, 178, 182, 187, 188, 189, 193, 198, 199, 201, 202, 203, 207, 232, 234, 235, 237, 238, 239, 241, 249, 252, 254, 271, 273, 274, 279, 280, 281, 282, 283, 288, 289, 290, 291, 292, 297, 309, 310, 316, 319, 320, 321, 327, 328, 329, 336, 338, 339, 342, 344, 345, 346, 347, 348, 353, 355, 356, 362, 363, 369, 390, 391, 393, 394, 395, 396, 405, 406, 407, 411, 421, 422, 423, 427, 445, 447, 448, 449, 452, 456, 459, 460, 461, 464, 467, 468, 471, 476, 482, 485, 486, 487, 490, 500, 505, 507, 509, 515, 517, 518, 519, 520, 522, 523, 524, 525, 526, 527, 529, 530, 532, 535, 536, 547, 549, 551, 553, 554, 555, 556, 559, 560, 582, 583, 584, 587, 588, 589, 595, 596, 599, 601, 602, 603, 607, 608, 609, 612, 614, 616, 617, 625, 626, 627, 628, 632, 633, 641, 642, 643, 644, 647, 650, 651, 664, 667, 679, 681, 705, 706, 707, 710, 712, 713, 719, 720, 726, 728, 730, 731, 733, 739, 740, 746, 747, 750, 751, 754, 755, 762, 764, 792, 793, 795, 797, 799, 810, 811, 812, 814, 838, 839, 841, 843, 844, 846, 847, 852, 853, 855, 856, 858, 882, 883, 886, 891, 892, 898, 899, 905, 908, 911, 913, 915, 926, 928, 938, 939, 941, 950, 963, 965, 966, 971, 974, 981, 982, 990, 1007, 1008, 1010, 1012, 1013, 1014, 1016, 1044, 1045, 1047, 1048, 1051, 1052, 1053, 1056, 1057, 1063, 1064, 1067, 1068, 1070, 1072, 1085, 1087, 1088, 1091, 1092, 1093, 1096, 1097, 1098, 1103, 1105, 1107, 1122, 1124, 1125, 1126, 1128, 1149, 1150, 1152, 1155, 1156, 1157, 1163, 1164, 1172, 1174], "excluded_lines": [], "start_line": 1, "executed_branches": [], "missing_branches": [[177, 178], [177, 182], [188, 189], [188, 193], [199, 201], [199, 202], [202, 203], [202, 207], [234, 235], [234, 237], [282, 283], [282, 288], [291, 292], [291, 297], [309, 310], [309, 316], [320, 321], [320, 327], [328, 329], [328, 336], [355, 356], [355, 362], [362, 363], [362, 369], [390, 391], [390, 393], [406, 407], [406, 411], [422, 423], [422, 427], [459, 460], [459, 467], [507, 509], [507, 551], [518, 519], [518, 532], [523, 518], [523, 524], [532, 535], [532, 549], [588, 589], [588, 595], [599, 601], [599, 614], [602, 603], [602, 607], [614, 616], [614, 632], [712, 713], [712, 719], [719, 720], [719, 726], [726, 728], [726, 739], [730, 731], [730, 733], [739, 740], [739, 746], [843, 844], [843, 846], [846, 847], [846, 855], [852, 853], [852, 855], [891, 892], [891, 898], [898, 899], [898, 905], [938, 939], [938, 941], [965, 966], [965, 971], [1052, 1053], [1052, 1056], [1056, 1057], [1056, 1063], [1067, 1068], [1067, 1070], [1092, 1093], [1092, 1096], [1097, 1098], [1097, 1103], [1125, 1126], [1125, 1128], [1156, 1157], [1156, 1163]]}}}, "src/api/billing_routes.py": {"executed_lines": [18, 19, 20, 22, 23, 25, 26, 32, 35, 36, 43, 45, 46, 47, 50, 52, 53, 54, 55, 58, 60, 61, 62, 63, 64, 65, 66, 67, 68, 69, 70, 73, 75, 76, 77, 78, 79, 80, 81, 82, 83, 84, 87, 89, 90, 91, 92, 93, 100, 115, 130, 131, 150, 151, 178, 179, 238, 239, 311, 312, 352, 353, 387, 388, 427, 428, 456, 457, 519, 520, 562, 563, 613, 614], "summary": {"covered_lines": 74, "num_statements": 222, "percent_covered": 27.611940298507463, "percent_covered_display": "28", "missing_lines": 148, "excluded_lines": 0, "percent_statements_covered": 33.333333333333336, "percent_statements_covered_display": "33", "num_branches": 46, "num_partial_branches": 0, "covered_branches": 0, "missing_branches": 46, "percent_branches_covered": 0.0, "percent_branches_covered_display": "0"}, "missing_lines": [102, 103, 104, 106, 107, 112, 117, 118, 119, 123, 137, 138, 139, 147, 155, 156, 157, 158, 163, 165, 186, 187, 189, 190, 192, 193, 199, 200, 201, 204, 205, 223, 249, 250, 252, 253, 255, 256, 262, 263, 264, 265, 270, 271, 277, 278, 283, 285, 288, 289, 297, 303, 304, 305, 323, 324, 326, 327, 329, 330, 335, 340, 341, 346, 347, 349, 360, 361, 363, 364, 366, 367, 372, 374, 375, 380, 396, 397, 399, 400, 402, 403, 405, 410, 435, 436, 438, 439, 441, 442, 444, 446, 447, 449, 467, 468, 470, 471, 473, 474, 480, 481, 482, 483, 489, 490, 495, 497, 499, 500, 509, 511, 512, 513, 530, 531, 533, 534, 536, 537, 542, 543, 548, 550, 551, 552, 573, 575, 576, 581, 583, 586, 591, 593, 595, 596, 597, 601, 602, 603, 621, 623, 624, 626, 627, 633, 634, 636], "excluded_lines": [], "executed_branches": [], "missing_branches": [[103, 104], [103, 106], [106, 107], [106, 112], [118, 119], [118, 123], [138, 139], [138, 147], [192, 193], [192, 199], [200, 201], [200, 204], [204, 205], [204, 223], [255, 256], [255, 262], [270, 271], [270, 277], [277, 278], [277, 285], [329, 330], [329, 335], [340, 341], [340, 346], [346, 347], [346, 349], [366, 367], [366, 372], [374, 375], [374, 380], [402, 403], [402, 405], [441, 442], [441, 444], [446, 447], [446, 449], [473, 474], [473, 480], [489, 490], [489, 497], [536, 537], [536, 542], [575, 576], [575, 581], [626, 627], [626, 633]], "functions": {"get_billing_service_dep": {"executed_lines": [], "summary": {"covered_lines": 0, "num_statements": 6, "percent_covered": 0.0, "percent_covered_display": "0", "missing_lines": 6, "excluded_lines": 0, "percent_statements_covered": 0.0, "percent_statements_covered_display": "0", "num_branches": 4, "num_partial_branches": 0, "covered_branches": 0, "missing_branches": 4, "percent_branches_covered": 0.0, "percent_branches_covered_display": "0"}, "missing_lines": [102, 103, 104, 106, 107, 112], "excluded_lines": [], "start_line": 100, "executed_branches": [], "missing_branches": [[103, 104], [103, 106], [106, 107], [106, 112]]}, "get_org_repo": {"executed_lines": [], "summary": {"covered_lines": 0, "num_statements": 4, "percent_covered": 0.0, "percent_covered_display": "0", "missing_lines": 4, "excluded_lines": 0, "percent_statements_covered": 0.0, "percent_statements_covered_display": "0", "num_branches": 2, "num_partial_branches": 0, "covered_branches": 0, "missing_branches": 2, "percent_branches_covered": 0.0, "percent_branches_covered_display": "0"}, "missing_lines": [117, 118, 119, 123], "excluded_lines": [], "start_line": 115, "executed_branches": [], "missing_branches": [[118, 119], [118, 123]]}, "list_plans": {"executed_lines": [], "summary": {"covered_lines": 0, "num_statements": 4, "percent_covered": 0.0, "percent_covered_display": "0", "missing_lines": 4, "excluded_lines": 0, "percent_statements_covered": 0.0, "percent_statements_covered_display": "0", "num_branches": 2, "num_partial_branches": 0, "covered_branches": 0, "missing_branches": 2, "percent_branches_covered": 0.0, "percent_branches_covered_display": "0"}, "missing_lines": [137, 138, 139, 147], "excluded_lines": [], "start_line": 131, "executed_branches": [], "missing_branches": [[138, 139], [138, 147]]}, "get_plan": {"executed_lines": [], "summary": {"covered_lines": 0, "num_statements": 6, "percent_covered": 0.0, "percent_covered_display": "0", "missing_lines": 6, "excluded_lines": 0, "percent_statements_covered": 0.0, "percent_statements_covered_display": "0", "num_branches": 0, "num_partial_branches": 0, "covered_branches": 0, "missing_branches": 0, "percent_branches_covered": 100.0, "percent_branches_covered_display": "100"}, "missing_lines": [155, 156, 157, 158, 163, 165], "excluded_lines": [], "start_line": 151, "executed_branches": [], "missing_branches": []}, "get_subscription": {"executed_lines": [], "summary": {"covered_lines": 0, "num_statements": 12, "percent_covered": 0.0, "percent_covered_display": "0", "missing_lines": 12, "excluded_lines": 0, "percent_statements_covered": 0.0, "percent_statements_covered_display": "0", "num_branches": 6, "num_partial_branches": 0, "covered_branches": 0, "missing_branches": 6, "percent_branches_covered": 0.0, "percent_branches_covered_display": "0"}, "missing_lines": [186, 187, 189, 190, 192, 193, 199, 200, 201, 204, 205, 223], "excluded_lines": [], "start_line": 179, "executed_branches": [], "missing_branches": [[192, 193], [192, 199], [200, 201], [200, 204], [204, 205], [204, 223]]}, "create_subscription": {"executed_lines": [], "summary": {"covered_lines": 0, "num_statements": 22, "percent_covered": 0.0, "percent_covered_display": "0", "missing_lines": 22, "excluded_lines": 0, "percent_statements_covered": 0.0, "percent_statements_covered_display": "0", "num_branches": 6, "num_partial_branches": 0, "covered_branches": 0, "missing_branches": 6, "percent_branches_covered": 0.0, "percent_branches_covered_display": "0"}, "missing_lines": [249, 250, 252, 253, 255, 256, 262, 263, 264, 265, 270, 271, 277, 278, 283, 285, 288, 289, 297, 303, 304, 305], "excluded_lines": [], "start_line": 239, "executed_branches": [], "missing_branches": [[255, 256], [255, 262], [270, 271], [270, 277], [277, 278], [277, 285]]}, "cancel_subscription": {"executed_lines": [], "summary": {"covered_lines": 0, "num_statements": 12, "percent_covered": 0.0, "percent_covered_display": "0", "missing_lines": 12, "excluded_lines": 0, "percent_statements_covered": 0.0, "percent_statements_covered_display": "0", "num_branches": 6, "num_partial_branches": 0, "covered_branches": 0, "missing_branches": 6, "percent_branches_covered": 0.0, "percent_branches_covered_display": "0"}, "missing_lines": [323, 324, 326, 327, 329, 330, 335, 340, 341, 346, 347, 349], "excluded_lines": [], "start_line": 312, "executed_branches": [], "missing_branches": [[329, 330], [329, 335], [340, 341], [340, 346], [346, 347], [346, 349]]}, "reactivate_subscription": {"executed_lines": [], "summary": {"covered_lines": 0, "num_statements": 10, "percent_covered": 0.0, "percent_covered_display": "0", "missing_lines": 10, "excluded_lines": 0, "percent_statements_covered": 0.0, "percent_statements_covered_display": "0", "num_branches": 4, "num_partial_branches": 0, "covered_branches": 0, "missing_branches": 4, "percent_branches_covered": 0.0, "percent_branches_covered_display": "0"}, "missing_lines": [360, 361, 363, 364, 366, 367, 372, 374, 375, 380], "excluded_lines": [], "start_line": 353, "executed_branches": [], "missing_branches": [[366, 367], [366, 372], [374, 375], [374, 380]]}, "list_invoices": {"executed_lines": [], "summary": {"covered_lines": 0, "num_statements": 8, "percent_covered": 0.0, "percent_covered_display": "0", "missing_lines": 8, "excluded_lines": 0, "percent_statements_covered": 0.0, "percent_statements_covered_display": "0", "num_branches": 2, "num_partial_branches": 0, "covered_branches": 0, "missing_branches": 2, "percent_branches_covered": 0.0, "percent_branches_covered_display": "0"}, "missing_lines": [396, 397, 399, 400, 402, 403, 405, 410], "excluded_lines": [], "start_line": 388, "executed_branches": [], "missing_branches": [[402, 403], [402, 405]]}, "get_upcoming_invoice": {"executed_lines": [], "summary": {"covered_lines": 0, "num_statements": 10, "percent_covered": 0.0, "percent_covered_display": "0", "missing_lines": 10, "excluded_lines": 0, "percent_statements_covered": 0.0, "percent_statements_covered_display": "0", "num_branches": 4, "num_partial_branches": 0, "covered_branches": 0, "missing_branches": 4, "percent_branches_covered": 0.0, "percent_branches_covered_display": "0"}, "missing_lines": [435, 436, 438, 439, 441, 442, 444, 446, 447, 449], "excluded_lines": [], "start_line": 428, "executed_branches": [], "missing_branches": [[441, 442], [441, 444], [446, 447], [446, 449]]}, "create_checkout_session": {"executed_lines": [], "summary": {"covered_lines": 0, "num_statements": 20, "percent_covered": 0.0, "percent_covered_display": "0", "missing_lines": 20, "excluded_lines": 0, "percent_statements_covered": 0.0, "percent_statements_covered_display": "0", "num_branches": 4, "num_partial_branches": 0, "covered_branches": 0, "missing_branches": 4, "percent_branches_covered": 0.0, "percent_branches_covered_display": "0"}, "missing_lines": [467, 468, 470, 471, 473, 474, 480, 481, 482, 483, 489, 490, 495, 497, 499, 500, 509, 511, 512, 513], "excluded_lines": [], "start_line": 457, "executed_branches": [], "missing_branches": [[473, 474], [473, 480], [489, 490], [489, 497]]}, "create_billing_portal_session": {"executed_lines": [], "summary": {"covered_lines": 0, "num_statements": 12, "percent_covered": 0.0, "percent_covered_display": "0", "missing_lines": 12, "excluded_lines": 0, "percent_statements_covered": 0.0, "percent_statements_covered_display": "0", "num_branches": 2, "num_partial_branches": 0, "covered_branches": 0, "missing_branches": 2, "percent_branches_covered": 0.0, "percent_branches_covered_display": "0"}, "missing_lines": [530, 531, 533, 534, 536, 537, 542, 543, 548, 550, 551, 552], "excluded_lines": [], "start_line": 520, "executed_branches": [], "missing_branches": [[536, 537], [536, 542]]}, "stripe_webhook": {"executed_lines": [], "summary": {"covered_lines": 0, "num_statements": 14, "percent_covered": 0.0, "percent_covered_display": "0", "missing_lines": 14, "excluded_lines": 0, "percent_statements_covered": 0.0, "percent_statements_covered_display": "0", "num_branches": 2, "num_partial_branches": 0, "covered_branches": 0, "missing_branches": 2, "percent_branches_covered": 0.0, "percent_branches_covered_display": "0"}, "missing_lines": [573, 575, 576, 581, 583, 586, 591, 593, 595, 596, 597, 601, 602, 603], "excluded_lines": [], "start_line": 563, "executed_branches": [], "missing_branches": [[575, 576], [575, 581]]}, "get_usage": {"executed_lines": [], "summary": {"covered_lines": 0, "num_statements": 8, "percent_covered": 0.0, "percent_covered_display": "0", "missing_lines": 8, "excluded_lines": 0, "percent_statements_covered": 0.0, "percent_statements_covered_display": "0", "num_branches": 2, "num_partial_branches": 0, "covered_branches": 0, "missing_branches": 2, "percent_branches_covered": 0.0, "percent_branches_covered_display": "0"}, "missing_lines": [621, 623, 624, 626, 627, 633, 634, 636], "excluded_lines": [], "start_line": 614, "executed_branches": [], "missing_branches": [[626, 627], [626, 633]]}, "": {"executed_lines": [18, 19, 20, 22, 23, 25, 26, 32, 35, 36, 43, 45, 46, 47, 50, 52, 53, 54, 55, 58, 60, 61, 62, 63, 64, 65, 66, 67, 68, 69, 70, 73, 75, 76, 77, 78, 79, 80, 81, 82, 83, 84, 87, 89, 90, 91, 92, 93, 100, 115, 130, 131, 150, 151, 178, 179, 238, 239, 311, 312, 352, 353, 387, 388, 427, 428, 456, 457, 519, 520, 562, 563, 613, 614], "summary": {"covered_lines": 74, "num_statements": 74, "percent_covered": 100.0, "percent_covered_display": "100", "missing_lines": 0, "excluded_lines": 0, "percent_statements_covered": 100.0, "percent_statements_covered_display": "100", "num_branches": 0, "num_partial_branches": 0, "covered_branches": 0, "missing_branches": 0, "percent_branches_covered": 100.0, "percent_branches_covered_display": "100"}, "missing_lines": [], "excluded_lines": [], "start_line": 1, "executed_branches": [], "missing_branches": []}}, "classes": {"SubscriptionRequest": {"executed_lines": [], "summary": {"covered_lines": 0, "num_statements": 0, "percent_covered": 100.0, "percent_covered_display": "100", "missing_lines": 0, "excluded_lines": 0, "percent_statements_covered": 100.0, "percent_statements_covered_display": "100", "num_branches": 0, "num_partial_branches": 0, "covered_branches": 0, "missing_branches": 0, "percent_branches_covered": 100.0, "percent_branches_covered_display": "100"}, "missing_lines": [], "excluded_lines": [], "start_line": 43, "executed_branches": [], "missing_branches": []}, "CheckoutRequest": {"executed_lines": [], "summary": {"covered_lines": 0, "num_statements": 0, "percent_covered": 100.0, "percent_covered_display": "100", "missing_lines": 0, "excluded_lines": 0, "percent_statements_covered": 100.0, "percent_statements_covered_display": "100", "num_branches": 0, "num_partial_branches": 0, "covered_branches": 0, "missing_branches": 0, "percent_branches_covered": 100.0, "percent_branches_covered_display": "100"}, "missing_lines": [], "excluded_lines": [], "start_line": 50, "executed_branches": [], "missing_branches": []}, "SubscriptionResponse": {"executed_lines": [], "summary": {"covered_lines": 0, "num_statements": 0, "percent_covered": 100.0, "percent_covered_display": "100", "missing_lines": 0, "excluded_lines": 0, "percent_statements_covered": 100.0, "percent_statements_covered_display": "100", "num_branches": 0, "num_partial_branches": 0, "covered_branches": 0, "missing_branches": 0, "percent_branches_covered": 100.0, "percent_branches_covered_display": "100"}, "missing_lines": [], "excluded_lines": [], "start_line": 58, "executed_branches": [], "missing_branches": []}, "InvoiceResponse": {"executed_lines": [], "summary": {"covered_lines": 0, "num_statements": 0, "percent_covered": 100.0, "percent_covered_display": "100", "missing_lines": 0, "excluded_lines": 0, "percent_statements_covered": 100.0, "percent_statements_covered_display": "100", "num_branches": 0, "num_partial_branches": 0, "covered_branches": 0, "missing_branches": 0, "percent_branches_covered": 100.0, "percent_branches_covered_display": "100"}, "missing_lines": [], "excluded_lines": [], "start_line": 73, "executed_branches": [], "missing_branches": []}, "PlanResponse": {"executed_lines": [], "summary": {"covered_lines": 0, "num_statements": 0, "percent_covered": 100.0, "percent_covered_display": "100", "missing_lines": 0, "excluded_lines": 0, "percent_statements_covered": 100.0, "percent_statements_covered_display": "100", "num_branches": 0, "num_partial_branches": 0, "covered_branches": 0, "missing_branches": 0, "percent_branches_covered": 100.0, "percent_branches_covered_display": "100"}, "missing_lines": [], "excluded_lines": [], "start_line": 87, "executed_branches": [], "missing_branches": []}, "": {"executed_lines": [18, 19, 20, 22, 23, 25, 26, 32, 35, 36, 43, 45, 46, 47, 50, 52, 53, 54, 55, 58, 60, 61, 62, 63, 64, 65, 66, 67, 68, 69, 70, 73, 75, 76, 77, 78, 79, 80, 81, 82, 83, 84, 87, 89, 90, 91, 92, 93, 100, 115, 130, 131, 150, 151, 178, 179, 238, 239, 311, 312, 352, 353, 387, 388, 427, 428, 456, 457, 519, 520, 562, 563, 613, 614], "summary": {"covered_lines": 74, "num_statements": 222, "percent_covered": 27.611940298507463, "percent_covered_display": "28", "missing_lines": 148, "excluded_lines": 0, "percent_statements_covered": 33.333333333333336, "percent_statements_covered_display": "33", "num_branches": 46, "num_partial_branches": 0, "covered_branches": 0, "missing_branches": 46, "percent_branches_covered": 0.0, "percent_branches_covered_display": "0"}, "missing_lines": [102, 103, 104, 106, 107, 112, 117, 118, 119, 123, 137, 138, 139, 147, 155, 156, 157, 158, 163, 165, 186, 187, 189, 190, 192, 193, 199, 200, 201, 204, 205, 223, 249, 250, 252, 253, 255, 256, 262, 263, 264, 265, 270, 271, 277, 278, 283, 285, 288, 289, 297, 303, 304, 305, 323, 324, 326, 327, 329, 330, 335, 340, 341, 346, 347, 349, 360, 361, 363, 364, 366, 367, 372, 374, 375, 380, 396, 397, 399, 400, 402, 403, 405, 410, 435, 436, 438, 439, 441, 442, 444, 446, 447, 449, 467, 468, 470, 471, 473, 474, 480, 481, 482, 483, 489, 490, 495, 497, 499, 500, 509, 511, 512, 513, 530, 531, 533, 534, 536, 537, 542, 543, 548, 550, 551, 552, 573, 575, 576, 581, 583, 586, 591, 593, 595, 596, 597, 601, 602, 603, 621, 623, 624, 626, 627, 633, 634, 636], "excluded_lines": [], "start_line": 1, "executed_branches": [], "missing_branches": [[103, 104], [103, 106], [106, 107], [106, 112], [118, 119], [118, 123], [138, 139], [138, 147], [192, 193], [192, 199], [200, 201], [200, 204], [204, 205], [204, 223], [255, 256], [255, 262], [270, 271], [270, 277], [277, 278], [277, 285], [329, 330], [329, 335], [340, 341], [340, 346], [346, 347], [346, 349], [366, 367], [366, 372], [374, 375], [374, 380], [402, 403], [402, 405], [441, 442], [441, 444], [446, 447], [446, 449], [473, 474], [473, 480], [489, 490], [489, 497], [536, 537], [536, 542], [575, 576], [575, 581], [626, 627], [626, 633]]}}}, "src/api/exploitation_routes.py": {"executed_lines": [6, 7, 8, 9, 10, 11, 12, 14, 22, 25, 73, 76, 78, 79, 80, 81, 83, 93, 97, 102, 103, 104, 106, 113, 115, 116, 117, 118, 119, 120, 121, 122, 123, 124, 125, 128, 130, 131, 132, 135, 137, 138, 139, 140, 141, 142, 143, 146, 148, 149, 152, 154, 155, 156, 157, 158, 159, 160, 161, 164, 166, 167, 168, 171, 173, 174, 175, 176, 177, 178, 179, 180, 181, 182, 183, 186, 188, 189, 190, 191, 192, 193, 194, 197, 199, 200, 201, 202, 203, 204, 207, 209, 210, 211, 214, 216, 217, 218, 219, 226, 227, 285, 286, 343, 344, 407, 408, 460, 461, 528, 529, 609, 610, 667, 668, 775, 776, 828, 829, 870, 871, 904, 905, 950, 951, 971, 972, 1033, 1034, 1054, 1055, 1133, 1134, 1190, 1191, 1232, 1233, 1298, 1299, 1358, 1359, 1427, 1428, 1486, 1487, 1538, 1539], "summary": {"covered_lines": 147, "num_statements": 606, "percent_covered": 22.005988023952096, "percent_covered_display": "22", "missing_lines": 459, "excluded_lines": 0, "percent_statements_covered": 24.257425742574256, "percent_statements_covered_display": "24", "num_branches": 62, "num_partial_branches": 0, "covered_branches": 0, "missing_branches": 62, "percent_branches_covered": 0.0, "percent_branches_covered_display": "0"}, "missing_lines": [37, 39, 40, 41, 42, 43, 47, 48, 49, 53, 54, 55, 59, 60, 61, 66, 67, 84, 85, 86, 89, 90, 91, 94, 95, 98, 99, 242, 243, 245, 246, 252, 255, 256, 257, 258, 260, 262, 264, 265, 269, 271, 272, 276, 278, 279, 299, 300, 302, 303, 308, 310, 311, 316, 318, 319, 320, 322, 323, 327, 329, 330, 334, 336, 337, 359, 360, 362, 363, 369, 375, 377, 379, 380, 384, 386, 387, 391, 393, 394, 398, 400, 401, 421, 422, 424, 425, 430, 432, 437, 439, 440, 444, 446, 447, 451, 453, 454, 476, 477, 479, 480, 486, 492, 501, 503, 504, 508, 510, 511, 515, 517, 518, 539, 540, 541, 543, 544, 545, 547, 548, 553, 554, 556, 557, 562, 563, 566, 567, 569, 580, 581, 583, 585, 586, 591, 593, 594, 599, 601, 602, 617, 618, 619, 620, 622, 640, 642, 643, 647, 649, 650, 654, 656, 657, 675, 676, 677, 678, 680, 687, 688, 689, 690, 694, 696, 700, 701, 703, 707, 708, 710, 714, 717, 718, 719, 720, 724, 726, 730, 731, 733, 737, 738, 740, 744, 746, 748, 750, 751, 755, 757, 758, 762, 764, 765, 793, 794, 796, 797, 803, 805, 807, 808, 812, 814, 815, 819, 821, 822, 831, 832, 834, 835, 837, 838, 843, 845, 846, 847, 849, 850, 854, 856, 857, 861, 863, 864, 873, 874, 876, 877, 879, 881, 883, 884, 888, 890, 891, 895, 897, 898, 912, 913, 914, 916, 917, 919, 920, 923, 925, 927, 929, 930, 934, 936, 937, 941, 943, 944, 957, 958, 959, 961, 985, 986, 988, 991, 1001, 1010, 1012, 1013, 1017, 1019, 1020, 1024, 1026, 1027, 1036, 1068, 1069, 1071, 1072, 1073, 1078, 1081, 1082, 1083, 1084, 1085, 1086, 1087, 1088, 1090, 1095, 1097, 1098, 1099, 1101, 1102, 1106, 1108, 1109, 1113, 1115, 1116, 1120, 1122, 1123, 1139, 1140, 1142, 1143, 1144, 1149, 1151, 1158, 1160, 1162, 1163, 1167, 1169, 1170, 1174, 1176, 1177, 1181, 1183, 1184, 1193, 1194, 1196, 1197, 1198, 1200, 1201, 1203, 1205, 1207, 1208, 1212, 1214, 1215, 1219, 1221, 1222, 1252, 1253, 1254, 1256, 1257, 1259, 1266, 1268, 1270, 1271, 1275, 1277, 1278, 1282, 1284, 1285, 1289, 1291, 1292, 1314, 1315, 1316, 1318, 1319, 1321, 1326, 1328, 1330, 1331, 1335, 1337, 1338, 1342, 1344, 1345, 1349, 1351, 1352, 1380, 1381, 1382, 1384, 1385, 1387, 1395, 1397, 1399, 1400, 1404, 1406, 1407, 1411, 1413, 1414, 1418, 1420, 1421, 1441, 1442, 1443, 1445, 1446, 1448, 1450, 1452, 1454, 1455, 1459, 1461, 1462, 1466, 1468, 1469, 1473, 1475, 1476, 1500, 1501, 1503, 1504, 1509, 1511, 1513, 1514, 1515, 1517, 1518, 1522, 1524, 1525, 1529, 1531, 1532, 1554, 1555, 1557, 1558, 1563, 1568, 1570, 1571, 1572, 1574, 1575, 1579, 1581, 1582, 1586, 1588, 1589, 1593, 1595, 1596], "excluded_lines": [], "executed_branches": [], "missing_branches": [[39, 40], [39, 41], [41, 42], [41, 47], [47, 48], [47, 53], [53, 54], [53, 59], [59, 60], [59, 66], [84, 85], [84, 91], [85, 86], [85, 89], [245, 246], [245, 252], [255, 256], [255, 257], [257, 258], [257, 260], [302, 303], [302, 308], [310, 311], [310, 316], [362, 363], [362, 369], [424, 425], [424, 430], [479, 480], [479, 486], [540, 541], [540, 543], [547, 548], [547, 556], [556, 557], [556, 566], [687, 688], [687, 717], [717, 718], [717, 746], [837, 838], [837, 843], [913, 914], [913, 916], [1072, 1073], [1072, 1078], [1081, 1082], [1081, 1083], [1083, 1084], [1083, 1085], [1085, 1086], [1085, 1087], [1087, 1088], [1087, 1090], [1143, 1144], [1143, 1149], [1197, 1198], [1197, 1200], [1503, 1504], [1503, 1509], [1557, 1558], [1557, 1563]], "functions": {"handle_api_exception": {"executed_lines": [], "summary": {"covered_lines": 0, "num_statements": 17, "percent_covered": 0.0, "percent_covered_display": "0", "missing_lines": 17, "excluded_lines": 0, "percent_statements_covered": 0.0, "percent_statements_covered_display": "0", "num_branches": 10, "num_partial_branches": 0, "covered_branches": 0, "missing_branches": 10, "percent_branches_covered": 0.0, "percent_branches_covered_display": "0"}, "missing_lines": [37, 39, 40, 41, 42, 43, 47, 48, 49, 53, 54, 55, 59, 60, 61, 66, 67], "excluded_lines": [], "start_line": 25, "executed_branches": [], "missing_branches": [[39, 40], [39, 41], [41, 42], [41, 47], [47, 48], [47, 53], [53, 54], [53, 59], [59, 60], [59, 66]]}, "TTLCache.__init__": {"executed_lines": [79, 80, 81], "summary": {"covered_lines": 3, "num_statements": 3, "percent_covered": 100.0, "percent_covered_display": "100", "missing_lines": 0, "excluded_lines": 0, "percent_statements_covered": 100.0, "percent_statements_covered_display": "100", "num_branches": 0, "num_partial_branches": 0, "covered_branches": 0, "missing_branches": 0, "percent_branches_covered": 100.0, "percent_branches_covered_display": "100"}, "missing_lines": [], "excluded_lines": [], "start_line": 78, "executed_branches": [], "missing_branches": []}, "TTLCache.get": {"executed_lines": [], "summary": {"covered_lines": 0, "num_statements": 6, "percent_covered": 0.0, "percent_covered_display": "0", "missing_lines": 6, "excluded_lines": 0, "percent_statements_covered": 0.0, "percent_statements_covered_display": "0", "num_branches": 4, "num_partial_branches": 0, "covered_branches": 0, "missing_branches": 4, "percent_branches_covered": 0.0, "percent_branches_covered_display": "0"}, "missing_lines": [84, 85, 86, 89, 90, 91], "excluded_lines": [], "start_line": 83, "executed_branches": [], "missing_branches": [[84, 85], [84, 91], [85, 86], [85, 89]]}, "TTLCache.set": {"executed_lines": [], "summary": {"covered_lines": 0, "num_statements": 2, "percent_covered": 0.0, "percent_covered_display": "0", "missing_lines": 2, "excluded_lines": 0, "percent_statements_covered": 0.0, "percent_statements_covered_display": "0", "num_branches": 0, "num_partial_branches": 0, "covered_branches": 0, "missing_branches": 0, "percent_branches_covered": 100.0, "percent_branches_covered_display": "100"}, "missing_lines": [94, 95], "excluded_lines": [], "start_line": 93, "executed_branches": [], "missing_branches": []}, "TTLCache.clear": {"executed_lines": [], "summary": {"covered_lines": 0, "num_statements": 2, "percent_covered": 0.0, "percent_covered_display": "0", "missing_lines": 2, "excluded_lines": 0, "percent_statements_covered": 0.0, "percent_statements_covered_display": "0", "num_branches": 0, "num_partial_branches": 0, "covered_branches": 0, "missing_branches": 0, "percent_branches_covered": 100.0, "percent_branches_covered_display": "100"}, "missing_lines": [98, 99], "excluded_lines": [], "start_line": 97, "executed_branches": [], "missing_branches": []}, "list_c2_sessions": {"executed_lines": [], "summary": {"covered_lines": 0, "num_statements": 19, "percent_covered": 0.0, "percent_covered_display": "0", "missing_lines": 19, "excluded_lines": 0, "percent_statements_covered": 0.0, "percent_statements_covered_display": "0", "num_branches": 6, "num_partial_branches": 0, "covered_branches": 0, "missing_branches": 6, "percent_branches_covered": 0.0, "percent_branches_covered_display": "0"}, "missing_lines": [242, 243, 245, 246, 252, 255, 256, 257, 258, 260, 262, 264, 265, 269, 271, 272, 276, 278, 279], "excluded_lines": [], "start_line": 227, "executed_branches": [], "missing_branches": [[245, 246], [245, 252], [255, 256], [255, 257], [257, 258], [257, 260]]}, "get_c2_session": {"executed_lines": [], "summary": {"covered_lines": 0, "num_statements": 19, "percent_covered": 0.0, "percent_covered_display": "0", "missing_lines": 19, "excluded_lines": 0, "percent_statements_covered": 0.0, "percent_statements_covered_display": "0", "num_branches": 4, "num_partial_branches": 0, "covered_branches": 0, "missing_branches": 4, "percent_branches_covered": 0.0, "percent_branches_covered_display": "0"}, "missing_lines": [299, 300, 302, 303, 308, 310, 311, 316, 318, 319, 320, 322, 323, 327, 329, 330, 334, 336, 337], "excluded_lines": [], "start_line": 286, "executed_branches": [], "missing_branches": [[302, 303], [302, 308], [310, 311], [310, 316]]}, "execute_c2_command": {"executed_lines": [], "summary": {"covered_lines": 0, "num_statements": 18, "percent_covered": 0.0, "percent_covered_display": "0", "missing_lines": 18, "excluded_lines": 0, "percent_statements_covered": 0.0, "percent_statements_covered_display": "0", "num_branches": 2, "num_partial_branches": 0, "covered_branches": 0, "missing_branches": 2, "percent_branches_covered": 0.0, "percent_branches_covered_display": "0"}, "missing_lines": [359, 360, 362, 363, 369, 375, 377, 379, 380, 384, 386, 387, 391, 393, 394, 398, 400, 401], "excluded_lines": [], "start_line": 344, "executed_branches": [], "missing_branches": [[362, 363], [362, 369]]}, "terminate_c2_session": {"executed_lines": [], "summary": {"covered_lines": 0, "num_statements": 15, "percent_covered": 0.0, "percent_covered_display": "0", "missing_lines": 15, "excluded_lines": 0, "percent_statements_covered": 0.0, "percent_statements_covered_display": "0", "num_branches": 2, "num_partial_branches": 0, "covered_branches": 0, "missing_branches": 2, "percent_branches_covered": 0.0, "percent_branches_covered_display": "0"}, "missing_lines": [421, 422, 424, 425, 430, 432, 437, 439, 440, 444, 446, 447, 451, 453, 454], "excluded_lines": [], "start_line": 408, "executed_branches": [], "missing_branches": [[424, 425], [424, 430]]}, "setup_socks_proxy": {"executed_lines": [], "summary": {"covered_lines": 0, "num_statements": 15, "percent_covered": 0.0, "percent_covered_display": "0", "missing_lines": 15, "excluded_lines": 0, "percent_statements_covered": 0.0, "percent_statements_covered_display": "0", "num_branches": 2, "num_partial_branches": 0, "covered_branches": 0, "missing_branches": 2, "percent_branches_covered": 0.0, "percent_branches_covered_display": "0"}, "missing_lines": [476, 477, 479, 480, 486, 492, 501, 503, 504, 508, 510, 511, 515, 517, 518], "excluded_lines": [], "start_line": 461, "executed_branches": [], "missing_branches": [[479, 480], [479, 486]]}, "get_metasploit_status": {"executed_lines": [], "summary": {"covered_lines": 0, "num_statements": 28, "percent_covered": 0.0, "percent_covered_display": "0", "missing_lines": 28, "excluded_lines": 0, "percent_statements_covered": 0.0, "percent_statements_covered_display": "0", "num_branches": 6, "num_partial_branches": 0, "covered_branches": 0, "missing_branches": 6, "percent_branches_covered": 0.0, "percent_branches_covered_display": "0"}, "missing_lines": [539, 540, 541, 543, 544, 545, 547, 548, 553, 554, 556, 557, 562, 563, 566, 567, 569, 580, 581, 583, 585, 586, 591, 593, 594, 599, 601, 602], "excluded_lines": [], "start_line": 529, "executed_branches": [], "missing_branches": [[540, 541], [540, 543], [547, 548], [547, 556], [556, 557], [556, 566]]}, "get_exploitation_status": {"executed_lines": [], "summary": {"covered_lines": 0, "num_statements": 14, "percent_covered": 0.0, "percent_covered_display": "0", "missing_lines": 14, "excluded_lines": 0, "percent_statements_covered": 0.0, "percent_statements_covered_display": "0", "num_branches": 0, "num_partial_branches": 0, "covered_branches": 0, "missing_branches": 0, "percent_branches_covered": 100.0, "percent_branches_covered_display": "100"}, "missing_lines": [617, 618, 619, 620, 622, 640, 642, 643, 647, 649, 650, 654, 656, 657], "excluded_lines": [], "start_line": 610, "executed_branches": [], "missing_branches": []}, "exploitation_health_check": {"executed_lines": [], "summary": {"covered_lines": 0, "num_statements": 41, "percent_covered": 0.0, "percent_covered_display": "0", "missing_lines": 41, "excluded_lines": 0, "percent_statements_covered": 0.0, "percent_statements_covered_display": "0", "num_branches": 4, "num_partial_branches": 0, "covered_branches": 0, "missing_branches": 4, "percent_branches_covered": 0.0, "percent_branches_covered_display": "0"}, "missing_lines": [675, 676, 677, 678, 680, 687, 688, 689, 690, 694, 696, 700, 701, 703, 707, 708, 710, 714, 717, 718, 719, 720, 724, 726, 730, 731, 733, 737, 738, 740, 744, 746, 748, 750, 751, 755, 757, 758, 762, 764, 765], "excluded_lines": [], "start_line": 668, "executed_branches": [], "missing_branches": [[687, 688], [687, 717], [717, 718], [717, 746]]}, "list_exploits": {"executed_lines": [], "summary": {"covered_lines": 0, "num_statements": 14, "percent_covered": 0.0, "percent_covered_display": "0", "missing_lines": 14, "excluded_lines": 0, "percent_statements_covered": 0.0, "percent_statements_covered_display": "0", "num_branches": 0, "num_partial_branches": 0, "covered_branches": 0, "missing_branches": 0, "percent_branches_covered": 100.0, "percent_branches_covered_display": "100"}, "missing_lines": [793, 794, 796, 797, 803, 805, 807, 808, 812, 814, 815, 819, 821, 822], "excluded_lines": [], "start_line": 776, "executed_branches": [], "missing_branches": []}, "get_exploit": {"executed_lines": [], "summary": {"covered_lines": 0, "num_statements": 18, "percent_covered": 0.0, "percent_covered_display": "0", "missing_lines": 18, "excluded_lines": 0, "percent_statements_covered": 0.0, "percent_statements_covered_display": "0", "num_branches": 2, "num_partial_branches": 0, "covered_branches": 0, "missing_branches": 2, "percent_branches_covered": 0.0, "percent_branches_covered_display": "0"}, "missing_lines": [831, 832, 834, 835, 837, 838, 843, 845, 846, 847, 849, 850, 854, 856, 857, 861, 863, 864], "excluded_lines": [], "start_line": 829, "executed_branches": [], "missing_branches": [[837, 838], [837, 843]]}, "find_exploits_by_cve": {"executed_lines": [], "summary": {"covered_lines": 0, "num_statements": 14, "percent_covered": 0.0, "percent_covered_display": "0", "missing_lines": 14, "excluded_lines": 0, "percent_statements_covered": 0.0, "percent_statements_covered_display": "0", "num_branches": 0, "num_partial_branches": 0, "covered_branches": 0, "missing_branches": 0, "percent_branches_covered": 100.0, "percent_branches_covered_display": "100"}, "missing_lines": [873, 874, 876, 877, 879, 881, 883, 884, 888, 890, 891, 895, 897, 898], "excluded_lines": [], "start_line": 871, "executed_branches": [], "missing_branches": []}, "get_exploit_stats": {"executed_lines": [], "summary": {"covered_lines": 0, "num_statements": 18, "percent_covered": 0.0, "percent_covered_display": "0", "missing_lines": 18, "excluded_lines": 0, "percent_statements_covered": 0.0, "percent_statements_covered_display": "0", "num_branches": 2, "num_partial_branches": 0, "covered_branches": 0, "missing_branches": 2, "percent_branches_covered": 0.0, "percent_branches_covered_display": "0"}, "missing_lines": [912, 913, 914, 916, 917, 919, 920, 923, 925, 927, 929, 930, 934, 936, 937, 941, 943, 944], "excluded_lines": [], "start_line": 905, "executed_branches": [], "missing_branches": [[913, 914], [913, 916]]}, "clear_response_caches": {"executed_lines": [], "summary": {"covered_lines": 0, "num_statements": 4, "percent_covered": 0.0, "percent_covered_display": "0", "missing_lines": 4, "excluded_lines": 0, "percent_statements_covered": 0.0, "percent_statements_covered_display": "0", "num_branches": 0, "num_partial_branches": 0, "covered_branches": 0, "missing_branches": 0, "percent_branches_covered": 100.0, "percent_branches_covered_display": "100"}, "missing_lines": [957, 958, 959, 961], "excluded_lines": [], "start_line": 951, "executed_branches": [], "missing_branches": []}, "generate_payload": {"executed_lines": [], "summary": {"covered_lines": 0, "num_statements": 14, "percent_covered": 0.0, "percent_covered_display": "0", "missing_lines": 14, "excluded_lines": 0, "percent_statements_covered": 0.0, "percent_statements_covered_display": "0", "num_branches": 0, "num_partial_branches": 0, "covered_branches": 0, "missing_branches": 0, "percent_branches_covered": 100.0, "percent_branches_covered_display": "100"}, "missing_lines": [985, 986, 988, 991, 1001, 1010, 1012, 1013, 1017, 1019, 1020, 1024, 1026, 1027], "excluded_lines": [], "start_line": 972, "executed_branches": [], "missing_branches": []}, "list_payload_types": {"executed_lines": [], "summary": {"covered_lines": 0, "num_statements": 1, "percent_covered": 0.0, "percent_covered_display": "0", "missing_lines": 1, "excluded_lines": 0, "percent_statements_covered": 0.0, "percent_statements_covered_display": "0", "num_branches": 0, "num_partial_branches": 0, "covered_branches": 0, "missing_branches": 0, "percent_branches_covered": 100.0, "percent_branches_covered_display": "100"}, "missing_lines": [1036], "excluded_lines": [], "start_line": 1034, "executed_branches": [], "missing_branches": []}, "harvest_credentials": {"executed_lines": [], "summary": {"covered_lines": 0, "num_statements": 30, "percent_covered": 0.0, "percent_covered_display": "0", "missing_lines": 30, "excluded_lines": 0, "percent_statements_covered": 0.0, "percent_statements_covered_display": "0", "num_branches": 10, "num_partial_branches": 0, "covered_branches": 0, "missing_branches": 10, "percent_branches_covered": 0.0, "percent_branches_covered_display": "0"}, "missing_lines": [1068, 1069, 1071, 1072, 1073, 1078, 1081, 1082, 1083, 1084, 1085, 1086, 1087, 1088, 1090, 1095, 1097, 1098, 1099, 1101, 1102, 1106, 1108, 1109, 1113, 1115, 1116, 1120, 1122, 1123], "excluded_lines": [], "start_line": 1055, "executed_branches": [], "missing_branches": [[1072, 1073], [1072, 1078], [1081, 1082], [1081, 1083], [1083, 1084], [1083, 1085], [1085, 1086], [1085, 1087], [1087, 1088], [1087, 1090]]}, "setup_port_forward": {"executed_lines": [], "summary": {"covered_lines": 0, "num_statements": 20, "percent_covered": 0.0, "percent_covered_display": "0", "missing_lines": 20, "excluded_lines": 0, "percent_statements_covered": 0.0, "percent_statements_covered_display": "0", "num_branches": 2, "num_partial_branches": 0, "covered_branches": 0, "missing_branches": 2, "percent_branches_covered": 0.0, "percent_branches_covered_display": "0"}, "missing_lines": [1139, 1140, 1142, 1143, 1144, 1149, 1151, 1158, 1160, 1162, 1163, 1167, 1169, 1170, 1174, 1176, 1177, 1181, 1183, 1184], "excluded_lines": [], "start_line": 1134, "executed_branches": [], "missing_branches": [[1143, 1144], [1143, 1149]]}, "list_pivot_routes": {"executed_lines": [], "summary": {"covered_lines": 0, "num_statements": 17, "percent_covered": 0.0, "percent_covered_display": "0", "missing_lines": 17, "excluded_lines": 0, "percent_statements_covered": 0.0, "percent_statements_covered_display": "0", "num_branches": 2, "num_partial_branches": 0, "covered_branches": 0, "missing_branches": 2, "percent_branches_covered": 0.0, "percent_branches_covered_display": "0"}, "missing_lines": [1193, 1194, 1196, 1197, 1198, 1200, 1201, 1203, 1205, 1207, 1208, 1212, 1214, 1215, 1219, 1221, 1222], "excluded_lines": [], "start_line": 1191, "executed_branches": [], "missing_branches": [[1197, 1198], [1197, 1200]]}, "execute_eternalblue": {"executed_lines": [], "summary": {"covered_lines": 0, "num_statements": 19, "percent_covered": 0.0, "percent_covered_display": "0", "missing_lines": 19, "excluded_lines": 0, "percent_statements_covered": 0.0, "percent_statements_covered_display": "0", "num_branches": 0, "num_partial_branches": 0, "covered_branches": 0, "missing_branches": 0, "percent_branches_covered": 100.0, "percent_branches_covered_display": "100"}, "missing_lines": [1252, 1253, 1254, 1256, 1257, 1259, 1266, 1268, 1270, 1271, 1275, 1277, 1278, 1282, 1284, 1285, 1289, 1291, 1292], "excluded_lines": [], "start_line": 1233, "executed_branches": [], "missing_branches": []}, "check_eternalblue": {"executed_lines": [], "summary": {"covered_lines": 0, "num_statements": 19, "percent_covered": 0.0, "percent_covered_display": "0", "missing_lines": 19, "excluded_lines": 0, "percent_statements_covered": 0.0, "percent_statements_covered_display": "0", "num_branches": 0, "num_partial_branches": 0, "covered_branches": 0, "missing_branches": 0, "percent_branches_covered": 100.0, "percent_branches_covered_display": "100"}, "missing_lines": [1314, 1315, 1316, 1318, 1319, 1321, 1326, 1328, 1330, 1331, 1335, 1337, 1338, 1342, 1344, 1345, 1349, 1351, 1352], "excluded_lines": [], "start_line": 1299, "executed_branches": [], "missing_branches": []}, "execute_log4shell": {"executed_lines": [], "summary": {"covered_lines": 0, "num_statements": 19, "percent_covered": 0.0, "percent_covered_display": "0", "missing_lines": 19, "excluded_lines": 0, "percent_statements_covered": 0.0, "percent_statements_covered_display": "0", "num_branches": 0, "num_partial_branches": 0, "covered_branches": 0, "missing_branches": 0, "percent_branches_covered": 100.0, "percent_branches_covered_display": "100"}, "missing_lines": [1380, 1381, 1382, 1384, 1385, 1387, 1395, 1397, 1399, 1400, 1404, 1406, 1407, 1411, 1413, 1414, 1418, 1420, 1421], "excluded_lines": [], "start_line": 1359, "executed_branches": [], "missing_branches": []}, "scan_log4shell": {"executed_lines": [], "summary": {"covered_lines": 0, "num_statements": 19, "percent_covered": 0.0, "percent_covered_display": "0", "missing_lines": 19, "excluded_lines": 0, "percent_statements_covered": 0.0, "percent_statements_covered_display": "0", "num_branches": 0, "num_partial_branches": 0, "covered_branches": 0, "missing_branches": 0, "percent_branches_covered": 100.0, "percent_branches_covered_display": "100"}, "missing_lines": [1441, 1442, 1443, 1445, 1446, 1448, 1450, 1452, 1454, 1455, 1459, 1461, 1462, 1466, 1468, 1469, 1473, 1475, 1476], "excluded_lines": [], "start_line": 1428, "executed_branches": [], "missing_branches": []}, "list_metasploit_modules": {"executed_lines": [], "summary": {"covered_lines": 0, "num_statements": 17, "percent_covered": 0.0, "percent_covered_display": "0", "missing_lines": 17, "excluded_lines": 0, "percent_statements_covered": 0.0, "percent_statements_covered_display": "0", "num_branches": 2, "num_partial_branches": 0, "covered_branches": 0, "missing_branches": 2, "percent_branches_covered": 0.0, "percent_branches_covered_display": "0"}, "missing_lines": [1500, 1501, 1503, 1504, 1509, 1511, 1513, 1514, 1515, 1517, 1518, 1522, 1524, 1525, 1529, 1531, 1532], "excluded_lines": [], "start_line": 1487, "executed_branches": [], "missing_branches": [[1503, 1504], [1503, 1509]]}, "execute_metasploit_module": {"executed_lines": [], "summary": {"covered_lines": 0, "num_statements": 20, "percent_covered": 0.0, "percent_covered_display": "0", "missing_lines": 20, "excluded_lines": 0, "percent_statements_covered": 0.0, "percent_statements_covered_display": "0", "num_branches": 2, "num_partial_branches": 0, "covered_branches": 0, "missing_branches": 2, "percent_branches_covered": 0.0, "percent_branches_covered_display": "0"}, "missing_lines": [1554, 1555, 1557, 1558, 1563, 1568, 1570, 1571, 1572, 1574, 1575, 1579, 1581, 1582, 1586, 1588, 1589, 1593, 1595, 1596], "excluded_lines": [], "start_line": 1539, "executed_branches": [], "missing_branches": [[1557, 1558], [1557, 1563]]}, "": {"executed_lines": [6, 7, 8, 9, 10, 11, 12, 14, 22, 25, 73, 76, 78, 83, 93, 97, 102, 103, 104, 106, 113, 115, 116, 117, 118, 119, 120, 121, 122, 123, 124, 125, 128, 130, 131, 132, 135, 137, 138, 139, 140, 141, 142, 143, 146, 148, 149, 152, 154, 155, 156, 157, 158, 159, 160, 161, 164, 166, 167, 168, 171, 173, 174, 175, 176, 177, 178, 179, 180, 181, 182, 183, 186, 188, 189, 190, 191, 192, 193, 194, 197, 199, 200, 201, 202, 203, 204, 207, 209, 210, 211, 214, 216, 217, 218, 219, 226, 227, 285, 286, 343, 344, 407, 408, 460, 461, 528, 529, 609, 610, 667, 668, 775, 776, 828, 829, 870, 871, 904, 905, 950, 951, 971, 972, 1033, 1034, 1054, 1055, 1133, 1134, 1190, 1191, 1232, 1233, 1298, 1299, 1358, 1359, 1427, 1428, 1486, 1487, 1538, 1539], "summary": {"covered_lines": 144, "num_statements": 144, "percent_covered": 100.0, "percent_covered_display": "100", "missing_lines": 0, "excluded_lines": 0, "percent_statements_covered": 100.0, "percent_statements_covered_display": "100", "num_branches": 0, "num_partial_branches": 0, "covered_branches": 0, "missing_branches": 0, "percent_branches_covered": 100.0, "percent_branches_covered_display": "100"}, "missing_lines": [], "excluded_lines": [], "start_line": 1, "executed_branches": [], "missing_branches": []}}, "classes": {"TTLCache": {"executed_lines": [79, 80, 81], "summary": {"covered_lines": 3, "num_statements": 13, "percent_covered": 17.647058823529413, "percent_covered_display": "18", "missing_lines": 10, "excluded_lines": 0, "percent_statements_covered": 23.076923076923077, "percent_statements_covered_display": "23", "num_branches": 4, "num_partial_branches": 0, "covered_branches": 0, "missing_branches": 4, "percent_branches_covered": 0.0, "percent_branches_covered_display": "0"}, "missing_lines": [84, 85, 86, 89, 90, 91, 94, 95, 98, 99], "excluded_lines": [], "start_line": 76, "executed_branches": [], "missing_branches": [[84, 85], [84, 91], [85, 86], [85, 89]]}, "C2SessionInfo": {"executed_lines": [], "summary": {"covered_lines": 0, "num_statements": 0, "percent_covered": 100.0, "percent_covered_display": "100", "missing_lines": 0, "excluded_lines": 0, "percent_statements_covered": 100.0, "percent_statements_covered_display": "100", "num_branches": 0, "num_partial_branches": 0, "covered_branches": 0, "missing_branches": 0, "percent_branches_covered": 100.0, "percent_branches_covered_display": "100"}, "missing_lines": [], "excluded_lines": [], "start_line": 113, "executed_branches": [], "missing_branches": []}, "C2CommandRequest": {"executed_lines": [], "summary": {"covered_lines": 0, "num_statements": 0, "percent_covered": 100.0, "percent_covered_display": "100", "missing_lines": 0, "excluded_lines": 0, "percent_statements_covered": 100.0, "percent_statements_covered_display": "100", "num_branches": 0, "num_partial_branches": 0, "covered_branches": 0, "missing_branches": 0, "percent_branches_covered": 100.0, "percent_branches_covered_display": "100"}, "missing_lines": [], "excluded_lines": [], "start_line": 128, "executed_branches": [], "missing_branches": []}, "C2CommandResponse": {"executed_lines": [], "summary": {"covered_lines": 0, "num_statements": 0, "percent_covered": 100.0, "percent_covered_display": "100", "missing_lines": 0, "excluded_lines": 0, "percent_statements_covered": 100.0, "percent_statements_covered_display": "100", "num_branches": 0, "num_partial_branches": 0, "covered_branches": 0, "missing_branches": 0, "percent_branches_covered": 100.0, "percent_branches_covered_display": "100"}, "missing_lines": [], "excluded_lines": [], "start_line": 135, "executed_branches": [], "missing_branches": []}, "ExploitStatusRequest": {"executed_lines": [], "summary": {"covered_lines": 0, "num_statements": 0, "percent_covered": 100.0, "percent_covered_display": "100", "missing_lines": 0, "excluded_lines": 0, "percent_statements_covered": 100.0, "percent_statements_covered_display": "100", "num_branches": 0, "num_partial_branches": 0, "covered_branches": 0, "missing_branches": 0, "percent_branches_covered": 100.0, "percent_branches_covered_display": "100"}, "missing_lines": [], "excluded_lines": [], "start_line": 146, "executed_branches": [], "missing_branches": []}, "ExploitStatusResponse": {"executed_lines": [], "summary": {"covered_lines": 0, "num_statements": 0, "percent_covered": 100.0, "percent_covered_display": "100", "missing_lines": 0, "excluded_lines": 0, "percent_statements_covered": 100.0, "percent_statements_covered_display": "100", "num_branches": 0, "num_partial_branches": 0, "covered_branches": 0, "missing_branches": 0, "percent_branches_covered": 100.0, "percent_branches_covered_display": "100"}, "missing_lines": [], "excluded_lines": [], "start_line": 152, "executed_branches": [], "missing_branches": []}, "SessionProxyRequest": {"executed_lines": [], "summary": {"covered_lines": 0, "num_statements": 0, "percent_covered": 100.0, "percent_covered_display": "100", "missing_lines": 0, "excluded_lines": 0, "percent_statements_covered": 100.0, "percent_statements_covered_display": "100", "num_branches": 0, "num_partial_branches": 0, "covered_branches": 0, "missing_branches": 0, "percent_branches_covered": 100.0, "percent_branches_covered_display": "100"}, "missing_lines": [], "excluded_lines": [], "start_line": 164, "executed_branches": [], "missing_branches": []}, "ExploitInfo": {"executed_lines": [], "summary": {"covered_lines": 0, "num_statements": 0, "percent_covered": 100.0, "percent_covered_display": "100", "missing_lines": 0, "excluded_lines": 0, "percent_statements_covered": 100.0, "percent_statements_covered_display": "100", "num_branches": 0, "num_partial_branches": 0, "covered_branches": 0, "missing_branches": 0, "percent_branches_covered": 100.0, "percent_branches_covered_display": "100"}, "missing_lines": [], "excluded_lines": [], "start_line": 171, "executed_branches": [], "missing_branches": []}, "PayloadRequest": {"executed_lines": [], "summary": {"covered_lines": 0, "num_statements": 0, "percent_covered": 100.0, "percent_covered_display": "100", "missing_lines": 0, "excluded_lines": 0, "percent_statements_covered": 100.0, "percent_statements_covered_display": "100", "num_branches": 0, "num_partial_branches": 0, "covered_branches": 0, "missing_branches": 0, "percen
[...]
 1065, 1076, 1079, 1082, 1084, 1085, 1086, 1087, 1092, 1094, 1095], "excluded_lines": [], "start_line": 983, "executed_branches": [], "missing_branches": [[1018, 1019], [1018, 1050], [1025, 1018], [1025, 1026], [1037, 1038], [1037, 1040], [1040, 1041], [1040, 1043], [1043, 1044], [1043, 1047], [1050, 1051], [1050, 1058], [1063, 1064], [1063, 1076]]}, "": {"executed_lines": [7, 8, 9, 10, 11, 13, 14, 17, 20, 23, 30, 36, 59, 72, 94, 109, 117, 124, 194, 268, 269, 321, 322, 407, 426, 447, 468, 489, 514, 542, 559, 610, 635, 666, 695, 735, 763, 793, 824, 853, 897, 898, 982, 983], "summary": {"covered_lines": 44, "num_statements": 44, "percent_covered": 100.0, "percent_covered_display": "100", "missing_lines": 0, "excluded_lines": 0, "percent_statements_covered": 100.0, "percent_statements_covered_display": "100", "num_branches": 0, "num_partial_branches": 0, "covered_branches": 0, "missing_branches": 0, "percent_branches_covered": 100.0, "percent_branches_covered_display": "100"}, "missing_lines": [], "excluded_lines": [], "start_line": 1, "executed_branches": [], "missing_branches": []}}, "classes": {"ConnectionManager": {"executed_lines": [32, 34], "summary": {"covered_lines": 2, "num_statements": 37, "percent_covered": 3.1746031746031744, "percent_covered_display": "3", "missing_lines": 35, "excluded_lines": 0, "percent_statements_covered": 5.405405405405405, "percent_statements_covered_display": "5", "num_branches": 26, "num_partial_branches": 0, "covered_branches": 0, "missing_branches": 26, "percent_branches_covered": 0.0, "percent_branches_covered_display": "0"}, "missing_lines": [49, 50, 52, 53, 54, 55, 57, 65, 66, 67, 68, 70, 78, 79, 81, 83, 84, 85, 86, 87, 88, 91, 92, 96, 98, 99, 100, 101, 102, 103, 106, 107, 111, 112, 113], "excluded_lines": [], "start_line": 23, "executed_branches": [], "missing_branches": [[49, 50], [49, 52], [52, 53], [52, 57], [53, 54], [53, 55], [65, 66], [65, 70], [67, -59], [67, 68], [78, 79], [78, 81], [83, 84], [83, 91], [85, 83], [85, 86], [91, -72], [91, 92], [98, 99], [98, 106], [100, 98], [100, 101], [106, -94], [106, 107], [111, 112], [111, 113]]}, "": {"executed_lines": [7, 8, 9, 10, 11, 13, 14, 17, 20, 23, 30, 36, 59, 72, 94, 109, 117, 124, 194, 268, 269, 321, 322, 407, 426, 447, 468, 489, 514, 542, 559, 610, 635, 666, 695, 735, 763, 793, 824, 853, 897, 898, 982, 983], "summary": {"covered_lines": 44, "num_statements": 277, "percent_covered": 13.293051359516616, "percent_covered_display": "13", "missing_lines": 233, "excluded_lines": 0, "percent_statements_covered": 15.884476534296029, "percent_statements_covered_display": "16", "num_branches": 54, "num_partial_branches": 0, "covered_branches": 0, "missing_branches": 54, "percent_branches_covered": 0.0, "percent_branches_covered_display": "0"}, "missing_lines": [135, 137, 138, 142, 143, 144, 145, 146, 147, 148, 152, 153, 154, 155, 156, 159, 160, 161, 164, 166, 167, 168, 169, 172, 173, 174, 175, 176, 177, 180, 186, 187, 189, 190, 191, 213, 214, 216, 218, 222, 223, 224, 225, 227, 228, 229, 230, 231, 234, 236, 237, 238, 244, 245, 246, 247, 249, 251, 252, 253, 259, 260, 261, 262, 264, 265, 280, 281, 282, 285, 287, 289, 297, 299, 302, 303, 305, 306, 311, 312, 317, 318, 349, 350, 351, 358, 360, 362, 371, 372, 374, 375, 377, 378, 384, 386, 387, 393, 394, 399, 400, 414, 434, 455, 476, 494, 504, 520, 531, 547, 578, 597, 622, 648, 683, 714, 715, 717, 718, 729, 730, 732, 746, 747, 749, 750, 759, 760, 775, 776, 778, 779, 789, 790, 805, 806, 808, 809, 820, 821, 835, 836, 838, 839, 849, 850, 866, 867, 869, 871, 872, 874, 875, 876, 877, 885, 886, 887, 888, 889, 890, 912, 913, 914, 916, 918, 920, 921, 924, 932, 933, 935, 941, 942, 943, 946, 947, 948, 949, 950, 959, 962, 965, 967, 968, 969, 971, 976, 978, 979, 995, 997, 999, 1000, 1003, 1010, 1012, 1013, 1014, 1015, 1018, 1019, 1020, 1021, 1024, 1025, 1026, 1037, 1038, 1039, 1040, 1041, 1042, 1043, 1044, 1045, 1047, 1050, 1051, 1058, 1063, 1064, 1065, 1076, 1079, 1082, 1084, 1085, 1086, 1087, 1092, 1094, 1095], "excluded_lines": [], "start_line": 1, "executed_branches": [], "missing_branches": [[143, 144], [143, 152], [144, 143], [144, 145], [152, 153], [152, 159], [154, 155], [154, 159], [159, 160], [159, 164], [167, 168], [167, 172], [173, 174], [173, 180], [175, 176], [175, 180], [223, 224], [223, 227], [234, 236], [234, 249], [249, 251], [249, 264], [281, 282], [281, 285], [305, 297], [305, 306], [350, 351], [350, 358], [377, 378], [377, 384], [384, 371], [384, 386], [875, -853], [875, 876], [941, 942], [941, 946], [946, 947], [946, 962], [948, 949], [948, 959], [1018, 1019], [1018, 1050], [1025, 1018], [1025, 1026], [1037, 1038], [1037, 1040], [1040, 1041], [1040, 1043], [1043, 1044], [1043, 1047], [1050, 1051], [1050, 1058], [1063, 1064], [1063, 1076]]}}}, "src/api/workflow_routes.py": {"executed_lines": [6, 7, 8, 10, 11, 13, 15, 21, 32, 66, 73, 75, 76, 81, 88, 92, 96, 102, 106, 110, 116, 118, 119, 120, 121, 124, 125, 128, 129, 130, 131, 134, 135, 138, 139, 142, 143, 146, 148, 149, 150, 151, 152, 153, 154, 155, 156, 159, 161, 162, 163, 164, 165, 168, 170, 171, 172, 175, 177, 178, 179, 180, 187, 193, 263, 268, 306, 311, 345, 349, 366, 370, 387, 391, 412, 417, 460, 465, 486, 491, 508, 513, 544, 548], "summary": {"covered_lines": 84, "num_statements": 154, "percent_covered": 46.666666666666664, "percent_covered_display": "47", "missing_lines": 70, "excluded_lines": 0, "percent_statements_covered": 54.54545454545455, "percent_statements_covered_display": "55", "num_branches": 26, "num_partial_branches": 0, "covered_branches": 0, "missing_branches": 26, "percent_branches_covered": 0.0, "percent_branches_covered_display": "0"}, "missing_lines": [39, 41, 44, 45, 46, 48, 49, 54, 59, 213, 214, 215, 222, 228, 229, 237, 256, 257, 274, 276, 277, 283, 284, 286, 317, 319, 320, 325, 327, 328, 329, 330, 342, 355, 357, 358, 363, 376, 378, 379, 384, 397, 399, 400, 405, 433, 436, 437, 438, 439, 440, 441, 446, 448, 467, 469, 471, 472, 477, 503, 504, 505, 519, 522, 529, 550, 559, 571, 572, 574], "excluded_lines": [], "executed_branches": [], "missing_branches": [[41, 44], [41, 59], [48, 49], [48, 54], [214, 215], [214, 222], [276, 277], [276, 283], [319, 320], [319, 325], [328, 329], [328, 342], [329, 328], [329, 330], [357, 358], [357, 363], [378, 379], [378, 384], [399, 400], [399, 405], [437, 438], [437, 446], [471, 472], [471, 477], [571, 572], [571, 574]], "functions": {"get_orchestrator": {"executed_lines": [], "summary": {"covered_lines": 0, "num_statements": 9, "percent_covered": 0.0, "percent_covered_display": "0", "missing_lines": 9, "excluded_lines": 0, "percent_statements_covered": 0.0, "percent_statements_covered_display": "0", "num_branches": 4, "num_partial_branches": 0, "covered_branches": 0, "missing_branches": 4, "percent_branches_covered": 0.0, "percent_branches_covered_display": "0"}, "missing_lines": [39, 41, 44, 45, 46, 48, 49, 54, 59], "excluded_lines": [], "start_line": 32, "executed_branches": [], "missing_branches": [[41, 44], [41, 59], [48, 49], [48, 54]]}, "start_workflow": {"executed_lines": [], "summary": {"covered_lines": 0, "num_statements": 9, "percent_covered": 0.0, "percent_covered_display": "0", "missing_lines": 9, "excluded_lines": 0, "percent_statements_covered": 0.0, "percent_statements_covered_display": "0", "num_branches": 2, "num_partial_branches": 0, "covered_branches": 0, "missing_branches": 2, "percent_branches_covered": 0.0, "percent_branches_covered_display": "0"}, "missing_lines": [213, 214, 215, 222, 228, 229, 237, 256, 257], "excluded_lines": [], "start_line": 193, "executed_branches": [], "missing_branches": [[214, 215], [214, 222]]}, "get_workflow_status": {"executed_lines": [], "summary": {"covered_lines": 0, "num_statements": 6, "percent_covered": 0.0, "percent_covered_display": "0", "missing_lines": 6, "excluded_lines": 0, "percent_statements_covered": 0.0, "percent_statements_covered_display": "0", "num_branches": 2, "num_partial_branches": 0, "covered_branches": 0, "missing_branches": 2, "percent_branches_covered": 0.0, "percent_branches_covered_display": "0"}, "missing_lines": [274, 276, 277, 283, 284, 286], "excluded_lines": [], "start_line": 268, "executed_branches": [], "missing_branches": [[276, 277], [276, 283]]}, "get_workflow_phases": {"executed_lines": [], "summary": {"covered_lines": 0, "num_statements": 9, "percent_covered": 0.0, "percent_covered_display": "0", "missing_lines": 9, "excluded_lines": 0, "percent_statements_covered": 0.0, "percent_statements_covered_display": "0", "num_branches": 6, "num_partial_branches": 0, "covered_branches": 0, "missing_branches": 6, "percent_branches_covered": 0.0, "percent_branches_covered_display": "0"}, "missing_lines": [317, 319, 320, 325, 327, 328, 329, 330, 342], "excluded_lines": [], "start_line": 311, "executed_branches": [], "missing_branches": [[319, 320], [319, 325], [328, 329], [328, 342], [329, 328], [329, 330]]}, "pause_workflow": {"executed_lines": [], "summary": {"covered_lines": 0, "num_statements": 4, "percent_covered": 0.0, "percent_covered_display": "0", "missing_lines": 4, "excluded_lines": 0, "percent_statements_covered": 0.0, "percent_statements_covered_display": "0", "num_branches": 2, "num_partial_branches": 0, "covered_branches": 0, "missing_branches": 2, "percent_branches_covered": 0.0, "percent_branches_covered_display": "0"}, "missing_lines": [355, 357, 358, 363], "excluded_lines": [], "start_line": 349, "executed_branches": [], "missing_branches": [[357, 358], [357, 363]]}, "resume_workflow": {"executed_lines": [], "summary": {"covered_lines": 0, "num_statements": 4, "percent_covered": 0.0, "percent_covered_display": "0", "missing_lines": 4, "excluded_lines": 0, "percent_statements_covered": 0.0, "percent_statements_covered_display": "0", "num_branches": 2, "num_partial_branches": 0, "covered_branches": 0, "missing_branches": 2, "percent_branches_covered": 0.0, "percent_branches_covered_display": "0"}, "missing_lines": [376, 378, 379, 384], "excluded_lines": [], "start_line": 370, "executed_branches": [], "missing_branches": [[378, 379], [378, 384]]}, "stop_workflow": {"executed_lines": [], "summary": {"covered_lines": 0, "num_statements": 4, "percent_covered": 0.0, "percent_covered_display": "0", "missing_lines": 4, "excluded_lines": 0, "percent_statements_covered": 0.0, "percent_statements_covered_display": "0", "num_branches": 2, "num_partial_branches": 0, "covered_branches": 0, "missing_branches": 2, "percent_branches_covered": 0.0, "percent_branches_covered_display": "0"}, "missing_lines": [397, 399, 400, 405], "excluded_lines": [], "start_line": 391, "executed_branches": [], "missing_branches": [[399, 400], [399, 405]]}, "list_tools": {"executed_lines": [], "summary": {"covered_lines": 0, "num_statements": 9, "percent_covered": 0.0, "percent_covered_display": "0", "missing_lines": 9, "excluded_lines": 0, "percent_statements_covered": 0.0, "percent_statements_covered_display": "0", "num_branches": 2, "num_partial_branches": 0, "covered_branches": 0, "missing_branches": 2, "percent_branches_covered": 0.0, "percent_branches_covered_display": "0"}, "missing_lines": [433, 436, 437, 438, 439, 440, 441, 446, 448], "excluded_lines": [], "start_line": 417, "executed_branches": [], "missing_branches": [[437, 438], [437, 446]]}, "get_tool_info": {"executed_lines": [], "summary": {"covered_lines": 0, "num_statements": 5, "percent_covered": 0.0, "percent_covered_display": "0", "missing_lines": 5, "excluded_lines": 0, "percent_statements_covered": 0.0, "percent_statements_covered_display": "0", "num_branches": 2, "num_partial_branches": 0, "covered_branches": 0, "missing_branches": 2, "percent_branches_covered": 0.0, "percent_branches_covered_display": "0"}, "missing_lines": [467, 469, 471, 472, 477], "excluded_lines": [], "start_line": 465, "executed_branches": [], "missing_branches": [[471, 472], [471, 477]]}, "get_tools_for_goal": {"executed_lines": [], "summary": {"covered_lines": 0, "num_statements": 3, "percent_covered": 0.0, "percent_covered_display": "0", "missing_lines": 3, "excluded_lines": 0, "percent_statements_covered": 0.0, "percent_statements_covered_display": "0", "num_branches": 0, "num_partial_branches": 0, "covered_branches": 0, "missing_branches": 0, "percent_branches_covered": 100.0, "percent_branches_covered_display": "100"}, "missing_lines": [503, 504, 505], "excluded_lines": [], "start_line": 491, "executed_branches": [], "missing_branches": []}, "install_tools": {"executed_lines": [], "summary": {"covered_lines": 0, "num_statements": 3, "percent_covered": 0.0, "percent_covered_display": "0", "missing_lines": 3, "excluded_lines": 0, "percent_statements_covered": 0.0, "percent_statements_covered_display": "0", "num_branches": 0, "num_partial_branches": 0, "covered_branches": 0, "missing_branches": 0, "percent_branches_covered": 100.0, "percent_branches_covered_display": "100"}, "missing_lines": [519, 522, 529], "excluded_lines": [], "start_line": 513, "executed_branches": [], "missing_branches": []}, "list_workflow_phases": {"executed_lines": [], "summary": {"covered_lines": 0, "num_statements": 5, "percent_covered": 0.0, "percent_covered_display": "0", "missing_lines": 5, "excluded_lines": 0, "percent_statements_covered": 0.0, "percent_statements_covered_display": "0", "num_branches": 2, "num_partial_branches": 0, "covered_branches": 0, "missing_branches": 2, "percent_branches_covered": 0.0, "percent_branches_covered_display": "0"}, "missing_lines": [550, 559, 571, 572, 574], "excluded_lines": [], "start_line": 548, "executed_branches": [], "missing_branches": [[571, 572], [571, 574]]}, "": {"executed_lines": [6, 7, 8, 10, 11, 13, 15, 21, 32, 66, 73, 75, 76, 81, 88, 92, 96, 102, 106, 110, 116, 118, 119, 120, 121, 124, 125, 128, 129, 130, 131, 134, 135, 138, 139, 142, 143, 146, 148, 149, 150, 151, 152, 153, 154, 155, 156, 159, 161, 162, 163, 164, 165, 168, 170, 171, 172, 175, 177, 178, 179, 180, 187, 193, 263, 268, 306, 311, 345, 349, 366, 370, 387, 391, 412, 417, 460, 465, 486, 491, 508, 513, 544, 548], "summary": {"covered_lines": 84, "num_statements": 84, "percent_covered": 100.0, "percent_covered_display": "100", "missing_lines": 0, "excluded_lines": 0, "percent_statements_covered": 100.0, "percent_statements_covered_display": "100", "num_branches": 0, "num_partial_branches": 0, "covered_branches": 0, "missing_branches": 0, "percent_branches_covered": 100.0, "percent_branches_covered_display": "100"}, "missing_lines": [], "excluded_lines": [], "start_line": 1, "executed_branches": [], "missing_branches": []}}, "classes": {"WorkflowStartRequest": {"executed_lines": [], "summary": {"covered_lines": 0, "num_statements": 0, "percent_covered": 100.0, "percent_covered_display": "100", "missing_lines": 0, "excluded_lines": 0, "percent_statements_covered": 100.0, "percent_statements_covered_display": "100", "num_branches": 0, "num_partial_branches": 0, "covered_branches": 0, "missing_branches": 0, "percent_branches_covered": 100.0, "percent_branches_covered_display": "100"}, "missing_lines": [], "excluded_lines": [], "start_line": 73, "executed_branches": [], "missing_branches": []}, "WorkflowStatusResponse": {"executed_lines": [], "summary": {"covered_lines": 0, "num_statements": 0, "percent_covered": 100.0, "percent_covered_display": "100", "missing_lines": 0, "excluded_lines": 0, "percent_statements_covered": 100.0, "percent_statements_covered_display": "100", "num_branches": 0, "num_partial_branches": 0, "covered_branches": 0, "missing_branches": 0, "percent_branches_covered": 100.0, "percent_branches_covered_display": "100"}, "missing_lines": [], "excluded_lines": [], "start_line": 116, "executed_branches": [], "missing_branches": []}, "PhaseResultResponse": {"executed_lines": [], "summary": {"covered_lines": 0, "num_statements": 0, "percent_covered": 100.0, "percent_covered_display": "100", "missing_lines": 0, "excluded_lines": 0, "percent_statements_covered": 100.0, "percent_statements_covered_display": "100", "num_branches": 0, "num_partial_branches": 0, "covered_branches": 0, "missing_branches": 0, "percent_branches_covered": 100.0, "percent_branches_covered_display": "100"}, "missing_lines": [], "excluded_lines": [], "start_line": 146, "executed_branches": [], "missing_branches": []}, "ToolInfoResponse": {"executed_lines": [], "summary": {"covered_lines": 0, "num_statements": 0, "percent_covered": 100.0, "percent_covered_display": "100", "missing_lines": 0, "excluded_lines": 0, "percent_statements_covered": 100.0, "percent_statements_covered_display": "100", "num_branches": 0, "num_partial_branches": 0, "covered_branches": 0, "missing_branches": 0, "percent_branches_covered": 100.0, "percent_branches_covered_display": "100"}, "missing_lines": [], "excluded_lines": [], "start_line": 159, "executed_branches": [], "missing_branches": []}, "ToolInstallRequest": {"executed_lines": [], "summary": {"covered_lines": 0, "num_statements": 0, "percent_covered": 100.0, "percent_covered_display": "100", "missing_lines": 0, "excluded_lines": 0, "percent_statements_covered": 100.0, "percent_statements_covered_display": "100", "num_branches": 0, "num_partial_branches": 0, "covered_branches": 0, "missing_branches": 0, "percent_branches_covered": 100.0, "percent_branches_covered_display": "100"}, "missing_lines": [], "excluded_lines": [], "start_line": 168, "executed_branches": [], "missing_branches": []}, "ToolInstallResultResponse": {"executed_lines": [], "summary": {"covered_lines": 0, "num_statements": 0, "percent_covered": 100.0, "percent_covered_display": "100", "missing_lines": 0, "excluded_lines": 0, "percent_statements_covered": 100.0, "percent_statements_covered_display": "100", "num_branches": 0, "num_partial_branches": 0, "covered_branches": 0, "missing_branches": 0, "percent_branches_covered": 100.0, "percent_branches_covered_display": "100"}, "missing_lines": [], "excluded_lines": [], "start_line": 175, "executed_branches": [], "missing_branches": []}, "": {"executed_lines": [6, 7, 8, 10, 11, 13, 15, 21, 32, 66, 73, 75, 76, 81, 88, 92, 96, 102, 106, 110, 116, 118, 119, 120, 121, 124, 125, 128, 129, 130, 131, 134, 135, 138, 139, 142, 143, 146, 148, 149, 150, 151, 152, 153, 154, 155, 156, 159, 161, 162, 163, 164, 165, 168, 170, 171, 172, 175, 177, 178, 179, 180, 187, 193, 263, 268, 306, 311, 345, 349, 366, 370, 387, 391, 412, 417, 460, 465, 486, 491, 508, 513, 544, 548], "summary": {"covered_lines": 84, "num_statements": 154, "percent_covered": 46.666666666666664, "percent_covered_display": "47", "missing_lines": 70, "excluded_lines": 0, "percent_statements_covered": 54.54545454545455, "percent_statements_covered_display": "55", "num_branches": 26, "num_partial_branches": 0, "covered_branches": 0, "missing_branches": 26, "percent_branches_covered": 0.0, "percent_branches_covered_display": "0"}, "missing_lines": [39, 41, 44, 45, 46, 48, 49, 54, 59, 213, 214, 215, 222, 228, 229, 237, 256, 257, 274, 276, 277, 283, 284, 286, 317, 319, 320, 325, 327, 328, 329, 330, 342, 355, 357, 358, 363, 376, 378, 379, 384, 397, 399, 400, 405, 433, 436, 437, 438, 439, 440, 441, 446, 448, 467, 469, 471, 472, 477, 503, 504, 505, 519, 522, 529, 550, 559, 571, 572, 574], "excluded_lines": [], "start_line": 1, "executed_branches": [], "missing_branches": [[41, 44], [41, 59], [48, 49], [48, 54], [214, 215], [214, 222], [276, 277], [276, 283], [319, 320], [319, 325], [328, 329], [328, 342], [329, 328], [329, 330], [357, 358], [357, 363], [378, 379], [378, 384], [399, 400], [399, 405], [437, 438], [437, 446], [471, 472], [471, 477], [571, 572], [571, 574]]}}}}, "totals": {"covered_lines": 1201, "num_statements": 3822, "percent_covered": 26.16557734204793, "percent_covered_display": "26", "missing_lines": 2621, "excluded_lines": 0, "percent_statements_covered": 31.42333856619571, "percent_statements_covered_display": "31", "num_branches": 768, "num_partial_branches": 0, "covered_branches": 0, "missing_branches": 768, "percent_branches_covered": 0.0, "percent_branches_covered_display": "0"}}