============================= test session starts ==============================
platform linux -- Python 3.12.3, pytest-9.0.2, pluggy-1.6.0 -- /usr/bin/python3
cachedir: .pytest_cache
rootdir: /root/RAGLOX_V3/webapp
configfile: pytest.ini (WARNING: ignoring pytest config in pyproject.toml!)
plugins: anyio-4.12.0, cov-7.0.0, langsmith-0.5.2, asyncio-1.3.0
asyncio: mode=Mode.AUTO, debug=False, asyncio_default_fixture_loop_scope=function, asyncio_default_test_loop_scope=function
collecting ... collected 116 items

tests/api_suite/test_approvals.py::TestMissionApprovals::test_list_pending_approvals_success ERROR [  0%]
tests/api_suite/test_approvals.py::TestMissionApprovals::test_list_pending_approvals_empty ERROR [  1%]
tests/api_suite/test_approvals.py::TestMissionApprovals::test_list_pending_approvals_not_found FAILED [  2%]
tests/api_suite/test_approvals.py::TestMissionApprovals::test_approve_action_success ERROR [  3%]
tests/api_suite/test_approvals.py::TestMissionApprovals::test_approve_action_not_found ERROR [  4%]
tests/api_suite/test_approvals.py::TestMissionApprovals::test_approve_action_mission_not_found FAILED [  5%]
tests/api_suite/test_approvals.py::TestMissionApprovals::test_reject_action_success ERROR [  6%]
tests/api_suite/test_approvals.py::TestMissionApprovals::test_reject_action_not_found ERROR [  6%]
tests/api_suite/test_approvals.py::TestMissionApprovals::test_reject_action_mission_not_found FAILED [  7%]
tests/api_suite/test_approvals.py::TestMissionApprovals::test_approve_action_validation_error ERROR [  8%]
tests/api_suite/test_approvals.py::TestMissionApprovals::test_reject_action_validation_error ERROR [  9%]
tests/api_suite/test_approvals.py::TestApprovalWorkflow::test_approval_workflow ERROR [ 10%]
tests/api_suite/test_chat.py::TestMissionChat::test_send_chat_message_success ERROR [ 11%]
tests/api_suite/test_chat.py::TestMissionChat::test_send_chat_message_with_related_ids ERROR [ 12%]
tests/api_suite/test_chat.py::TestMissionChat::test_send_chat_message_validation_error ERROR [ 12%]
tests/api_suite/test_chat.py::TestMissionChat::test_send_chat_message_mission_not_found FAILED [ 13%]
tests/api_suite/test_chat.py::TestMissionChat::test_get_chat_history_success ERROR [ 14%]
tests/api_suite/test_chat.py::TestMissionChat::test_get_chat_history_with_limit ERROR [ 15%]
tests/api_suite/test_chat.py::TestMissionChat::test_get_chat_history_validation_error ERROR [ 16%]
tests/api_suite/test_chat.py::TestMissionChat::test_get_chat_history_mission_not_found FAILED [ 17%]
tests/api_suite/test_chat.py::TestChatWorkflow::test_chat_interaction_workflow ERROR [ 18%]
tests/api_suite/test_general.py::TestRootEndpoint::test_root_get_success FAILED [ 18%]
tests/api_suite/test_general.py::TestHealthEndpoint::test_health_check_success 