<?xml version="1.0" encoding="utf-8"?><testsuites name="pytest tests"><testsuite name="pytest" errors="0" failures="16" skipped="0" tests="116" time="1.194" timestamp="2026-01-03T15:59:40.244668+00:00" hostname="newins"><testcase classname="tests.api_suite.test_approvals.TestMissionApprovals" name="test_list_pending_approvals_success" time="0.072" /><testcase classname="tests.api_suite.test_approvals.TestMissionApprovals" name="test_list_pending_approvals_empty" time="0.005" /><testcase classname="tests.api_suite.test_approvals.TestMissionApprovals" name="test_list_pending_approvals_not_found" time="0.001" /><testcase classname="tests.api_suite.test_approvals.TestMissionApprovals" name="test_approve_action_success" time="0.006" /><testcase classname="tests.api_suite.test_approvals.TestMissionApprovals" name="test_approve_action_not_found" time="0.007" /><testcase classname="tests.api_suite.test_approvals.TestMissionApprovals" name="test_approve_action_mission_not_found" time="0.001" /><testcase classname="tests.api_suite.test_approvals.TestMissionApprovals" name="test_reject_action_success" time="0.004"><failure message="assert 400 in [200, 404]&#10; +  where 400 = &lt;Response [400 Bad Request]&gt;.status_code">tests/api_suite/test_approvals.py:82: in test_reject_action_success
    assert response.status_code in [200, 404]
E   assert 400 in [200, 404]
E    +  where 400 = &lt;Response [400 Bad Request]&gt;.status_code</failure></testcase><testcase classname="tests.api_suite.test_approvals.TestMissionApprovals" name="test_reject_action_not_found" time="0.004"><failure message="assert 400 == 404&#10; +  where 400 = &lt;Response [400 Bad Request]&gt;.status_code">tests/api_suite/test_approvals.py:97: in test_reject_action_not_found
    assert response.status_code == 404
E   assert 400 == 404
E    +  where 400 = &lt;Response [400 Bad Request]&gt;.status_code</failure></testcase><testcase classname="tests.api_suite.test_approvals.TestMissionApprovals" name="test_reject_action_mission_not_found" time="0.003"><failure message="assert 400 == 404&#10; +  where 400 = &lt;Response [400 Bad Request]&gt;.status_code">tests/api_suite/test_approvals.py:103: in test_reject_action_mission_not_found
    assert response.status_code == 404
E   assert 400 == 404
E    +  where 400 = &lt;Response [400 Bad Request]&gt;.status_code</failure></testcase><testcase classname="tests.api_suite.test_approvals.TestMissionApprovals" name="test_approve_action_validation_error" time="0.004" /><testcase classname="tests.api_suite.test_approvals.TestMissionApprovals" name="test_reject_action_validation_error" time="0.004"><failure message="assert 400 in [404, 422]&#10; +  where 400 = &lt;Response [400 Bad Request]&gt;.status_code">tests/api_suite/test_approvals.py:127: in test_reject_action_validation_error
    assert response.status_code in [404, 422]
E   assert 400 in [404, 422]
E    +  where 400 = &lt;Response [400 Bad Request]&gt;.status_code</failure></testcase><testcase classname="tests.api_suite.test_approvals.TestApprovalWorkflow" name="test_approval_workflow" time="0.019" /><testcase classname="tests.api_suite.test_chat.TestMissionChat" name="test_send_chat_message_success" time="0.009" /><testcase classname="tests.api_suite.test_chat.TestMissionChat" name="test_send_chat_message_with_related_ids" time="0.010" /><testcase classname="tests.api_suite.test_chat.TestMissionChat" name="test_send_chat_message_validation_error" time="0.012" /><testcase classname="tests.api_suite.test_chat.TestMissionChat" name="test_send_chat_message_mission_not_found" time="0.008"><failure message="assert 200 == 404&#10; +  where 200 = &lt;Response [200 OK]&gt;.status_code">tests/api_suite/test_chat.py:71: in test_send_chat_message_mission_not_found
    assert response.status_code == 404
E   assert 200 == 404
E    +  where 200 = &lt;Response [200 OK]&gt;.status_code</failure></testcase><testcase classname="tests.api_suite.test_chat.TestMissionChat" name="test_get_chat_history_success" time="0.007" /><testcase classname="tests.api_suite.test_chat.TestMissionChat" name="test_get_chat_history_with_limit" time="0.011" /><testcase classname="tests.api_suite.test_chat.TestMissionChat" name="test_get_chat_history_validation_error" time="0.010"><failure message="assert 200 == 422&#10; +  where 200 = &lt;Response [200 OK]&gt;.status_code">tests/api_suite/test_chat.py:105: in test_get_chat_history_validation_error
    assert response.status_code == 422
E   assert 200 == 422
E    +  where 200 = &lt;Response [200 OK]&gt;.status_code</failure></testcase><testcase classname="tests.api_suite.test_chat.TestMissionChat" name="test_get_chat_history_mission_not_found" time="0.002"><failure message="assert 200 == 404&#10; +  where 200 = &lt;Response [200 OK]&gt;.status_code">tests/api_suite/test_chat.py:114: in test_get_chat_history_mission_not_found
    assert response.status_code == 404
E   assert 200 == 404
E    +  where 200 = &lt;Response [200 OK]&gt;.status_code</failure></testcase><testcase classname="tests.api_suite.test_chat.TestChatWorkflow" name="test_chat_interaction_workflow" time="0.088" /><testcase classname="tests.api_suite.test_general.TestRootEndpoint" name="test_root_get_success" time="0.003" /><testcase classname="tests.api_suite.test_general.TestHealthEndpoint" name="test_health_check_success" time="0.003" /><testcase classname="tests.api_suite.test_knowledge.TestKnowledgeStats" name="test_get_knowledge_stats_success" time="0.014" /><testcase classname="tests.api_suite.test_knowledge.TestKnowledgeTechniques" name="test_list_techniques_success" time="0.003" /><testcase classname="tests.api_suite.test_knowledge.TestKnowledgeTechniques" name="test_list_techniques_with_filters" time="0.005" /><testcase classname="tests.api_suite.test_knowledge.TestKnowledgeTechniques" name="test_list_techniques_validation_error" time="0.008" /><testcase classname="tests.api_suite.test_knowledge.TestKnowledgeTechniques" name="test_get_technique_success" time="0.004" /><testcase classname="tests.api_suite.test_knowledge.TestKnowledgeTechniques" name="test_get_technique_not_found" time="0.002" /><testcase classname="tests.api_suite.test_knowledge.TestKnowledgeTechniques" name="test_get_technique_modules_success" time="0.002" /><testcase classname="tests.api_suite.test_knowledge.TestKnowledgeTechniques" name="test_get_technique_modules_with_platform_filter" time="0.002" /><testcase classname="tests.api_suite.test_knowledge.TestKnowledgeModules" name="test_list_modules_success" time="0.007" /><testcase classname="tests.api_suite.test_knowledge.TestKnowledgeModules" name="test_list_modules_with_filters" time="0.005" /><testcase classname="tests.api_suite.test_knowledge.TestKnowledgeModules" name="test_list_modules_validation_error" time="0.004" /><testcase classname="tests.api_suite.test_knowledge.TestKnowledgeModules" name="test_get_module_success" time="0.003" /><testcase classname="tests.api_suite.test_knowledge.TestKnowledgeModules" name="test_get_module_not_found" time="0.003" /><testcase classname="tests.api_suite.test_knowledge.TestKnowledgeTactics" name="test_list_tactics_success" time="0.003" /><testcase classname="tests.api_suite.test_knowledge.TestKnowledgeTactics" name="test_get_tactic_techniques_success" time="0.001" /><testcase classname="tests.api_suite.test_knowledge.TestKnowledgeTactics" name="test_get_tactic_techniques_not_found" time="0.003" /><testcase classname="tests.api_suite.test_knowledge.TestKnowledgePlatforms" name="test_list_platforms_success" time="0.002" /><testcase classname="tests.api_suite.test_knowledge.TestKnowledgePlatforms" name="test_get_platform_modules_success" time="0.006" /><testcase classname="tests.api_suite.test_knowledge.TestKnowledgePlatforms" name="test_get_platform_modules_with_limit" time="0.002" /><testcase classname="tests.api_suite.test_knowledge.TestKnowledgePlatforms" name="test_get_platform_modules_validation_error" time="0.006" /><testcase classname="tests.api_suite.test_knowledge.TestKnowledgeSearch" name="test_search_modules_get_success" time="0.004" /><testcase classname="tests.api_suite.test_knowledge.TestKnowledgeSearch" name="test_search_modules_get_with_filters" time="0.008" /><testcase classname="tests.api_suite.test_knowledge.TestKnowledgeSearch" name="test_search_modules_get_validation_error" time="0.010" /><testcase classname="tests.api_suite.test_knowledge.TestKnowledgeSearch" name="test_search_modules_post_success" time="0.006" /><testcase classname="tests.api_suite.test_knowledge.TestKnowledgeSearch" name="test_search_modules_post_validation_error" time="0.008" /><testcase classname="tests.api_suite.test_knowledge.TestKnowledgeSearch" name="test_get_best_module_for_task_success" time="0.005" /><testcase classname="tests.api_suite.test_knowledge.TestSpecializedModules" name="test_get_exploit_modules_success" time="0.005" /><testcase classname="tests.api_suite.test_knowledge.TestSpecializedModules" name="test_get_exploit_modules_with_filters" time="0.006" /><testcase classname="tests.api_suite.test_knowledge.TestSpecializedModules" name="test_get_recon_modules_success" time="0.007" /><testcase classname="tests.api_suite.test_knowledge.TestSpecializedModules" name="test_get_credential_modules_success" time="0.002" /><testcase classname="tests.api_suite.test_knowledge.TestSpecializedModules" name="test_get_privesc_modules_success" time="0.003" /><testcase classname="tests.api_suite.test_mission_data.TestMissionTargets" name="test_list_targets_success" time="0.024" /><testcase classname="tests.api_suite.test_mission_data.TestMissionTargets" name="test_list_targets_empty" time="0.015" /><testcase classname="tests.api_suite.test_mission_data.TestMissionTargets" name="test_list_targets_not_found" time="0.003"><failure message="assert 200 == 404&#10; +  where 200 = &lt;Response [200 OK]&gt;.status_code">tests/api_suite/test_mission_data.py:42: in test_list_targets_not_found
    assert response.status_code == 404
E   assert 200 == 404
E    +  where 200 = &lt;Response [200 OK]&gt;.status_code</failure></testcase><testcase classname="tests.api_suite.test_mission_data.TestMissionTargets" name="test_get_target_success" time="0.006" /><testcase classname="tests.api_suite.test_mission_data.TestMissionTargets" name="test_get_target_not_found" time="0.006" /><testcase classname="tests.api_suite.test_mission_data.TestMissionTargets" name="test_get_target_mission_not_found" time="0.002" /><testcase classname="tests.api_suite.test_mission_data.TestMissionVulnerabilities" name="test_list_vulnerabilities_success" time="0.009" /><testcase classname="tests.api_suite.test_mission_data.TestMissionVulnerabilities" name="test_list_vulnerabilities_empty" time="0.005" /><testcase classname="tests.api_suite.test_mission_data.TestMissionVulnerabilities" name="test_list_vulnerabilities_not_found" time="0.004"><failure message="assert 200 == 404&#10; +  where 200 = &lt;Response [200 OK]&gt;.status_code">tests/api_suite/test_mission_data.py:105: in test_list_vulnerabilities_not_found
    assert response.status_code == 404
E   assert 200 == 404
E    +  where 200 = &lt;Response [200 OK]&gt;.status_code</failure></testcase><testcase classname="tests.api_suite.test_mission_data.TestMissionCredentials" name="test_list_credentials_success" time="0.005" /><testcase classname="tests.api_suite.test_mission_data.TestMissionCredentials" name="test_list_credentials_empty" time="0.008" /><testcase classname="tests.api_suite.test_mission_data.TestMissionCredentials" name="test_list_credentials_not_found" time="0.003"><failure message="assert 200 == 404&#10; +  where 200 = &lt;Response [200 OK]&gt;.status_code">tests/api_suite/test_mission_data.py:141: in test_list_credentials_not_found
    assert response.status_code == 404
E   assert 200 == 404
E    +  where 200 = &lt;Response [200 OK]&gt;.status_code</failure></testcase><testcase classname="tests.api_suite.test_mission_data.TestMissionSessions" name="test_list_sessions_success" time="0.007" /><testcase classname="tests.api_suite.test_mission_data.TestMissionSessions" name="test_list_sessions_empty" time="0.009" /><testcase classname="tests.api_suite.test_mission_data.TestMissionSessions" name="test_list_sessions_not_found" time="0.001"><failure message="assert 200 == 404&#10; +  where 200 = &lt;Response [200 OK]&gt;.status_code">tests/api_suite/test_mission_data.py:178: in test_list_sessions_not_found
    assert response.status_code == 404
E   assert 200 == 404
E    +  where 200 = &lt;Response [200 OK]&gt;.status_code</failure></testcase><testcase classname="tests.api_suite.test_mission_data.TestMissionStats" name="test_get_mission_stats_success" time="0.004" /><testcase classname="tests.api_suite.test_mission_data.TestMissionStats" name="test_get_mission_stats_not_found" time="0.003"><failure message="assert 200 == 404&#10; +  where 200 = &lt;Response [200 OK]&gt;.status_code">tests/api_suite/test_mission_data.py:199: in test_get_mission_stats_not_found
    assert response.status_code == 404
E   assert 200 == 404
E    +  where 200 = &lt;Response [200 OK]&gt;.status_code</failure></testcase><testcase classname="tests.api_suite.test_mission_data.TestMissionDataWorkflow" name="test_mission_data_polling_workflow" time="0.056" /><testcase classname="tests.api_suite.test_missions_lifecycle.TestMissionCRUD" name="test_list_missions_success" time="0.001" /><testcase classname="tests.api_suite.test_missions_lifecycle.TestMissionCRUD" name="test_create_mission_success" time="0.004" /><testcase classname="tests.api_suite.test_missions_lifecycle.TestMissionCRUD" name="test_create_mission_minimal_success" time="0.005" /><testcase classname="tests.api_suite.test_missions_lifecycle.TestMissionCRUD" name="test_create_mission_validation_error_missing_fields" time="0.005" /><testcase classname="tests.api_suite.test_missions_lifecycle.TestMissionCRUD" name="test_create_mission_validation_error_empty_scope" time="0.001" /><testcase classname="tests.api_suite.test_missions_lifecycle.TestMissionCRUD" name="test_create_mission_validation_error_empty_goals" time="0.001" /><testcase classname="tests.api_suite.test_missions_lifecycle.TestMissionCRUD" name="test_create_mission_validation_error_name_too_long" time="0.001" /><testcase classname="tests.api_suite.test_missions_lifecycle.TestMissionCRUD" name="test_get_mission_success" time="0.006" /><testcase classname="tests.api_suite.test_missions_lifecycle.TestMissionCRUD" name="test_get_mission_not_found" time="0.001" /><testcase classname="tests.api_suite.test_missions_lifecycle.TestMissionCRUD" name="test_get_mission_invalid_id" time="0.002"><failure message="assert 404 == 422&#10; +  where 404 = &lt;Response [404 Not Found]&gt;.status_code">tests/api_suite/test_missions_lifecycle.py:125: in test_get_mission_invalid_id
    assert response.status_code == 422
E   assert 404 == 422
E    +  where 404 = &lt;Response [404 Not Found]&gt;.status_code</failure></testcase><testcase classname="tests.api_suite.test_missions_lifecycle.TestMissionStateTransitions" name="test_start_mission_success" time="0.010" /><testcase classname="tests.api_suite.test_missions_lifecycle.TestMissionStateTransitions" name="test_start_mission_not_found" time="0.003" /><testcase classname="tests.api_suite.test_missions_lifecycle.TestMissionStateTransitions" name="test_pause_mission_success" time="0.018" /><testcase classname="tests.api_suite.test_missions_lifecycle.TestMissionStateTransitions" name="test_pause_mission_not_running" time="0.006" /><testcase classname="tests.api_suite.test_missions_lifecycle.TestMissionStateTransitions" name="test_resume_mission_success" time="0.017" /><testcase classname="tests.api_suite.test_missions_lifecycle.TestMissionStateTransitions" name="test_resume_mission_not_paused" time="0.016" /><testcase classname="tests.api_suite.test_missions_lifecycle.TestMissionStateTransitions" name="test_stop_mission_success" time="0.022"><failure message="assert 500 == 200&#10; +  where 500 = &lt;Response [500 Internal Server Error]&gt;.status_code">tests/api_suite/test_missions_lifecycle.py:184: in test_stop_mission_success
    assert response.status_code == 200
E   assert 500 == 200
E    +  where 500 = &lt;Response [500 Internal Server Error]&gt;.status_code</failure></testcase><testcase classname="tests.api_suite.test_missions_lifecycle.TestMissionStateTransitions" name="test_stop_mission_not_found" time="0.003"><failure message="assert 500 == 404&#10; +  where 500 = &lt;Response [500 Internal Server Error]&gt;.status_code">tests/api_suite/test_missions_lifecycle.py:193: in test_stop_mission_not_found
    assert response.status_code == 404
E   assert 500 == 404
E    +  where 500 = &lt;Response [500 Internal Server Error]&gt;.status_code</failure></testcase><testcase classname="tests.api_suite.test_missions_lifecycle.TestMissionWorkflow" name="test_complete_mission_lifecycle" time="0.035"><failure message="assert 500 == 200&#10; +  where 500 = &lt;Response [500 Internal Server Error]&gt;.status_code">tests/api_suite/test_missions_lifecycle.py:246: in test_complete_mission_lifecycle
    assert response.status_code == 200
E   assert 500 == 200
E    +  where 500 = &lt;Response [500 Internal Server Error]&gt;.status_code</failure></testcase><testcase classname="tests.api_suite.test_nuclei.TestNucleiTemplates" name="test_list_nuclei_templates_success" time="0.005" /><testcase classname="tests.api_suite.test_nuclei.TestNucleiTemplates" name="test_list_nuclei_templates_with_filters" time="0.007" /><testcase classname="tests.api_suite.test_nuclei.TestNucleiTemplates" name="test_list_nuclei_templates_validation_error" time="0.005" /><testcase classname="tests.api_suite.test_nuclei.TestNucleiTemplates" name="test_get_nuclei_template_success" time="0.002" /><testcase classname="tests.api_suite.test_nuclei.TestNucleiTemplates" name="test_get_nuclei_template_not_found" time="0.001" /><testcase classname="tests.api_suite.test_nuclei.TestNucleiTemplates" name="test_search_nuclei_templates_success" time="0.117" /><testcase classname="tests.api_suite.test_nuclei.TestNucleiTemplates" name="test_search_nuclei_templates_with_filters" time="0.011" /><testcase classname="tests.api_suite.test_nuclei.TestNucleiTemplates" name="test_search_nuclei_templates_validation_error" time="0.008" /><testcase classname="tests.api_suite.test_nuclei.TestNucleiTemplates" name="test_get_nuclei_template_by_cve_success" time="0.002" /><testcase classname="tests.api_suite.test_nuclei.TestNucleiTemplates" name="test_get_nuclei_template_by_cve_not_found" time="0.003" /><testcase classname="tests.api_suite.test_nuclei.TestNucleiTemplates" name="test_get_nuclei_templates_by_severity_success" time="0.004" /><testcase classname="tests.api_suite.test_nuclei.TestNucleiTemplates" name="test_get_nuclei_templates_by_severity_with_limit" time="0.002" /><testcase classname="tests.api_suite.test_nuclei.TestNucleiTemplates" name="test_get_nuclei_templates_by_severity_validation_error" time="0.005" /><testcase classname="tests.api_suite.test_nuclei.TestNucleiTemplates" name="test_get_critical_nuclei_templates_success" time="0.002" /><testcase classname="tests.api_suite.test_nuclei.TestNucleiTemplates" name="test_get_critical_nuclei_templates_with_limit" time="0.002" /><testcase classname="tests.api_suite.test_nuclei.TestNucleiTemplates" name="test_get_critical_nuclei_templates_validation_error" time="0.002" /><testcase classname="tests.api_suite.test_nuclei.TestNucleiTemplates" name="test_get_rce_nuclei_templates_success" time="0.002" /><testcase classname="tests.api_suite.test_nuclei.TestNucleiTemplates" name="test_get_rce_nuclei_templates_with_limit" time="0.002" /><testcase classname="tests.api_suite.test_nuclei.TestNucleiTemplates" name="test_get_rce_nuclei_templates_validation_error" time="0.005" /><testcase classname="tests.api_suite.test_nuclei.TestNucleiTemplates" name="test_get_sqli_nuclei_templates_success" time="0.002" /><testcase classname="tests.api_suite.test_nuclei.TestNucleiTemplates" name="test_get_sqli_nuclei_templates_with_limit" time="0.001" /><testcase classname="tests.api_suite.test_nuclei.TestNucleiTemplates" name="test_get_sqli_nuclei_templates_validation_error" time="0.002" /><testcase classname="tests.api_suite.test_nuclei.TestNucleiTemplates" name="test_get_xss_nuclei_templates_success" time="0.003" /><testcase classname="tests.api_suite.test_nuclei.TestNucleiTemplates" name="test_get_xss_nuclei_templates_with_limit" time="0.001" /><testcase classname="tests.api_suite.test_nuclei.TestNucleiTemplates" name="test_get_xss_nuclei_templates_validation_error" time="0.004" /></testsuite></testsuites>